OpenROAD 1 v2.0-880-gd1c7001ad
This program is licensed under the BSD-3 license. See the LICENSE file for details.
Components of this program may be licensed under more restrictive licenses which must be honored.
[INFO ODB-0222] Reading LEF file: ./platforms/sky130hd/lef/sky130_fd_sc_hd.tlef
[INFO ODB-0223]     Created 11 technology layers
[INFO ODB-0224]     Created 25 technology vias
[INFO ODB-0226] Finished LEF file:  ./platforms/sky130hd/lef/sky130_fd_sc_hd.tlef
[INFO ODB-0222] Reading LEF file: ./platforms/sky130hd/lef/sky130_fd_sc_hd_merged.lef
[INFO ODB-0225]     Created 437 library cells
[INFO ODB-0226] Finished LEF file:  ./platforms/sky130hd/lef/sky130_fd_sc_hd_merged.lef
[INFO ODB-0222] Reading LEF file: ./designs/sky130hd/tinyRocket/sram_1024x32.lef
[WARNING ODB-0176] error: undefined layer (OVERLAP) referenced
[INFO ODB-0225]     Created 1 library cells
[INFO ODB-0226] Finished LEF file:  ./designs/sky130hd/tinyRocket/sram_1024x32.lef
[INFO ODB-0222] Reading LEF file: ./designs/sky130hd/tinyRocket/sram_64x32.lef
[WARNING ODB-0176] error: undefined layer (OVERLAP) referenced
[INFO ODB-0225]     Created 1 library cells
[INFO ODB-0226] Finished LEF file:  ./designs/sky130hd/tinyRocket/sram_64x32.lef
number instances in verilog is 25615
[INFO IFP-0001] Added 4435 rows of 26929 sites.
[INFO RSZ-0026] Removed 1929 buffers.
Default units for flow
 time 1ns
 capacitance 1pF
 resistance 1kohm
 voltage 1v
 current 1mA
 power 1nW
 distance 1um

==========================================================================
floorplan final report_checks -path_delay min
--------------------------------------------------------------------------
Startpoint: _43420_ (rising edge-triggered flip-flop clocked by core_clock)
Endpoint: _43418_ (rising edge-triggered flip-flop clocked by core_clock)
Path Group: core_clock
Path Type: min

Fanout     Cap    Slew   Delay    Time   Description
-----------------------------------------------------------------------------
                  0.00    0.00    0.00   clock core_clock (rise edge)
                          0.00    0.00   clock network delay (ideal)
                  0.00    0.00    0.00 ^ _43420_/CLK (sky130_fd_sc_hd__dfxtp_1)
                  0.04    0.28    0.28 ^ _43420_/Q (sky130_fd_sc_hd__dfxtp_1)
     1    0.00                           intsink.SynchronizerShiftReg_w1_d3.sync_1 (net)
                  0.04    0.00    0.28 ^ _43418_/D (sky130_fd_sc_hd__dfxtp_1)
                                  0.28   data arrival time

                  0.00    0.00    0.00   clock core_clock (rise edge)
                          0.00    0.00   clock network delay (ideal)
                          0.00    0.00   clock reconvergence pessimism
                                  0.00 ^ _43418_/CLK (sky130_fd_sc_hd__dfxtp_1)
                         -0.04   -0.04   library hold time
                                 -0.04   data required time
-----------------------------------------------------------------------------
                                 -0.04   data required time
                                 -0.28   data arrival time
-----------------------------------------------------------------------------
                                  0.32   slack (MET)



==========================================================================
floorplan final report_checks -path_delay max
--------------------------------------------------------------------------
Startpoint: _46741_ (rising edge-triggered flip-flop clocked by core_clock)
Endpoint: _43720_ (rising edge-triggered flip-flop clocked by core_clock)
Path Group: core_clock
Path Type: max

Fanout     Cap    Slew   Delay    Time   Description
-----------------------------------------------------------------------------
                  0.00    0.00    0.00   clock core_clock (rise edge)
                          0.00    0.00   clock network delay (ideal)
                  0.00    0.00    0.00 ^ _46741_/CLK (sky130_fd_sc_hd__dfxtp_1)
                  2.89    2.29    2.29 ^ _46741_/Q (sky130_fd_sc_hd__dfxtp_1)
    72    0.31                           frontend.fq._T_1_0 (net)
                  2.89    0.00    2.29 ^ _22804_/S (sky130_fd_sc_hd__mux2i_1)
                  0.48    0.53    2.82 v _22804_/Y (sky130_fd_sc_hd__mux2i_1)
     6    0.01                           _22384_ (net)
                  0.48    0.00    2.83 v _22805_/A (sky130_fd_sc_hd__inv_1)
                  0.17    0.25    3.07 ^ _22805_/Y (sky130_fd_sc_hd__inv_1)
     3    0.01                           _19007_ (net)
                  0.17    0.00    3.08 ^ _48248_/B (sky130_fd_sc_hd__ha_1)
                  0.43    0.45    3.53 ^ _48248_/COUT (sky130_fd_sc_hd__ha_1)
    16    0.04                           _22372_ (net)
                  0.43    0.00    3.53 ^ _22879_/A (sky130_fd_sc_hd__inv_2)
                  0.16    0.21    3.74 v _22879_/Y (sky130_fd_sc_hd__inv_2)
    18    0.04                           _03847_ (net)
                  0.16    0.00    3.74 v _22882_/A (sky130_fd_sc_hd__nor2_1)
                  0.09    0.14    3.88 ^ _22882_/Y (sky130_fd_sc_hd__nor2_1)
     1    0.00                           _03850_ (net)
                  0.09    0.00    3.88 ^ _22883_/B1 (sky130_fd_sc_hd__a211oi_1)
                  0.45    0.07    3.95 v _22883_/Y (sky130_fd_sc_hd__a211oi_1)
     2    0.01                           _03851_ (net)
                  0.45    0.01    3.95 v _22884_/B1 (sky130_fd_sc_hd__a21oi_2)
                  0.45    0.45    4.40 ^ _22884_/Y (sky130_fd_sc_hd__a21oi_2)
    10    0.03                           _03852_ (net)
                  0.45    0.00    4.41 ^ _22893_/A (sky130_fd_sc_hd__nor2_1)
                  0.33    0.39    4.80 v _22893_/Y (sky130_fd_sc_hd__nor2_1)
    27    0.07                           _03861_ (net)
                  0.33    0.00    4.80 v _23478_/A1 (sky130_fd_sc_hd__o31ai_1)
                 18.73   14.15   18.95 ^ _23478_/Y (sky130_fd_sc_hd__o31ai_1)
   238    0.66                           _04442_ (net)
                 18.73    0.00   18.96 ^ _23539_/B (sky130_fd_sc_hd__nor2_1)
                  8.25   15.83   34.79 v _23539_/Y (sky130_fd_sc_hd__nor2_1)
   125    0.29                           _04503_ (net)
                  8.25    0.00   34.79 v _23540_/D (sky130_fd_sc_hd__nand4_1)
                  1.48    2.35   37.14 ^ _23540_/Y (sky130_fd_sc_hd__nand4_1)
     4    0.01                           _04504_ (net)
                  1.48    0.00   37.14 ^ _30382_/A (sky130_fd_sc_hd__and2_1)
                  0.10    0.29   37.43 ^ _30382_/X (sky130_fd_sc_hd__and2_1)
     3    0.01                           _10214_ (net)
                  0.11    0.00   37.44 ^ _30383_/C (sky130_fd_sc_hd__nand3b_1)
                  0.09    0.11   37.55 v _30383_/Y (sky130_fd_sc_hd__nand3b_1)
     3    0.01                           _10215_ (net)
                  0.09    0.00   37.55 v _30384_/C (sky130_fd_sc_hd__nor3_1)
                  4.20    3.15   40.70 ^ _30384_/Y (sky130_fd_sc_hd__nor3_1)
    60    0.16                           _10216_ (net)
                  4.20    0.00   40.70 ^ _30470_/A1 (sky130_fd_sc_hd__a21oi_1)
                  0.45    0.12   40.82 v _30470_/Y (sky130_fd_sc_hd__a21oi_1)
     1    0.00                           _00393_ (net)
                  0.45    0.00   40.82 v _43720_/D (sky130_fd_sc_hd__dfxtp_1)
                                 40.82   data arrival time

                  0.00   50.00   50.00   clock core_clock (rise edge)
                          0.00   50.00   clock network delay (ideal)
                          0.00   50.00   clock reconvergence pessimism
                                 50.00 ^ _43720_/CLK (sky130_fd_sc_hd__dfxtp_1)
                         -0.30   49.70   library setup time
                                 49.70   data required time
-----------------------------------------------------------------------------
                                 49.70   data required time
                                -40.82   data arrival time
-----------------------------------------------------------------------------
                                  8.88   slack (MET)



==========================================================================
floorplan final report_checks -unconstrained
--------------------------------------------------------------------------
Startpoint: _46741_ (rising edge-triggered flip-flop clocked by core_clock)
Endpoint: _43720_ (rising edge-triggered flip-flop clocked by core_clock)
Path Group: core_clock
Path Type: max

Fanout     Cap    Slew   Delay    Time   Description
-----------------------------------------------------------------------------
                  0.00    0.00    0.00   clock core_clock (rise edge)
                          0.00    0.00   clock network delay (ideal)
                  0.00    0.00    0.00 ^ _46741_/CLK (sky130_fd_sc_hd__dfxtp_1)
                  2.89    2.29    2.29 ^ _46741_/Q (sky130_fd_sc_hd__dfxtp_1)
    72    0.31                           frontend.fq._T_1_0 (net)
                  2.89    0.00    2.29 ^ _22804_/S (sky130_fd_sc_hd__mux2i_1)
                  0.48    0.53    2.82 v _22804_/Y (sky130_fd_sc_hd__mux2i_1)
     6    0.01                           _22384_ (net)
                  0.48    0.00    2.83 v _22805_/A (sky130_fd_sc_hd__inv_1)
                  0.17    0.25    3.07 ^ _22805_/Y (sky130_fd_sc_hd__inv_1)
     3    0.01                           _19007_ (net)
                  0.17    0.00    3.08 ^ _48248_/B (sky130_fd_sc_hd__ha_1)
                  0.43    0.45    3.53 ^ _48248_/COUT (sky130_fd_sc_hd__ha_1)
    16    0.04                           _22372_ (net)
                  0.43    0.00    3.53 ^ _22879_/A (sky130_fd_sc_hd__inv_2)
                  0.16    0.21    3.74 v _22879_/Y (sky130_fd_sc_hd__inv_2)
    18    0.04                           _03847_ (net)
                  0.16    0.00    3.74 v _22882_/A (sky130_fd_sc_hd__nor2_1)
                  0.09    0.14    3.88 ^ _22882_/Y (sky130_fd_sc_hd__nor2_1)
     1    0.00                           _03850_ (net)
                  0.09    0.00    3.88 ^ _22883_/B1 (sky130_fd_sc_hd__a211oi_1)
                  0.45    0.07    3.95 v _22883_/Y (sky130_fd_sc_hd__a211oi_1)
     2    0.01                           _03851_ (net)
                  0.45    0.01    3.95 v _22884_/B1 (sky130_fd_sc_hd__a21oi_2)
                  0.45    0.45    4.40 ^ _22884_/Y (sky130_fd_sc_hd__a21oi_2)
    10    0.03                           _03852_ (net)
                  0.45    0.00    4.41 ^ _22893_/A (sky130_fd_sc_hd__nor2_1)
                  0.33    0.39    4.80 v _22893_/Y (sky130_fd_sc_hd__nor2_1)
    27    0.07                           _03861_ (net)
                  0.33    0.00    4.80 v _23478_/A1 (sky130_fd_sc_hd__o31ai_1)
                 18.73   14.15   18.95 ^ _23478_/Y (sky130_fd_sc_hd__o31ai_1)
   238    0.66                           _04442_ (net)
                 18.73    0.00   18.96 ^ _23539_/B (sky130_fd_sc_hd__nor2_1)
                  8.25   15.83   34.79 v _23539_/Y (sky130_fd_sc_hd__nor2_1)
   125    0.29                           _04503_ (net)
                  8.25    0.00   34.79 v _23540_/D (sky130_fd_sc_hd__nand4_1)
                  1.48    2.35   37.14 ^ _23540_/Y (sky130_fd_sc_hd__nand4_1)
     4    0.01                           _04504_ (net)
                  1.48    0.00   37.14 ^ _30382_/A (sky130_fd_sc_hd__and2_1)
                  0.10    0.29   37.43 ^ _30382_/X (sky130_fd_sc_hd__and2_1)
     3    0.01                           _10214_ (net)
                  0.11    0.00   37.44 ^ _30383_/C (sky130_fd_sc_hd__nand3b_1)
                  0.09    0.11   37.55 v _30383_/Y (sky130_fd_sc_hd__nand3b_1)
     3    0.01                           _10215_ (net)
                  0.09    0.00   37.55 v _30384_/C (sky130_fd_sc_hd__nor3_1)
                  4.20    3.15   40.70 ^ _30384_/Y (sky130_fd_sc_hd__nor3_1)
    60    0.16                           _10216_ (net)
                  4.20    0.00   40.70 ^ _30470_/A1 (sky130_fd_sc_hd__a21oi_1)
                  0.45    0.12   40.82 v _30470_/Y (sky130_fd_sc_hd__a21oi_1)
     1    0.00                           _00393_ (net)
                  0.45    0.00   40.82 v _43720_/D (sky130_fd_sc_hd__dfxtp_1)
                                 40.82   data arrival time

                  0.00   50.00   50.00   clock core_clock (rise edge)
                          0.00   50.00   clock network delay (ideal)
                          0.00   50.00   clock reconvergence pessimism
                                 50.00 ^ _43720_/CLK (sky130_fd_sc_hd__dfxtp_1)
                         -0.30   49.70   library setup time
                                 49.70   data required time
-----------------------------------------------------------------------------
                                 49.70   data required time
                                -40.82   data arrival time
-----------------------------------------------------------------------------
                                  8.88   slack (MET)



==========================================================================
floorplan final report_tns
--------------------------------------------------------------------------
tns 0.00

==========================================================================
floorplan final report_wns
--------------------------------------------------------------------------
wns 0.00

==========================================================================
floorplan final report_worst_slack
--------------------------------------------------------------------------
worst slack 8.88

==========================================================================
floorplan final report_clock_skew
--------------------------------------------------------------------------
Clock core_clock
Latency      CRPR       Skew
dcache.data.data_arrays_0.data_arrays_0_ext.mem/clk ^
   0.02
_43868_/CLK ^
   0.00      0.00       0.01


==========================================================================
floorplan final report_power
--------------------------------------------------------------------------
Group                  Internal  Switching    Leakage      Total
                          Power      Power      Power      Power
----------------------------------------------------------------
Sequential             3.61e-03   3.14e-04   3.23e-08   3.93e-03  48.1%
Combinational          2.61e-03   1.50e-03   1.24e-04   4.24e-03  51.9%
Macro                  0.00e+00   0.00e+00   0.00e+00   0.00e+00   0.0%
Pad                    0.00e+00   0.00e+00   0.00e+00   0.00e+00   0.0%
----------------------------------------------------------------
Total                  6.22e-03   1.82e-03   1.24e-04   8.17e-03 100.0%
                          76.2%      22.3%       1.5%

==========================================================================
floorplan final report_design_area
--------------------------------------------------------------------------
Design area 356055 u^2 0% utilization.

Elapsed time: 0:03.85[h:]min:sec. Average CPU: 99%. Peak memory: 166932KB.
