OpenROAD 1 v2.0-880-gd1c7001ad
This program is licensed under the BSD-3 license. See the LICENSE file for details.
Components of this program may be licensed under more restrictive licenses which must be honored.
[INFO ODB-0222] Reading LEF file: ./platforms/sky130hd/lef/sky130_fd_sc_hd.tlef
[INFO ODB-0223]     Created 11 technology layers
[INFO ODB-0224]     Created 25 technology vias
[INFO ODB-0226] Finished LEF file:  ./platforms/sky130hd/lef/sky130_fd_sc_hd.tlef
[INFO ODB-0222] Reading LEF file: ./platforms/sky130hd/lef/sky130_fd_sc_hd_merged.lef
[INFO ODB-0225]     Created 437 library cells
[INFO ODB-0226] Finished LEF file:  ./platforms/sky130hd/lef/sky130_fd_sc_hd_merged.lef
[INFO ODB-0222] Reading LEF file: ./designs/sky130hd/tinyRocket/sram_1024x32.lef
[WARNING ODB-0176] error: undefined layer (OVERLAP) referenced
[INFO ODB-0225]     Created 1 library cells
[INFO ODB-0226] Finished LEF file:  ./designs/sky130hd/tinyRocket/sram_1024x32.lef
[INFO ODB-0222] Reading LEF file: ./designs/sky130hd/tinyRocket/sram_64x32.lef
[WARNING ODB-0176] error: undefined layer (OVERLAP) referenced
[INFO ODB-0225]     Created 1 library cells
[INFO ODB-0226] Finished LEF file:  ./designs/sky130hd/tinyRocket/sram_64x32.lef
[INFO ODB-0127] Reading DEF file: ./results/sky130hd/tinyRocket/base/2_4_floorplan_macro.def
[INFO ODB-0128] Design: RocketTile
[INFO ODB-0130]     Created 269 pins.
[INFO ODB-0131]     Created 23686 components and 134479 component-terminals.
[INFO ODB-0133]     Created 25163 nets and 87105 connections.
[INFO ODB-0134] Finished DEF file: ./results/sky130hd/tinyRocket/base/2_4_floorplan_macro.def
[WARNING TAP-0014] endcap_cpp option is deprecated.
[INFO TAP-0001] Found 2 macro blocks.
[INFO TAP-0002] Original rows: 4435
[INFO TAP-0003] Created 520 rows for a total of 4955 rows.
[INFO TAP-0005] Inserted 1988551 tapcells.
Elapsed time: 0:06.44[h:]min:sec. Average CPU: 99%. Peak memory: 728684KB.
