OpenROAD 1 v2.0-880-gd1c7001ad
This program is licensed under the BSD-3 license. See the LICENSE file for details.
Components of this program may be licensed under more restrictive licenses which must be honored.
[INFO ODB-0222] Reading LEF file: ./platforms/sky130hd/lef/sky130_fd_sc_hd.tlef
[INFO ODB-0223]     Created 11 technology layers
[INFO ODB-0224]     Created 25 technology vias
[INFO ODB-0226] Finished LEF file:  ./platforms/sky130hd/lef/sky130_fd_sc_hd.tlef
[INFO ODB-0222] Reading LEF file: ./platforms/sky130hd/lef/sky130_fd_sc_hd_merged.lef
[INFO ODB-0225]     Created 437 library cells
[INFO ODB-0226] Finished LEF file:  ./platforms/sky130hd/lef/sky130_fd_sc_hd_merged.lef
[INFO ODB-0222] Reading LEF file: ./designs/sky130hd/bsg_manycore_tile_compute_mesh_real/sky130_sram_1kbyte_1rw1r_8x1024_8.lef
[WARNING ODB-0205] The LEF UNITS DATABASE MICRON convert factor (2000) is greater than the database units per micron (1000) of the current technology.
[INFO ODB-0225]     Created 1 library cells
[INFO ODB-0226] Finished LEF file:  ./designs/sky130hd/bsg_manycore_tile_compute_mesh_real/sky130_sram_1kbyte_1rw1r_8x1024_8.lef
[INFO ODB-0127] Reading DEF file: ./results/sky130hd/bsg_manycore_tile_compute_mesh_real/base/3_3_place_resized.def
[INFO ODB-0128] Design: bsg_manycore_tile_compute_mesh
[INFO ODB-0094] 		Created 100000 Insts
[INFO ODB-0094] 		Created 200000 Insts
[INFO ODB-0094] 		Created 300000 Insts
[INFO ODB-0094] 		Created 400000 Insts
[INFO ODB-0094] 		Created 500000 Insts
[INFO ODB-0094] 		Created 600000 Insts
[INFO ODB-0094] 		Created 700000 Insts
[INFO ODB-0094] 		Created 800000 Insts
[INFO ODB-0094] 		Created 900000 Insts
[INFO ODB-0094] 		Created 1000000 Insts
[INFO ODB-0094] 		Created 1100000 Insts
[INFO ODB-0130]     Created 1263 pins.
[INFO ODB-0131]     Created 1197855 components and 2536831 component-terminals.
[INFO ODB-0132]     Created 2 special nets and 2395710 connections.
[INFO ODB-0133]     Created 41352 nets and 141119 connections.
[INFO ODB-0134] Finished DEF file: ./results/sky130hd/bsg_manycore_tile_compute_mesh_real/base/3_3_place_resized.def
Placement Analysis
---------------------------------
total displacement     115526.8 u
average displacement        0.1 u
max displacement           39.3 u
original HPWL         7365244.1 u
legalized HPWL        7451673.4 u
delta HPWL                    1 %

[INFO DPL-0020] Mirrored 14445 instances
[INFO DPL-0021] HPWL before          7451673.4 u
[INFO DPL-0022] HPWL after           7424780.1 u
[INFO DPL-0023] HPWL delta               -0.4 %
[INFO FLW-0012] Placement violations 0.
