OpenROAD 1 v2.0-880-gd1c7001ad
This program is licensed under the BSD-3 license. See the LICENSE file for details.
Components of this program may be licensed under more restrictive licenses which must be honored.
[INFO ODB-0222] Reading LEF file: ./platforms/sky130hd/lef/sky130_fd_sc_hd.tlef
[INFO ODB-0223]     Created 11 technology layers
[INFO ODB-0224]     Created 25 technology vias
[INFO ODB-0226] Finished LEF file:  ./platforms/sky130hd/lef/sky130_fd_sc_hd.tlef
[INFO ODB-0222] Reading LEF file: ./platforms/sky130hd/lef/sky130_fd_sc_hd_merged.lef
[INFO ODB-0225]     Created 437 library cells
[INFO ODB-0226] Finished LEF file:  ./platforms/sky130hd/lef/sky130_fd_sc_hd_merged.lef
[INFO ODB-0222] Reading LEF file: ./designs/sky130hd/bsg_manycore_tile_compute_mesh_real/sky130_sram_1kbyte_1rw1r_8x1024_8.lef
[WARNING ODB-0205] The LEF UNITS DATABASE MICRON convert factor (2000) is greater than the database units per micron (1000) of the current technology.
[INFO ODB-0225]     Created 1 library cells
[INFO ODB-0226] Finished LEF file:  ./designs/sky130hd/bsg_manycore_tile_compute_mesh_real/sky130_sram_1kbyte_1rw1r_8x1024_8.lef
[INFO ODB-0127] Reading DEF file: ./results/sky130hd/bsg_manycore_tile_compute_mesh_real/base/4_1_cts.def
[INFO ODB-0128] Design: bsg_manycore_tile_compute_mesh
[INFO ODB-0094] 		Created 100000 Insts
[INFO ODB-0094] 		Created 200000 Insts
[INFO ODB-0094] 		Created 300000 Insts
[INFO ODB-0094] 		Created 400000 Insts
[INFO ODB-0094] 		Created 500000 Insts
[INFO ODB-0094] 		Created 600000 Insts
[INFO ODB-0094] 		Created 700000 Insts
[INFO ODB-0094] 		Created 800000 Insts
[INFO ODB-0094] 		Created 900000 Insts
[INFO ODB-0094] 		Created 1000000 Insts
[INFO ODB-0094] 		Created 1100000 Insts
[INFO ODB-0094] 		Created 1200000 Insts
[INFO ODB-0130]     Created 1263 pins.
[INFO ODB-0131]     Created 1200639 components and 2548191 component-terminals.
[INFO ODB-0132]     Created 2 special nets and 2401278 connections.
[INFO ODB-0133]     Created 44122 nets and 146911 connections.
[INFO ODB-0134] Finished DEF file: ./results/sky130hd/bsg_manycore_tile_compute_mesh_real/base/4_1_cts.def
[INFO DPL-0001] Placed 10405614 filler instances.
Elapsed time: 1:19.42[h:]min:sec. Average CPU: 99%. Peak memory: 9604868KB.
