OpenROAD 1 v2.0-880-gd1c7001ad
This program is licensed under the BSD-3 license. See the LICENSE file for details.
Components of this program may be licensed under more restrictive licenses which must be honored.
[INFO ODB-0222] Reading LEF file: ./platforms/sky130hd/lef/sky130_fd_sc_hd.tlef
[INFO ODB-0223]     Created 11 technology layers
[INFO ODB-0224]     Created 25 technology vias
[INFO ODB-0226] Finished LEF file:  ./platforms/sky130hd/lef/sky130_fd_sc_hd.tlef
[INFO ODB-0222] Reading LEF file: ./platforms/sky130hd/lef/sky130_fd_sc_hd_merged.lef
[INFO ODB-0225]     Created 437 library cells
[INFO ODB-0226] Finished LEF file:  ./platforms/sky130hd/lef/sky130_fd_sc_hd_merged.lef
[INFO ODB-0222] Reading LEF file: ./designs/sky130hd/serv_fr/fakeram130_2x576.lef
[WARNING ODB-0176] error: undefined layer (OVERLAP) referenced
[INFO ODB-0225]     Created 1 library cells
[INFO ODB-0226] Finished LEF file:  ./designs/sky130hd/serv_fr/fakeram130_2x576.lef
[INFO ODB-0127] Reading DEF file: ./results/sky130hd/serv_fr/base/2_3_floorplan_tdms.def
[INFO ODB-0128] Design: serv_rf_top
[INFO ODB-0130]     Created 273 pins.
[INFO ODB-0131]     Created 826 components and 4517 component-terminals.
[INFO ODB-0133]     Created 943 nets and 2863 connections.
[INFO ODB-0134] Finished DEF file: ./results/sky130hd/serv_fr/base/2_3_floorplan_tdms.def
[WARNING STA-0337] port 'clk_i' not found.
[INFO MPL-0005] Found 1 macros.
[INFO MPL-0009] West pins 55.
[INFO MPL-0009] East pins 53.
[INFO MPL-0009] North pins 81.
[INFO MPL-0009] South pins 84.
[INFO MPL-0069] Initial weighted wire length 1.14703e+06.
Begin one level partition.
[INFO MPL-0076] Partition 1 macros.
[INFO MPL-0077] Using 1 cut lines.
[INFO MPL-0079] Cut line 5463.88.
End one level partition.
Begin horizontal partition.
Begin east partition.
[INFO MPL-0076] Partition 0 macros.
[INFO MPL-0077] Using 0 cut lines.
End east partition.
Begin west partition.
[INFO MPL-0076] Partition 1 macros.
[INFO MPL-0077] Using 1 cut lines.
[INFO MPL-0079] Cut line 6514.40.
End west partition.
End horizontal partition.
[INFO MPL-0070] Using 1 partition sets.
[INFO MPL-0071] Solution 1 weighted wire length 1.76113e+06.
[INFO MPL-0073] Best weighted wire length 1.76113e+06.
Elapsed time: 0:01.03[h:]min:sec. Average CPU: 87%. Peak memory: 100596KB.
