OpenROAD 1 v2.0-880-gd1c7001ad
This program is licensed under the BSD-3 license. See the LICENSE file for details.
Components of this program may be licensed under more restrictive licenses which must be honored.
[INFO ODB-0222] Reading LEF file: ./platforms/sky130hd/lef/sky130_fd_sc_hd.tlef
[INFO ODB-0223]     Created 11 technology layers
[INFO ODB-0224]     Created 25 technology vias
[INFO ODB-0226] Finished LEF file:  ./platforms/sky130hd/lef/sky130_fd_sc_hd.tlef
[INFO ODB-0222] Reading LEF file: ./platforms/sky130hd/lef/sky130_fd_sc_hd_merged.lef
[INFO ODB-0225]     Created 437 library cells
[INFO ODB-0226] Finished LEF file:  ./platforms/sky130hd/lef/sky130_fd_sc_hd_merged.lef
[INFO ODB-0222] Reading LEF file: ./designs/sky130hd/serv_fr/fakeram130_2x576.lef
[WARNING ODB-0176] error: undefined layer (OVERLAP) referenced
[INFO ODB-0225]     Created 1 library cells
[INFO ODB-0226] Finished LEF file:  ./designs/sky130hd/serv_fr/fakeram130_2x576.lef
[INFO ODB-0127] Reading DEF file: ./results/sky130hd/serv_fr/base/2_5_floorplan_tapcell.def
[INFO ODB-0128] Design: serv_rf_top
[INFO ODB-0094] 		Created 100000 Insts
[INFO ODB-0094] 		Created 200000 Insts
[INFO ODB-0094] 		Created 300000 Insts
[INFO ODB-0094] 		Created 400000 Insts
[INFO ODB-0094] 		Created 500000 Insts
[INFO ODB-0094] 		Created 600000 Insts
[INFO ODB-0094] 		Created 700000 Insts
[INFO ODB-0094] 		Created 800000 Insts
[INFO ODB-0094] 		Created 900000 Insts
[INFO ODB-0094] 		Created 1000000 Insts
[INFO ODB-0094] 		Created 1100000 Insts
[INFO ODB-0094] 		Created 1200000 Insts
[INFO ODB-0130]     Created 273 pins.
[INFO ODB-0131]     Created 1293051 components and 2588967 component-terminals.
[INFO ODB-0133]     Created 943 nets and 2863 connections.
[INFO ODB-0134] Finished DEF file: ./results/sky130hd/serv_fr/base/2_5_floorplan_tapcell.def
[INFO PDN-0016] Power Delivery Network Generator: Generating PDN
  config: ./platforms/sky130hd/pdn.cfg
[INFO PDN-0008] Design name is serv_rf_top.
[INFO PDN-0009] Reading technology data.
[INFO PDN-0011] ****** INFO ******
Type: stdcell, grid
    Stdcell Rails
      Layer: met1  -  width: 0.480  pitch: 5.440  offset: 0.000 
    Straps
      Layer: met4  -  width: 1.600  pitch: 27.140  offset: 13.570 
      Layer: met5  -  width: 1.600  pitch: 27.200  offset: 13.600 
    Connect: {met1 met4} {met4 met5}
Type: macro, CORE_macro_grid_1
    Macro orientation: R0 R180 MX MY
    Connect: {met4_PIN_ver met5}
Type: macro, CORE_macro_grid_2
    Macro orientation: R90 R270 MXR90 MYR90
    Connect: {met4_PIN_hor met5}
[INFO PDN-0012] **** END INFO ****
[INFO PDN-0013] Inserting stdcell grid - grid.
[INFO PDN-0010] Inserting macro grid for 1 macros.
[INFO PDN-0034]   - grid CORE_macro_grid_1 for instance rf_ram.mem
[WARNING PDN-0042] No via added at (9851.56 9304.08 9855.56 9304.32) because the full height of met5 (1.6) is not covered by the overlap.
[WARNING PDN-0042] No via added at (9889.96 9304.08 9893.96 9304.32) because the full height of met5 (1.6) is not covered by the overlap.
[WARNING PDN-0042] No via added at (9928.36 9304.08 9932.36 9304.32) because the full height of met5 (1.6) is not covered by the overlap.
[WARNING PDN-0042] No via added at (9966.76 9304.08 9970.76 9304.32) because the full height of met5 (1.6) is not covered by the overlap.
[WARNING PDN-0042] No via added at (10005.16 9304.08 10009.16 9304.32) because the full height of met5 (1.6) is not covered by the overlap.
[WARNING PDN-0042] No via added at (10043.56 9304.08 10047.56 9304.32) because the full height of met5 (1.6) is not covered by the overlap.
[WARNING PDN-0042] No via added at (10081.96 9304.08 10085.96 9304.32) because the full height of met5 (1.6) is not covered by the overlap.
[WARNING PDN-0042] No via added at (10120.36 9304.08 10124.36 9304.32) because the full height of met5 (1.6) is not covered by the overlap.
[WARNING PDN-0042] No via added at (10158.76 9304.08 10162.76 9304.32) because the full height of met5 (1.6) is not covered by the overlap.
[WARNING PDN-0042] No via added at (10197.16 9304.08 10201.16 9304.32) because the full height of met5 (1.6) is not covered by the overlap.
[WARNING PDN-0042] No via added at (10235.56 9304.08 10239.56 9304.32) because the full height of met5 (1.6) is not covered by the overlap.
[WARNING PDN-0042] No via added at (10273.96 9304.08 10277.96 9304.32) because the full height of met5 (1.6) is not covered by the overlap.
[WARNING PDN-0042] No via added at (10312.36 9304.08 10316.36 9304.32) because the full height of met5 (1.6) is not covered by the overlap.
[WARNING PDN-0042] No via added at (10350.76 9304.08 10354.76 9304.32) because the full height of met5 (1.6) is not covered by the overlap.
[WARNING PDN-0042] No via added at (9832.36 9182.92 9836.36 9183.28) because the full height of met5 (1.6) is not covered by the overlap.
[WARNING PDN-0042] No via added at (9870.76 9182.92 9874.76 9183.28) because the full height of met5 (1.6) is not covered by the overlap.
[WARNING PDN-0042] No via added at (9909.16 9182.92 9913.16 9183.28) because the full height of met5 (1.6) is not covered by the overlap.
[WARNING PDN-0042] No via added at (9947.56 9182.92 9951.56 9183.28) because the full height of met5 (1.6) is not covered by the overlap.
[WARNING PDN-0042] No via added at (9985.96 9182.92 9989.96 9183.28) because the full height of met5 (1.6) is not covered by the overlap.
[WARNING PDN-0042] No via added at (10024.36 9182.92 10028.36 9183.28) because the full height of met5 (1.6) is not covered by the overlap.
[WARNING PDN-0042] No via added at (10062.76 9182.92 10066.76 9183.28) because the full height of met5 (1.6) is not covered by the overlap.
[WARNING PDN-0042] No via added at (10101.16 9182.92 10105.16 9183.28) because the full height of met5 (1.6) is not covered by the overlap.
[WARNING PDN-0042] No via added at (10139.56 9182.92 10143.56 9183.28) because the full height of met5 (1.6) is not covered by the overlap.
[WARNING PDN-0042] No via added at (10177.96 9182.92 10181.96 9183.28) because the full height of met5 (1.6) is not covered by the overlap.
[WARNING PDN-0042] No via added at (10216.36 9182.92 10220.36 9183.28) because the full height of met5 (1.6) is not covered by the overlap.
[WARNING PDN-0042] No via added at (10254.76 9182.92 10258.76 9183.28) because the full height of met5 (1.6) is not covered by the overlap.
[WARNING PDN-0042] No via added at (10293.16 9182.92 10297.16 9183.28) because the full height of met5 (1.6) is not covered by the overlap.
[WARNING PDN-0042] No via added at (10331.56 9182.92 10335.56 9183.28) because the full height of met5 (1.6) is not covered by the overlap.
[WARNING PDN-0042] No via added at (10369.96 9182.92 10373.96 9183.28) because the full height of met5 (1.6) is not covered by the overlap.
[INFO PDN-0015] Writing to database.
Elapsed time: 2:52.85[h:]min:sec. Average CPU: 99%. Peak memory: 15841896KB.
