OpenROAD 1 v2.0-880-gd1c7001ad
This program is licensed under the BSD-3 license. See the LICENSE file for details.
Components of this program may be licensed under more restrictive licenses which must be honored.
[INFO ODB-0222] Reading LEF file: ./platforms/sky130hd/lef/sky130_fd_sc_hd.tlef
[INFO ODB-0223]     Created 11 technology layers
[INFO ODB-0224]     Created 25 technology vias
[INFO ODB-0226] Finished LEF file:  ./platforms/sky130hd/lef/sky130_fd_sc_hd.tlef
[INFO ODB-0222] Reading LEF file: ./platforms/sky130hd/lef/sky130_fd_sc_hd_merged.lef
[INFO ODB-0225]     Created 437 library cells
[INFO ODB-0226] Finished LEF file:  ./platforms/sky130hd/lef/sky130_fd_sc_hd_merged.lef
[INFO ODB-0222] Reading LEF file: ./designs/sky130hd/serv_fr/fakeram130_2x576.lef
[WARNING ODB-0176] error: undefined layer (OVERLAP) referenced
[INFO ODB-0225]     Created 1 library cells
[INFO ODB-0226] Finished LEF file:  ./designs/sky130hd/serv_fr/fakeram130_2x576.lef
[INFO ODB-0127] Reading DEF file: ./results/sky130hd/serv_fr/base/3_2_place_iop.def
[INFO ODB-0128] Design: serv_rf_top
[INFO ODB-0094] 		Created 100000 Insts
[INFO ODB-0094] 		Created 200000 Insts
[INFO ODB-0094] 		Created 300000 Insts
[INFO ODB-0094] 		Created 400000 Insts
[INFO ODB-0094] 		Created 500000 Insts
[INFO ODB-0094] 		Created 600000 Insts
[INFO ODB-0094] 		Created 700000 Insts
[INFO ODB-0094] 		Created 800000 Insts
[INFO ODB-0094] 		Created 900000 Insts
[INFO ODB-0094] 		Created 1000000 Insts
[INFO ODB-0094] 		Created 1100000 Insts
[INFO ODB-0094] 		Created 1200000 Insts
[INFO ODB-0130]     Created 273 pins.
[INFO ODB-0131]     Created 1293051 components and 2588967 component-terminals.
[INFO ODB-0132]     Created 2 special nets and 2586100 connections.
[INFO ODB-0133]     Created 943 nets and 2863 connections.
[INFO ODB-0134] Finished DEF file: ./results/sky130hd/serv_fr/base/3_2_place_iop.def

==========================================================================
resizer pre report_checks -path_delay min
--------------------------------------------------------------------------
No paths found.

==========================================================================
resizer pre report_checks -path_delay max
--------------------------------------------------------------------------
No paths found.

==========================================================================
resizer pre report_checks -unconstrained
--------------------------------------------------------------------------
Startpoint: i_dbus_ack (input port)
Endpoint: _1356_ (rising edge-triggered flip-flop)
Path Group: (none)
Path Type: max

Fanout     Cap    Slew   Delay    Time   Description
-----------------------------------------------------------------------------
                          0.00    0.00 ^ input external delay
                  0.00    0.00    0.00 ^ i_dbus_ack (in)
    41    6.27                           i_dbus_ack (net)
                 53.47   26.74   26.74 ^ _0930_/C1 (sky130_fd_sc_hd__a211oi_2)
                307.89  610.27  637.00 v _0930_/Y (sky130_fd_sc_hd__a211oi_2)
    64    5.99                           _0446_ (net)
                307.89    6.40  643.41 v _0940_/B1 (sky130_fd_sc_hd__a21oi_1)
                  6.28  131.44  774.84 ^ _0940_/Y (sky130_fd_sc_hd__a21oi_1)
     1    0.32                           _0456_ (net)
                  6.31    0.35  775.19 ^ _0941_/B1 (sky130_fd_sc_hd__o21ai_0)
                  5.24    0.49  775.68 v _0941_/Y (sky130_fd_sc_hd__o21ai_0)
     1    0.00                           _0457_ (net)
                  5.24    0.00  775.68 v _0942_/B (sky130_fd_sc_hd__nand2_1)
                  1.26    1.08  776.77 ^ _0942_/Y (sky130_fd_sc_hd__nand2_1)
     1    0.01                           _0055_ (net)
                  1.26    0.00  776.77 ^ _1356_/D (sky130_fd_sc_hd__dfxtp_1)
                                776.77   data arrival time
-----------------------------------------------------------------------------
(Path is unconstrained)



==========================================================================
resizer pre report_tns
--------------------------------------------------------------------------
tns 0.00

==========================================================================
resizer pre report_wns
--------------------------------------------------------------------------
wns 0.00

==========================================================================
resizer pre report_worst_slack
--------------------------------------------------------------------------
worst slack INF

==========================================================================
resizer pre report_clock_skew
--------------------------------------------------------------------------
Clock CLK
No launch/capture paths found.


==========================================================================
resizer pre report_power
--------------------------------------------------------------------------
Group                  Internal  Switching    Leakage      Total
                          Power      Power      Power      Power
----------------------------------------------------------------
Sequential            -3.26e-13   2.35e-11   1.53e-09   1.55e-09   0.0%
Combinational          4.92e-12   1.17e-11   2.44e-04   2.44e-04 100.0%
Macro                  0.00e+00   0.00e+00   0.00e+00   0.00e+00   0.0%
Pad                    0.00e+00   0.00e+00   0.00e+00   0.00e+00   0.0%
----------------------------------------------------------------
Total                  4.59e-12   3.52e-11   2.44e-04   2.44e-04 100.0%
                           0.0%       0.0%     100.0%

==========================================================================
resizer pre report_design_area
--------------------------------------------------------------------------
Design area 1724566 u^2 2% utilization.


==========================================================================
instance_count
--------------------------------------------------------------------------
1293051

==========================================================================
pin_count
--------------------------------------------------------------------------
2865

Perform port buffering...
[INFO RSZ-0027] Inserted 67 input buffers.
[INFO RSZ-0028] Inserted 168 output buffers.
Perform buffer insertion...
[INFO RSZ-0058] Using max wire length 2431um.
[INFO RSZ-0034] Found 200 slew violations.
[INFO RSZ-0036] Found 78 capacitance violations.
[INFO RSZ-0037] Found 115 long wires.
[INFO RSZ-0038] Inserted 342 buffers in 223 nets.
[INFO RSZ-0039] Resized 522 instances.
Repair tie lo fanout...
[INFO RSZ-0042] Inserted 3 tie sky130_fd_sc_hd__conb_1 instances.
Repair tie hi fanout...
[INFO RSZ-0042] Inserted 3 tie sky130_fd_sc_hd__conb_1 instances.

==========================================================================
report_floating_nets
--------------------------------------------------------------------------

==========================================================================
resizer report_checks -path_delay min
--------------------------------------------------------------------------
No paths found.

==========================================================================
resizer report_checks -path_delay max
--------------------------------------------------------------------------
No paths found.

==========================================================================
resizer report_checks -unconstrained
--------------------------------------------------------------------------
Startpoint: i_dbus_ack (input port)
Endpoint: _1371_ (rising edge-triggered flip-flop)
Path Group: (none)
Path Type: max

Fanout     Cap    Slew   Delay    Time   Description
-----------------------------------------------------------------------------
                          0.00    0.00 v input external delay
                  0.00    0.00    0.00 v i_dbus_ack (in)
     1    0.01                           i_dbus_ack (net)
                  0.00    0.00    0.00 v input2/A (sky130_fd_sc_hd__buf_12)
                  0.09    0.15    0.15 v input2/X (sky130_fd_sc_hd__buf_12)
     5    0.22                           net2 (net)
                  0.09    0.00    0.15 v repeater549/A (sky130_fd_sc_hd__buf_16)
                  0.10    0.20    0.35 v repeater549/X (sky130_fd_sc_hd__buf_16)
     3    0.31                           net549 (net)
                  0.50    0.24    0.59 v repeater543/A (sky130_fd_sc_hd__buf_16)
                  0.10    0.36    0.95 v repeater543/X (sky130_fd_sc_hd__buf_16)
     3    0.34                           net543 (net)
                  0.48    0.23    1.18 v repeater542/A (sky130_fd_sc_hd__buf_16)
                  0.12    0.37    1.55 v repeater542/X (sky130_fd_sc_hd__buf_16)
     1    0.33                           net542 (net)
                  0.58    0.28    1.84 v repeater541/A (sky130_fd_sc_hd__buf_16)
                  0.11    0.39    2.23 v repeater541/X (sky130_fd_sc_hd__buf_16)
     2    0.32                           net541 (net)
                  0.55    0.27    2.50 v repeater540/A (sky130_fd_sc_hd__buf_16)
                  0.15    0.42    2.92 v repeater540/X (sky130_fd_sc_hd__buf_16)
     3    0.30                           net540 (net)
                  0.20    0.07    2.99 v repeater539/A (sky130_fd_sc_hd__buf_12)
                  0.09    0.25    3.23 v repeater539/X (sky130_fd_sc_hd__buf_12)
     1    0.22                           net539 (net)
                  0.29    0.14    3.37 v repeater536/A (sky130_fd_sc_hd__buf_16)
                  0.10    0.29    3.65 v repeater536/X (sky130_fd_sc_hd__buf_16)
     2    0.33                           net536 (net)
                  0.56    0.28    3.93 v repeater535/A (sky130_fd_sc_hd__buf_16)
                  0.10    0.38    4.31 v repeater535/X (sky130_fd_sc_hd__buf_16)
     3    0.34                           net535 (net)
                  0.59    0.29    4.60 v repeater533/A (sky130_fd_sc_hd__buf_16)
                  0.11    0.39    4.99 v repeater533/X (sky130_fd_sc_hd__buf_16)
    16    0.37                           net533 (net)
                  0.42    0.20    5.19 v _0930_/C1 (sky130_fd_sc_hd__a211oi_4)
                  1.23    1.07    6.27 ^ _0930_/Y (sky130_fd_sc_hd__a211oi_4)
    10    0.12                           _0446_ (net)
                  1.23    0.02    6.29 ^ repeater305/A (sky130_fd_sc_hd__buf_16)
                  0.17    0.27    6.55 ^ repeater305/X (sky130_fd_sc_hd__buf_16)
     4    0.14                           net305 (net)
                  0.17    0.02    6.57 ^ repeater298/A (sky130_fd_sc_hd__buf_6)
                  0.18    0.23    6.80 ^ repeater298/X (sky130_fd_sc_hd__buf_6)
     1    0.09                           net298 (net)
                  0.19    0.03    6.82 ^ repeater297/A (sky130_fd_sc_hd__buf_16)
                  0.14    0.20    7.02 ^ repeater297/X (sky130_fd_sc_hd__buf_16)
     1    0.14                           net297 (net)
                  0.18    0.06    7.08 ^ repeater296/A (sky130_fd_sc_hd__buf_16)
                  0.15    0.21    7.29 ^ repeater296/X (sky130_fd_sc_hd__buf_16)
     5    0.14                           net296 (net)
                  0.15    0.01    7.31 ^ repeater295/A (sky130_fd_sc_hd__buf_16)
                  0.14    0.19    7.50 ^ repeater295/X (sky130_fd_sc_hd__buf_16)
     1    0.14                           net295 (net)
                  0.18    0.06    7.56 ^ repeater294/A (sky130_fd_sc_hd__buf_16)
                  0.15    0.20    7.75 ^ repeater294/X (sky130_fd_sc_hd__buf_16)
     3    0.14                           net294 (net)
                  0.18    0.05    7.80 ^ repeater293/A (sky130_fd_sc_hd__buf_16)
                  0.14    0.20    8.00 ^ repeater293/X (sky130_fd_sc_hd__buf_16)
     1    0.13                           net293 (net)
                  0.18    0.06    8.06 ^ repeater292/A (sky130_fd_sc_hd__buf_16)
                  0.23    0.24    8.29 ^ repeater292/X (sky130_fd_sc_hd__buf_16)
     3    0.32                           net292 (net)
                  0.65    0.30    8.59 ^ repeater291/A (sky130_fd_sc_hd__buf_16)
                  0.24    0.30    8.90 ^ repeater291/X (sky130_fd_sc_hd__buf_16)
     4    0.34                           net291 (net)
                  0.67    0.31    9.20 ^ repeater290/A (sky130_fd_sc_hd__buf_16)
                  0.15    0.25    9.45 ^ repeater290/X (sky130_fd_sc_hd__buf_16)
     1    0.14                           net290 (net)
                  0.19    0.06    9.51 ^ repeater289/A (sky130_fd_sc_hd__buf_16)
                  0.23    0.25    9.76 ^ repeater289/X (sky130_fd_sc_hd__buf_16)
     3    0.33                           net289 (net)
                  0.65    0.30   10.06 ^ repeater288/A (sky130_fd_sc_hd__buf_16)
                  0.15    0.25   10.31 ^ repeater288/X (sky130_fd_sc_hd__buf_16)
     3    0.14                           net288 (net)
                  0.19    0.05   10.36 ^ repeater287/A (sky130_fd_sc_hd__buf_16)
                  0.15    0.20   10.56 ^ repeater287/X (sky130_fd_sc_hd__buf_16)
     3    0.14                           net287 (net)
                  0.18    0.05   10.61 ^ repeater286/A (sky130_fd_sc_hd__buf_16)
                  0.14    0.20   10.81 ^ repeater286/X (sky130_fd_sc_hd__buf_16)
     1    0.14                           net286 (net)
                  0.18    0.06   10.87 ^ repeater285/A (sky130_fd_sc_hd__buf_16)
                  0.15    0.20   11.06 ^ repeater285/X (sky130_fd_sc_hd__buf_16)
     7    0.14                           net285 (net)
                  0.18    0.05   11.12 ^ repeater284/A (sky130_fd_sc_hd__buf_16)
                  0.14    0.20   11.31 ^ repeater284/X (sky130_fd_sc_hd__buf_16)
     2    0.13                           net284 (net)
                  0.18    0.05   11.37 ^ _1002_/B (sky130_fd_sc_hd__nand2_1)
                  0.13    0.10   11.47 v _1002_/Y (sky130_fd_sc_hd__nand2_1)
     1    0.01                           _0501_ (net)
                  0.13    0.00   11.47 v _1003_/B1 (sky130_fd_sc_hd__o21ai_0)
                  0.21    0.13   11.61 ^ _1003_/Y (sky130_fd_sc_hd__o21ai_0)
     1    0.01                           _0070_ (net)
                  0.21    0.00   11.61 ^ _1371_/D (sky130_fd_sc_hd__dfxtp_4)
                                 11.61   data arrival time
-----------------------------------------------------------------------------
(Path is unconstrained)



==========================================================================
resizer report_check_types -max_slew -max_cap -max_fanout -violators
--------------------------------------------------------------------------

==========================================================================
resizer max_slew_violation_count
--------------------------------------------------------------------------
max slew violation count 0

==========================================================================
resizer max_fanout_violation_count
--------------------------------------------------------------------------
max fanout violation count 0

==========================================================================
resizer max_cap_violation_count
--------------------------------------------------------------------------
max cap violation count 0

==========================================================================
resizer report_tns
--------------------------------------------------------------------------
tns 0.00

==========================================================================
resizer report_wns
--------------------------------------------------------------------------
wns 0.00

==========================================================================
resizer report_worst_slack
--------------------------------------------------------------------------
worst slack INF

==========================================================================
resizer report_clock_skew
--------------------------------------------------------------------------
Clock CLK
No launch/capture paths found.


==========================================================================
resizer report_power
--------------------------------------------------------------------------
Group                  Internal  Switching    Leakage      Total
                          Power      Power      Power      Power
----------------------------------------------------------------
Sequential             1.29e-12   5.36e-12   1.56e-09   1.57e-09   0.0%
Combinational          7.66e-12   2.30e-11   2.44e-04   2.44e-04 100.0%
Macro                  0.00e+00   0.00e+00   0.00e+00   0.00e+00   0.0%
Pad                    0.00e+00   0.00e+00   0.00e+00   0.00e+00   0.0%
----------------------------------------------------------------
Total                  8.95e-12   2.84e-11   2.44e-04   2.44e-04 100.0%
                           0.0%       0.0%     100.0%

==========================================================================
resizer report_design_area
--------------------------------------------------------------------------
Design area 1737550 u^2 2% utilization.


==========================================================================
instance_count
--------------------------------------------------------------------------
1293632

==========================================================================
pin_count
--------------------------------------------------------------------------
4027

Elapsed time: 0:29.69[h:]min:sec. Average CPU: 99%. Peak memory: 4302992KB.
