1. Executing Verilog-2005 frontend: ./designs/sky130hd/bsg_cache_dma_mem/top.v
2. Executing Verilog-2005 frontend: ./designs/sky130hd/bsg_cache_dma_mem/bsg_mem_1r1w_width_p32_els_p8_read_write_same_addr_p0.v
3. Executing Verilog-2005 frontend: ./designs/sky130hd/bsg_cache_dma_mem/sram_32x8.bb.v
4. Executing Liberty frontend.
5. Executing Verilog-2005 frontend: ./platforms/sky130hd/cells_clkgate_hd.v
6. Executing SYNTH pass.
6.1. Executing HIERARCHY pass (managing design hierarchy).
6.2. Executing AST frontend in derive mode using pre-parsed AST for module `\bsg_cache_dma'.
6.2.1. Analyzing design hierarchy..
6.2.2. Executing AST frontend in derive mode using pre-parsed AST for module `\bsg_mux_width_p32_els_p8'.
6.2.3. Executing AST frontend in derive mode using pre-parsed AST for module `\bsg_decode_num_out_p8'.
6.2.4. Executing AST frontend in derive mode using pre-parsed AST for module `\bsg_two_fifo_width_p32'.
6.2.5. Executing AST frontend in derive mode using pre-parsed AST for module `\bsg_fifo_1r1w_small_width_p32_els_p8'.
6.2.6. Executing AST frontend in derive mode using pre-parsed AST for module `\bsg_counter_clear_up_max_val_p8'.
6.2.7. Analyzing design hierarchy..
6.2.8. Executing AST frontend in derive mode using pre-parsed AST for module `\bsg_fifo_1r1w_small_unhardened_width_p32_els_p8_ready_THEN_valid_p0'.
6.2.9. Executing AST frontend in derive mode using pre-parsed AST for module `\bsg_mem_1r1w_width_p32_els_p2_read_write_same_addr_p0'.
6.2.10. Analyzing design hierarchy..
6.2.11. Executing AST frontend in derive mode using pre-parsed AST for module `\bsg_mem_1r1w_synth_width_p32_els_p2_read_write_same_addr_p0_harden_p0'.
6.2.12. Executing AST frontend in derive mode using pre-parsed AST for module `\bsg_mem_1r1w_width_p32_els_p8_read_write_same_addr_p0'.
6.2.13. Executing AST frontend in derive mode using pre-parsed AST for module `\bsg_fifo_tracker_els_p8'.
6.2.14. Analyzing design hierarchy..
6.2.15. Executing AST frontend in derive mode using pre-parsed AST for module `\bsg_circular_ptr_slots_p8_max_add_p1'.
6.2.16. Executing AST frontend in derive mode using pre-parsed AST for module `\sram_32x8'.
6.2.17. Analyzing design hierarchy..
6.2.18. Analyzing design hierarchy..
Warning: Resizing cell port bsg_mem_1r1w_width_p32_els_p8_read_write_same_addr_p0.sram_32x8_1.addr_in from 3 bits to 5 bits.
6.3. Executing PROC pass (convert processes to netlists).
6.3.1. Executing PROC_CLEAN pass (remove empty switches from decision trees).
6.3.2. Executing PROC_RMDEAD pass (remove dead branches from decision trees).
6.3.3. Executing PROC_PRUNE pass (remove redundant assignments in processes).
6.3.4. Executing PROC_INIT pass (extract init attributes).
6.3.5. Executing PROC_ARST pass (detect async resets in processes).
6.3.6. Executing PROC_MUX pass (convert decision trees to multiplexers).
6.3.7. Executing PROC_DLATCH pass (convert process syncs to latches).
6.3.8. Executing PROC_DFF pass (convert process syncs to FFs).
6.3.9. Executing PROC_CLEAN pass (remove empty switches from decision trees).
6.4. Executing FLATTEN pass (flatten design).
6.5. Executing OPT_EXPR pass (perform const folding).
6.6. Executing OPT_CLEAN pass (remove unused cells and wires).
6.7. Executing CHECK pass (checking for obvious problems).
Warning: multiple conflicting drivers for bsg_cache_dma.\in_fifo.unhardened_fifo.ft.rptr.o [2]:
    port Q[2] of cell $flatten\in_fifo.\unhardened_fifo.\ft.\rptr.$procdff$572 ($dff)
    port Q[2] of cell $flatten\in_fifo.\unhardened_fifo.\ft.\wptr.$procdff$572 ($dff)
Warning: multiple conflicting drivers for bsg_cache_dma.\in_fifo.unhardened_fifo.ft.rptr.o [1]:
    port Q[1] of cell $flatten\in_fifo.\unhardened_fifo.\ft.\rptr.$procdff$572 ($dff)
    port Q[1] of cell $flatten\in_fifo.\unhardened_fifo.\ft.\wptr.$procdff$572 ($dff)
Warning: multiple conflicting drivers for bsg_cache_dma.\in_fifo.unhardened_fifo.ft.rptr.o [0]:
    port Q[0] of cell $flatten\in_fifo.\unhardened_fifo.\ft.\rptr.$procdff$572 ($dff)
    port Q[0] of cell $flatten\in_fifo.\unhardened_fifo.\ft.\wptr.$procdff$572 ($dff)
6.8. Executing OPT pass (performing simple optimizations).
6.8.1. Executing OPT_EXPR pass (perform const folding).
6.8.2. Executing OPT_MERGE pass (detect identical cells).
6.8.3. Executing OPT_MUXTREE pass (detect dead branches in mux trees).
6.8.4. Executing OPT_REDUCE pass (consolidate $*mux and $reduce_* inputs).
6.8.5. Executing OPT_MERGE pass (detect identical cells).
6.8.6. Executing OPT_DFF pass (perform DFF optimizations).
6.8.7. Executing OPT_CLEAN pass (remove unused cells and wires).
6.8.8. Executing OPT_EXPR pass (perform const folding).
6.8.9. Rerunning OPT passes. (Maybe there is more to do..)
6.8.10. Executing OPT_MUXTREE pass (detect dead branches in mux trees).
6.8.11. Executing OPT_REDUCE pass (consolidate $*mux and $reduce_* inputs).
6.8.12. Executing OPT_MERGE pass (detect identical cells).
6.8.13. Executing OPT_DFF pass (perform DFF optimizations).
6.8.14. Executing OPT_CLEAN pass (remove unused cells and wires).
6.8.15. Executing OPT_EXPR pass (perform const folding).
6.8.16. Finished OPT passes. (There is nothing left to do.)
6.9. Executing FSM pass (extract and optimize FSM).
6.9.1. Executing FSM_DETECT pass (finding FSMs in design).
6.9.2. Executing FSM_EXTRACT pass (extracting FSM from design).
6.9.3. Executing FSM_OPT pass (simple optimizations of FSMs).
6.9.4. Executing OPT_CLEAN pass (remove unused cells and wires).
6.9.5. Executing FSM_OPT pass (simple optimizations of FSMs).
6.9.6. Executing FSM_RECODE pass (re-assigning FSM state encoding).
6.9.7. Executing FSM_INFO pass (dumping all available information on FSM cells).
6.9.8. Executing FSM_MAP pass (mapping FSMs to basic logic).
6.10. Executing OPT pass (performing simple optimizations).
6.10.1. Executing OPT_EXPR pass (perform const folding).
6.10.2. Executing OPT_MERGE pass (detect identical cells).
6.10.3. Executing OPT_MUXTREE pass (detect dead branches in mux trees).
6.10.4. Executing OPT_REDUCE pass (consolidate $*mux and $reduce_* inputs).
6.10.5. Executing OPT_MERGE pass (detect identical cells).
6.10.6. Executing OPT_DFF pass (perform DFF optimizations).
6.10.7. Executing OPT_CLEAN pass (remove unused cells and wires).
6.10.8. Executing OPT_EXPR pass (perform const folding).
6.10.9. Rerunning OPT passes. (Maybe there is more to do..)
6.10.10. Executing OPT_MUXTREE pass (detect dead branches in mux trees).
6.10.11. Executing OPT_REDUCE pass (consolidate $*mux and $reduce_* inputs).
6.10.12. Executing OPT_MERGE pass (detect identical cells).
6.10.13. Executing OPT_DFF pass (perform DFF optimizations).
6.10.14. Executing OPT_CLEAN pass (remove unused cells and wires).
6.10.15. Executing OPT_EXPR pass (perform const folding).
6.10.16. Finished OPT passes. (There is nothing left to do.)
6.11. Executing WREDUCE pass (reducing word size of cells).
6.12. Executing PEEPOPT pass (run peephole optimizers).
6.13. Executing OPT_CLEAN pass (remove unused cells and wires).
6.14. Executing ALUMACC pass (create $alu and $macc cells).
6.15. Executing SHARE pass (SAT-based resource sharing).
6.16. Executing OPT pass (performing simple optimizations).
6.16.1. Executing OPT_EXPR pass (perform const folding).
6.16.2. Executing OPT_MERGE pass (detect identical cells).
6.16.3. Executing OPT_MUXTREE pass (detect dead branches in mux trees).
6.16.4. Executing OPT_REDUCE pass (consolidate $*mux and $reduce_* inputs).
6.16.5. Executing OPT_MERGE pass (detect identical cells).
6.16.6. Executing OPT_DFF pass (perform DFF optimizations).
6.16.7. Executing OPT_CLEAN pass (remove unused cells and wires).
6.16.8. Executing OPT_EXPR pass (perform const folding).
6.16.9. Rerunning OPT passes. (Maybe there is more to do..)
6.16.10. Executing OPT_MUXTREE pass (detect dead branches in mux trees).
6.16.11. Executing OPT_REDUCE pass (consolidate $*mux and $reduce_* inputs).
6.16.12. Executing OPT_MERGE pass (detect identical cells).
6.16.13. Executing OPT_DFF pass (perform DFF optimizations).
6.16.14. Executing OPT_CLEAN pass (remove unused cells and wires).
6.16.15. Executing OPT_EXPR pass (perform const folding).
6.16.16. Finished OPT passes. (There is nothing left to do.)
6.17. Executing MEMORY pass.
6.17.1. Executing OPT_MEM pass (optimize memories).
6.17.2. Executing MEMORY_DFF pass (merging $dff cells to $memrd and $memwr).
6.17.3. Executing OPT_CLEAN pass (remove unused cells and wires).
6.17.4. Executing MEMORY_SHARE pass (consolidating $memrd/$memwr cells).
6.17.5. Executing OPT_CLEAN pass (remove unused cells and wires).
6.17.6. Executing MEMORY_COLLECT pass (generating $mem cells).
6.18. Executing OPT_CLEAN pass (remove unused cells and wires).
6.19. Executing OPT pass (performing simple optimizations).
6.19.1. Executing OPT_EXPR pass (perform const folding).
6.19.2. Executing OPT_MERGE pass (detect identical cells).
6.19.3. Executing OPT_DFF pass (perform DFF optimizations).
6.19.4. Executing OPT_CLEAN pass (remove unused cells and wires).
6.19.5. Finished fast OPT passes.
6.20. Executing MEMORY_MAP pass (converting memories to logic and flip-flops).
6.21. Executing OPT pass (performing simple optimizations).
6.21.1. Executing OPT_EXPR pass (perform const folding).
6.21.2. Executing OPT_MERGE pass (detect identical cells).
6.21.3. Executing OPT_MUXTREE pass (detect dead branches in mux trees).
6.21.4. Executing OPT_REDUCE pass (consolidate $*mux and $reduce_* inputs).
6.21.5. Executing OPT_MERGE pass (detect identical cells).
6.21.6. Executing OPT_SHARE pass.
6.21.7. Executing OPT_DFF pass (perform DFF optimizations).
6.21.8. Executing OPT_CLEAN pass (remove unused cells and wires).
6.21.9. Executing OPT_EXPR pass (perform const folding).
6.21.10. Rerunning OPT passes. (Maybe there is more to do..)
6.21.11. Executing OPT_MUXTREE pass (detect dead branches in mux trees).
6.21.12. Executing OPT_REDUCE pass (consolidate $*mux and $reduce_* inputs).
6.21.13. Executing OPT_MERGE pass (detect identical cells).
6.21.14. Executing OPT_SHARE pass.
6.21.15. Executing OPT_DFF pass (perform DFF optimizations).
6.21.16. Executing OPT_CLEAN pass (remove unused cells and wires).
6.21.17. Executing OPT_EXPR pass (perform const folding).
6.21.18. Finished OPT passes. (There is nothing left to do.)
6.22. Executing TECHMAP pass (map to technology primitives).
6.22.1. Executing Verilog-2005 frontend: /mnt/c/Users/LENOVO/Documents/gsocbp/OpenROAD/tools/install/yosys/bin/../share/yosys/techmap.v
6.22.2. Continuing TECHMAP pass.
6.23. Executing OPT pass (performing simple optimizations).
6.23.1. Executing OPT_EXPR pass (perform const folding).
6.23.2. Executing OPT_MERGE pass (detect identical cells).
6.23.3. Executing OPT_DFF pass (perform DFF optimizations).
6.23.4. Executing OPT_CLEAN pass (remove unused cells and wires).
6.23.5. Finished fast OPT passes.
6.24. Executing ABC pass (technology mapping using ABC).
6.24.1. Extracting gate netlist of module `\bsg_cache_dma' to `<abc-temp-dir>/input.blif'..
6.25. Executing OPT pass (performing simple optimizations).
6.25.1. Executing OPT_EXPR pass (perform const folding).
6.25.2. Executing OPT_MERGE pass (detect identical cells).
6.25.3. Executing OPT_DFF pass (perform DFF optimizations).
6.25.4. Executing OPT_CLEAN pass (remove unused cells and wires).
6.25.5. Finished fast OPT passes.
6.26. Executing HIERARCHY pass (managing design hierarchy).
6.26.1. Analyzing design hierarchy..
6.26.2. Analyzing design hierarchy..
6.27. Printing statistics.
6.28. Executing CHECK pass (checking for obvious problems).
Warning: multiple conflicting drivers for bsg_cache_dma.\in_fifo.unhardened_fifo.ft.rptr.o [2]:
    port Q[0] of cell $auto$simplemap.cc:559:simplemap_adffe_sdffe_sdffce$887 ($_SDFFE_PP0P_)
    port Q[0] of cell $auto$simplemap.cc:559:simplemap_adffe_sdffe_sdffce$890 ($_SDFFE_PP0P_)
Warning: multiple conflicting drivers for bsg_cache_dma.\in_fifo.unhardened_fifo.ft.rptr.o [1]:
    port Q[0] of cell $auto$simplemap.cc:559:simplemap_adffe_sdffe_sdffce$886 ($_SDFFE_PP0P_)
    port Q[0] of cell $auto$simplemap.cc:559:simplemap_adffe_sdffe_sdffce$889 ($_SDFFE_PP0P_)
Warning: multiple conflicting drivers for bsg_cache_dma.\in_fifo.unhardened_fifo.ft.rptr.o [0]:
    port Q[0] of cell $auto$simplemap.cc:559:simplemap_adffe_sdffe_sdffce$885 ($_SDFFE_PP0P_)
    port Q[0] of cell $auto$simplemap.cc:559:simplemap_adffe_sdffe_sdffce$888 ($_SDFFE_PP0P_)
7. Executing OPT pass (performing simple optimizations).
7.1. Executing OPT_EXPR pass (perform const folding).
7.2. Executing OPT_MERGE pass (detect identical cells).
7.3. Executing OPT_MUXTREE pass (detect dead branches in mux trees).
7.4. Executing OPT_REDUCE pass (consolidate $*mux and $reduce_* inputs).
7.5. Executing OPT_MERGE pass (detect identical cells).
7.6. Executing OPT_DFF pass (perform DFF optimizations).
7.7. Executing OPT_CLEAN pass (remove unused cells and wires).
7.8. Executing OPT_EXPR pass (perform const folding).
7.9. Rerunning OPT passes. (Maybe there is more to do..)
7.10. Executing OPT_MUXTREE pass (detect dead branches in mux trees).
7.11. Executing OPT_REDUCE pass (consolidate $*mux and $reduce_* inputs).
7.12. Executing OPT_MERGE pass (detect identical cells).
7.13. Executing OPT_DFF pass (perform DFF optimizations).
7.14. Executing OPT_CLEAN pass (remove unused cells and wires).
7.15. Executing OPT_EXPR pass (perform const folding).
7.16. Finished OPT passes. (There is nothing left to do.)
8. Executing EXTRACT_FA pass (find and extract full/half adders).
9. Executing TECHMAP pass (map to technology primitives).
9.1. Executing Verilog-2005 frontend: ./platforms/sky130hd/cells_adders_hd.v
9.2. Continuing TECHMAP pass.
10. Executing TECHMAP pass (map to technology primitives).
10.1. Executing Verilog-2005 frontend: /mnt/c/Users/LENOVO/Documents/gsocbp/OpenROAD/tools/install/yosys/bin/../share/yosys/techmap.v
10.2. Continuing TECHMAP pass.
11. Executing OPT pass (performing simple optimizations).
11.1. Executing OPT_EXPR pass (perform const folding).
11.2. Executing OPT_MERGE pass (detect identical cells).
11.3. Executing OPT_DFF pass (perform DFF optimizations).
11.4. Executing OPT_CLEAN pass (remove unused cells and wires).
11.5. Finished fast OPT passes.
12. Executing TECHMAP pass (map to technology primitives).
12.1. Executing Verilog-2005 frontend: ./platforms/sky130hd/cells_latch_hd.v
12.2. Continuing TECHMAP pass.
13. Executing DFFLIBMAP pass (mapping DFF cells to sequential cells from liberty file).
Warning: Found unsupported expression 'D&!SCE|SCD&SCE' in pin attribute of cell 'sky130_fd_sc_hd__sdfbbn_1' - skipping.
Warning: Found unsupported expression 'D&!SCE|SCD&SCE' in pin attribute of cell 'sky130_fd_sc_hd__sdfbbn_2' - skipping.
Warning: Found unsupported expression 'D&!SCE|SCD&SCE' in pin attribute of cell 'sky130_fd_sc_hd__sdfrtn_1' - skipping.
Warning: Found unsupported expression 'D&DE|IQ&!DE' in pin attribute of cell 'sky130_fd_sc_hd__edfxbp_1' - skipping.
Warning: Found unsupported expression 'D&DE|IQ&!DE' in pin attribute of cell 'sky130_fd_sc_hd__edfxtp_1' - skipping.
Warning: Found unsupported expression 'D&!SCE|SCD&SCE' in pin attribute of cell 'sky130_fd_sc_hd__sdfbbp_1' - skipping.
Warning: Found unsupported expression 'D&!SCE|SCD&SCE' in pin attribute of cell 'sky130_fd_sc_hd__sdfrbp_1' - skipping.
Warning: Found unsupported expression 'D&!SCE|SCD&SCE' in pin attribute of cell 'sky130_fd_sc_hd__sdfrbp_2' - skipping.
Warning: Found unsupported expression 'D&!SCE|SCD&SCE' in pin attribute of cell 'sky130_fd_sc_hd__sdfrtp_1' - skipping.
Warning: Found unsupported expression 'D&!SCE|SCD&SCE' in pin attribute of cell 'sky130_fd_sc_hd__sdfrtp_2' - skipping.
Warning: Found unsupported expression 'D&!SCE|SCD&SCE' in pin attribute of cell 'sky130_fd_sc_hd__sdfrtp_4' - skipping.
Warning: Found unsupported expression 'D&!SCE|SCD&SCE' in pin attribute of cell 'sky130_fd_sc_hd__sdfsbp_1' - skipping.
Warning: Found unsupported expression 'D&!SCE|SCD&SCE' in pin attribute of cell 'sky130_fd_sc_hd__sdfsbp_2' - skipping.
Warning: Found unsupported expression 'D&!SCE|SCD&SCE' in pin attribute of cell 'sky130_fd_sc_hd__sdfstp_1' - skipping.
Warning: Found unsupported expression 'D&!SCE|SCD&SCE' in pin attribute of cell 'sky130_fd_sc_hd__sdfstp_2' - skipping.
Warning: Found unsupported expression 'D&!SCE|SCD&SCE' in pin attribute of cell 'sky130_fd_sc_hd__sdfstp_4' - skipping.
Warning: Found unsupported expression 'D&!SCE|SCD&SCE' in pin attribute of cell 'sky130_fd_sc_hd__sdfxbp_1' - skipping.
Warning: Found unsupported expression 'D&!SCE|SCD&SCE' in pin attribute of cell 'sky130_fd_sc_hd__sdfxbp_2' - skipping.
Warning: Found unsupported expression 'D&!SCE|SCD&SCE' in pin attribute of cell 'sky130_fd_sc_hd__sdfxtp_1' - skipping.
Warning: Found unsupported expression 'D&!SCE|SCD&SCE' in pin attribute of cell 'sky130_fd_sc_hd__sdfxtp_2' - skipping.
Warning: Found unsupported expression 'D&!SCE|SCD&SCE' in pin attribute of cell 'sky130_fd_sc_hd__sdfxtp_4' - skipping.
Warning: Found unsupported expression 'D&DE&!SCE|IQ&!DE&!SCE|SCD&SCE' in pin attribute of cell 'sky130_fd_sc_hd__sedfxbp_1' - skipping.
Warning: Found unsupported expression 'D&DE&!SCE|IQ&!DE&!SCE|SCD&SCE' in pin attribute of cell 'sky130_fd_sc_hd__sedfxbp_2' - skipping.
Warning: Found unsupported expression 'D&DE&!SCE|IQ&!DE&!SCE|SCD&SCE' in pin attribute of cell 'sky130_fd_sc_hd__sedfxtp_1' - skipping.
Warning: Found unsupported expression 'D&DE&!SCE|IQ&!DE&!SCE|SCD&SCE' in pin attribute of cell 'sky130_fd_sc_hd__sedfxtp_2' - skipping.
Warning: Found unsupported expression 'D&DE&!SCE|IQ&!DE&!SCE|SCD&SCE' in pin attribute of cell 'sky130_fd_sc_hd__sedfxtp_4' - skipping.
13.1. Executing DFFLEGALIZE pass (convert FFs to types supported by the target).
14. Executing OPT pass (performing simple optimizations).
14.1. Executing OPT_EXPR pass (perform const folding).
14.2. Executing OPT_MERGE pass (detect identical cells).
14.3. Executing OPT_MUXTREE pass (detect dead branches in mux trees).
14.4. Executing OPT_REDUCE pass (consolidate $*mux and $reduce_* inputs).
14.5. Executing OPT_MERGE pass (detect identical cells).
14.6. Executing OPT_DFF pass (perform DFF optimizations).
14.7. Executing OPT_CLEAN pass (remove unused cells and wires).
14.8. Executing OPT_EXPR pass (perform const folding).
14.9. Finished OPT passes. (There is nothing left to do.)
Using ABC speed script.
[WARN][FLOW] No clock period constraints detected in design
15. Executing ABC pass (technology mapping using ABC).
15.1. Extracting gate netlist of module `\bsg_cache_dma' to `<abc-temp-dir>/input.blif'..
15.1.1. Executing ABC.
15.1.2. Re-integrating ABC results.
16. Executing SETUNDEF pass (replace undef values with defined constants).
17. Executing SPLITNETS pass (splitting up multi-bit signals).
18. Executing OPT_CLEAN pass (remove unused cells and wires).
19. Executing HILOMAP pass (mapping to constant drivers).
20. Executing INSBUF pass (insert buffer cells for connected wires).
21. Executing CHECK pass (checking for obvious problems).
Warning: multiple conflicting drivers for bsg_cache_dma.\in_fifo.unhardened_fifo.ft.rptr.o[2]:
    port Q[0] of cell $auto$simplemap.cc:559:simplemap_adffe_sdffe_sdffce$887 (sky130_fd_sc_hd__dfxtp_1)
    port Q[0] of cell $auto$simplemap.cc:559:simplemap_adffe_sdffe_sdffce$890 (sky130_fd_sc_hd__dfxtp_1)
Warning: multiple conflicting drivers for bsg_cache_dma.\in_fifo.unhardened_fifo.ft.rptr.o[1]:
    port Q[0] of cell $auto$simplemap.cc:559:simplemap_adffe_sdffe_sdffce$886 (sky130_fd_sc_hd__dfxtp_1)
    port Q[0] of cell $auto$simplemap.cc:559:simplemap_adffe_sdffe_sdffce$889 (sky130_fd_sc_hd__dfxtp_1)
Warning: multiple conflicting drivers for bsg_cache_dma.\in_fifo.unhardened_fifo.ft.rptr.o[0]:
    port Q[0] of cell $auto$simplemap.cc:559:simplemap_adffe_sdffe_sdffce$885 (sky130_fd_sc_hd__dfxtp_1)
    port Q[0] of cell $auto$simplemap.cc:559:simplemap_adffe_sdffe_sdffce$888 (sky130_fd_sc_hd__dfxtp_1)
22. Printing statistics.
23. Executing Verilog backend.
Warnings: 36 unique messages, 244 total
End of script. Logfile hash: 89070d31bf, CPU: user 5.69s system 0.28s, MEM: 44.73 MB peak
Yosys 0.9+3672 (git sha1 014c7e26, gcc 9.3.0-17ubuntu1~20.04 -fPIC -Os)
Time spent: 29% 2x abc (2 sec), 11% 25x opt_expr (0 sec), ...
Elapsed time: 0:12.43[h:]min:sec. Average CPU: 66%. Peak memory: 46432KB.
