OpenROAD 1 v2.0-880-gd1c7001ad
This program is licensed under the BSD-3 license. See the LICENSE file for details.
Components of this program may be licensed under more restrictive licenses which must be honored.
[INFO ODB-0222] Reading LEF file: ./platforms/sky130hd/lef/sky130_fd_sc_hd.tlef
[INFO ODB-0223]     Created 11 technology layers
[INFO ODB-0224]     Created 25 technology vias
[INFO ODB-0226] Finished LEF file:  ./platforms/sky130hd/lef/sky130_fd_sc_hd.tlef
[INFO ODB-0222] Reading LEF file: ./platforms/sky130hd/lef/sky130_fd_sc_hd_merged.lef
[INFO ODB-0225]     Created 437 library cells
[INFO ODB-0226] Finished LEF file:  ./platforms/sky130hd/lef/sky130_fd_sc_hd_merged.lef
[INFO ODB-0222] Reading LEF file: ./designs/sky130hd/bsg_cache_dma_mem/sram_32x8.lef
[WARNING ODB-0220] WARNING (LEFPARS-2065): Either PATH, RECT or POLYGON statement is a required in MACRO/PIN/PORT. See file ./designs/sky130hd/bsg_cache_dma_mem/sram_32x8.lef at line 957.

[WARNING ODB-0220] WARNING (LEFPARS-2076): Either PATH, RECT or POLYGON statement is a required in MACRO/OBS. See file ./designs/sky130hd/bsg_cache_dma_mem/sram_32x8.lef at line 960.

[INFO ODB-0225]     Created 1 library cells
[INFO ODB-0226] Finished LEF file:  ./designs/sky130hd/bsg_cache_dma_mem/sram_32x8.lef
[INFO ODB-0127] Reading DEF file: ./results/sky130hd/bsg_cache_dma_mem/base/2_5_floorplan_tapcell.def
[INFO ODB-0128] Design: bsg_cache_dma
[INFO ODB-0094] 		Created 100000 Insts
[INFO ODB-0130]     Created 734 pins.
[INFO ODB-0131]     Created 129355 components and 261514 component-terminals.
[INFO ODB-0133]     Created 1188 nets and 2803 connections.
[INFO ODB-0134] Finished DEF file: ./results/sky130hd/bsg_cache_dma_mem/base/2_5_floorplan_tapcell.def
[INFO PDN-0016] Power Delivery Network Generator: Generating PDN
  config: ./platforms/sky130hd/pdn.cfg
[INFO PDN-0008] Design name is bsg_cache_dma.
[INFO PDN-0009] Reading technology data.
[INFO PDN-0011] ****** INFO ******
Type: stdcell, grid
    Stdcell Rails
      Layer: met1  -  width: 0.480  pitch: 5.440  offset: 0.000 
    Straps
      Layer: met4  -  width: 1.600  pitch: 27.140  offset: 13.570 
      Layer: met5  -  width: 1.600  pitch: 27.200  offset: 13.600 
    Connect: {met1 met4} {met4 met5}
Type: macro, CORE_macro_grid_1
    Macro orientation: R0 R180 MX MY
    Connect: {met4_PIN_ver met5}
Type: macro, CORE_macro_grid_2
    Macro orientation: R90 R270 MXR90 MYR90
    Connect: {met4_PIN_hor met5}
[INFO PDN-0012] **** END INFO ****
[INFO PDN-0013] Inserting stdcell grid - grid.
[INFO PDN-0010] Inserting macro grid for 1 macros.
[INFO PDN-0034]   - grid CORE_macro_grid_1 for instance in_fifo.unhardened_fifo.mem_1r1w.sram_32x8_1
[WARNING PDN-0002] No shapes on layer met4_PIN_ver for POWER.
[INFO PDN-0015] Writing to database.
Elapsed time: 1:33.16[h:]min:sec. Average CPU: 92%. Peak memory: 1685548KB.
