OpenROAD 1 v2.0-880-gd1c7001ad
This program is licensed under the BSD-3 license. See the LICENSE file for details.
Components of this program may be licensed under more restrictive licenses which must be honored.
[INFO ODB-0222] Reading LEF file: ./platforms/sky130hd/lef/sky130_fd_sc_hd.tlef
[INFO ODB-0223]     Created 11 technology layers
[INFO ODB-0224]     Created 25 technology vias
[INFO ODB-0226] Finished LEF file:  ./platforms/sky130hd/lef/sky130_fd_sc_hd.tlef
[INFO ODB-0222] Reading LEF file: ./platforms/sky130hd/lef/sky130_fd_sc_hd_merged.lef
[INFO ODB-0225]     Created 437 library cells
[INFO ODB-0226] Finished LEF file:  ./platforms/sky130hd/lef/sky130_fd_sc_hd_merged.lef
[INFO ODB-0222] Reading LEF file: ./designs/sky130hd/bsg_cache_dma_mem/sram_32x8.lef
[WARNING ODB-0220] WARNING (LEFPARS-2065): Either PATH, RECT or POLYGON statement is a required in MACRO/PIN/PORT. See file ./designs/sky130hd/bsg_cache_dma_mem/sram_32x8.lef at line 957.

[WARNING ODB-0220] WARNING (LEFPARS-2076): Either PATH, RECT or POLYGON statement is a required in MACRO/OBS. See file ./designs/sky130hd/bsg_cache_dma_mem/sram_32x8.lef at line 960.

[INFO ODB-0225]     Created 1 library cells
[INFO ODB-0226] Finished LEF file:  ./designs/sky130hd/bsg_cache_dma_mem/sram_32x8.lef
[INFO ODB-0127] Reading DEF file: ./results/sky130hd/bsg_cache_dma_mem/base/3_1_place_gp.def
[INFO ODB-0128] Design: bsg_cache_dma
[INFO ODB-0094] 		Created 100000 Insts
[INFO ODB-0130]     Created 734 pins.
[INFO ODB-0131]     Created 129355 components and 261514 component-terminals.
[INFO ODB-0132]     Created 2 special nets and 258708 connections.
[INFO ODB-0133]     Created 1188 nets and 2803 connections.
[INFO ODB-0134] Finished DEF file: ./results/sky130hd/bsg_cache_dma_mem/base/3_1_place_gp.def
Found 1 macro blocks.
Using 1u default distance from corners.
Using 2 tracks default min distance between IO pins.
[INFO PPL-0010] Tentative 0 to set up sections.
[INFO PPL-0001] Number of slots          11524
[INFO PPL-0002] Number of I/O            734
[INFO PPL-0003] Number of I/O w/sink     734
[INFO PPL-0004] Number of I/O w/o sink   2
[INFO PPL-0005] Slots per section        200
[INFO PPL-0006] Slots increase factor    0.01
[INFO PPL-0008] Successfully assigned pins to sections.
[INFO PPL-0012] I/O nets HPWL: 485141.44 um.
Elapsed time: 0:13.04[h:]min:sec. Average CPU: 60%. Peak memory: 587408KB.
