OpenROAD 1 v2.0-880-gd1c7001ad
This program is licensed under the BSD-3 license. See the LICENSE file for details.
Components of this program may be licensed under more restrictive licenses which must be honored.
[INFO ODB-0222] Reading LEF file: ./platforms/sky130hd/lef/sky130_fd_sc_hd.tlef
[INFO ODB-0223]     Created 11 technology layers
[INFO ODB-0224]     Created 25 technology vias
[INFO ODB-0226] Finished LEF file:  ./platforms/sky130hd/lef/sky130_fd_sc_hd.tlef
[INFO ODB-0222] Reading LEF file: ./platforms/sky130hd/lef/sky130_fd_sc_hd_merged.lef
[INFO ODB-0225]     Created 437 library cells
[INFO ODB-0226] Finished LEF file:  ./platforms/sky130hd/lef/sky130_fd_sc_hd_merged.lef
[INFO ODB-0222] Reading LEF file: ./designs/sky130hd/bsg_cache_dma_mem/sram_32x8.lef
[WARNING ODB-0220] WARNING (LEFPARS-2065): Either PATH, RECT or POLYGON statement is a required in MACRO/PIN/PORT. See file ./designs/sky130hd/bsg_cache_dma_mem/sram_32x8.lef at line 957.

[WARNING ODB-0220] WARNING (LEFPARS-2076): Either PATH, RECT or POLYGON statement is a required in MACRO/OBS. See file ./designs/sky130hd/bsg_cache_dma_mem/sram_32x8.lef at line 960.

[INFO ODB-0225]     Created 1 library cells
[INFO ODB-0226] Finished LEF file:  ./designs/sky130hd/bsg_cache_dma_mem/sram_32x8.lef
[INFO ODB-0127] Reading DEF file: ./results/sky130hd/bsg_cache_dma_mem/base/3_2_place_iop.def
[INFO ODB-0128] Design: bsg_cache_dma
[INFO ODB-0094] 		Created 100000 Insts
[INFO ODB-0130]     Created 734 pins.
[INFO ODB-0131]     Created 129355 components and 261514 component-terminals.
[INFO ODB-0132]     Created 2 special nets and 258708 connections.
[INFO ODB-0133]     Created 1188 nets and 2803 connections.
[INFO ODB-0134] Finished DEF file: ./results/sky130hd/bsg_cache_dma_mem/base/3_2_place_iop.def

==========================================================================
resizer pre report_checks -path_delay min
--------------------------------------------------------------------------
Startpoint: _1258_ (rising edge-triggered flip-flop clocked by clk)
Endpoint: _1258_ (rising edge-triggered flip-flop clocked by clk)
Path Group: clk
Path Type: min

Fanout     Cap    Slew   Delay    Time   Description
-----------------------------------------------------------------------------
                  0.00    0.00    0.00   clock clk (rise edge)
                          0.00    0.00   clock network delay (ideal)
                  0.00    0.00    0.00 ^ _1258_/CLK (sky130_fd_sc_hd__dfxtp_1)
                  0.07    0.30    0.30 ^ _1258_/Q (sky130_fd_sc_hd__dfxtp_1)
     2    0.01                           snoop_word_o[13] (net)
                  0.07    0.00    0.30 ^ _0832_/A1 (sky130_fd_sc_hd__mux2_2)
                  0.03    0.13    0.44 ^ _0832_/X (sky130_fd_sc_hd__mux2_2)
     1    0.00                           _0077_ (net)
                  0.03    0.00    0.44 ^ _1258_/D (sky130_fd_sc_hd__dfxtp_1)
                                  0.44   data arrival time

                  0.00    0.00    0.00   clock clk (rise edge)
                          0.00    0.00   clock network delay (ideal)
                          0.00    0.00   clock reconvergence pessimism
                                  0.00 ^ _1258_/CLK (sky130_fd_sc_hd__dfxtp_1)
                         -0.03   -0.03   library hold time
                                 -0.03   data required time
-----------------------------------------------------------------------------
                                 -0.03   data required time
                                 -0.44   data arrival time
-----------------------------------------------------------------------------
                                  0.47   slack (MET)



==========================================================================
resizer pre report_checks -path_delay max
--------------------------------------------------------------------------
Startpoint: _1283_ (rising edge-triggered flip-flop clocked by clk)
Endpoint: _1220_ (rising edge-triggered flip-flop clocked by clk)
Path Group: clk
Path Type: max

Fanout     Cap    Slew   Delay    Time   Description
-----------------------------------------------------------------------------
                  0.00    0.00    0.00   clock clk (rise edge)
                          0.00    0.00   clock network delay (ideal)
                  0.00    0.00    0.00 ^ _1283_/CLK (sky130_fd_sc_hd__dfxtp_1)
                  0.16    0.37    0.37 ^ _1283_/Q (sky130_fd_sc_hd__dfxtp_1)
     6    0.02                           dma_state_r[1] (net)
                  0.16    0.00    0.37 ^ _0458_/B_N (sky130_fd_sc_hd__nor2b_1)
                  2.59    1.92    2.29 ^ _0458_/Y (sky130_fd_sc_hd__nor2b_1)
     4    0.14                           dma_evict_o (net)
                  2.59    0.00    2.29 ^ _0459_/B_N (sky130_fd_sc_hd__nor2b_1)
                  0.20    0.35    2.64 ^ _0459_/Y (sky130_fd_sc_hd__nor2b_1)
     3    0.01                           _0156_ (net)
                  0.20    0.00    2.64 ^ _0736_/B (sky130_fd_sc_hd__and2_1)
                 19.01   12.82   15.46 ^ _0736_/X (sky130_fd_sc_hd__and2_1)
    65    2.01                           _0364_ (net)
                 19.19    1.51   16.97 ^ _0756_/A2 (sky130_fd_sc_hd__a21oi_1)
                  1.91    0.95   17.93 v _0756_/Y (sky130_fd_sc_hd__a21oi_1)
     1    0.00                           _0039_ (net)
                  1.91    0.00   17.93 v _1220_/D (sky130_fd_sc_hd__dfxtp_1)
                                 17.93   data arrival time

                  0.00  300.00  300.00   clock clk (rise edge)
                          0.00  300.00   clock network delay (ideal)
                          0.00  300.00   clock reconvergence pessimism
                                300.00 ^ _1220_/CLK (sky130_fd_sc_hd__dfxtp_1)
                         -0.75  299.25   library setup time
                                299.25   data required time
-----------------------------------------------------------------------------
                                299.25   data required time
                                -17.93   data arrival time
-----------------------------------------------------------------------------
                                281.33   slack (MET)



==========================================================================
resizer pre report_checks -unconstrained
--------------------------------------------------------------------------
Startpoint: _1283_ (rising edge-triggered flip-flop clocked by clk)
Endpoint: _1220_ (rising edge-triggered flip-flop clocked by clk)
Path Group: clk
Path Type: max

Fanout     Cap    Slew   Delay    Time   Description
-----------------------------------------------------------------------------
                  0.00    0.00    0.00   clock clk (rise edge)
                          0.00    0.00   clock network delay (ideal)
                  0.00    0.00    0.00 ^ _1283_/CLK (sky130_fd_sc_hd__dfxtp_1)
                  0.16    0.37    0.37 ^ _1283_/Q (sky130_fd_sc_hd__dfxtp_1)
     6    0.02                           dma_state_r[1] (net)
                  0.16    0.00    0.37 ^ _0458_/B_N (sky130_fd_sc_hd__nor2b_1)
                  2.59    1.92    2.29 ^ _0458_/Y (sky130_fd_sc_hd__nor2b_1)
     4    0.14                           dma_evict_o (net)
                  2.59    0.00    2.29 ^ _0459_/B_N (sky130_fd_sc_hd__nor2b_1)
                  0.20    0.35    2.64 ^ _0459_/Y (sky130_fd_sc_hd__nor2b_1)
     3    0.01                           _0156_ (net)
                  0.20    0.00    2.64 ^ _0736_/B (sky130_fd_sc_hd__and2_1)
                 19.01   12.82   15.46 ^ _0736_/X (sky130_fd_sc_hd__and2_1)
    65    2.01                           _0364_ (net)
                 19.19    1.51   16.97 ^ _0756_/A2 (sky130_fd_sc_hd__a21oi_1)
                  1.91    0.95   17.93 v _0756_/Y (sky130_fd_sc_hd__a21oi_1)
     1    0.00                           _0039_ (net)
                  1.91    0.00   17.93 v _1220_/D (sky130_fd_sc_hd__dfxtp_1)
                                 17.93   data arrival time

                  0.00  300.00  300.00   clock clk (rise edge)
                          0.00  300.00   clock network delay (ideal)
                          0.00  300.00   clock reconvergence pessimism
                                300.00 ^ _1220_/CLK (sky130_fd_sc_hd__dfxtp_1)
                         -0.75  299.25   library setup time
                                299.25   data required time
-----------------------------------------------------------------------------
                                299.25   data required time
                                -17.93   data arrival time
-----------------------------------------------------------------------------
                                281.33   slack (MET)



==========================================================================
resizer pre report_tns
--------------------------------------------------------------------------
tns 0.00

==========================================================================
resizer pre report_wns
--------------------------------------------------------------------------
wns 0.00

==========================================================================
resizer pre report_worst_slack
--------------------------------------------------------------------------
worst slack 281.33

==========================================================================
resizer pre report_clock_skew
--------------------------------------------------------------------------
Clock clk
Latency      CRPR       Skew
_1181_/CLK ^
   0.00
_1181_/CLK ^
   0.00      0.00       0.00


==========================================================================
resizer pre report_power
--------------------------------------------------------------------------
Group                  Internal  Switching    Leakage      Total
                          Power      Power      Power      Power
----------------------------------------------------------------
Sequential             1.68e-05   3.13e-06   9.62e-10   2.00e-05  70.0%
Combinational          2.11e-06   6.43e-06   2.57e-09   8.54e-06  30.0%
Macro                  0.00e+00   0.00e+00   0.00e+00   0.00e+00   0.0%
Pad                    0.00e+00   0.00e+00   0.00e+00   0.00e+00   0.0%
----------------------------------------------------------------
Total                  1.90e-05   9.56e-06   3.53e-09   2.85e-05 100.0%
                          66.5%      33.5%       0.0%

==========================================================================
resizer pre report_design_area
--------------------------------------------------------------------------
Design area 488230 u^2 5% utilization.


==========================================================================
instance_count
--------------------------------------------------------------------------
129355

==========================================================================
pin_count
--------------------------------------------------------------------------
2804

Perform port buffering...
[INFO RSZ-0027] Inserted 329 input buffers.
[INFO RSZ-0028] Inserted 397 output buffers.
Perform buffer insertion...
[INFO RSZ-0058] Using max wire length 2431um.
[INFO RSZ-0034] Found 268 slew violations.
[INFO RSZ-0036] Found 28 capacitance violations.
[INFO RSZ-0037] Found 45 long wires.
[INFO RSZ-0038] Inserted 291 buffers in 272 nets.
[INFO RSZ-0039] Resized 659 instances.
Repair tie lo fanout...
[INFO RSZ-0042] Inserted 39 tie sky130_fd_sc_hd__conb_1 instances.
Repair tie hi fanout...

==========================================================================
report_floating_nets
--------------------------------------------------------------------------

==========================================================================
resizer report_checks -path_delay min
--------------------------------------------------------------------------
Startpoint: _1258_ (rising edge-triggered flip-flop clocked by clk)
Endpoint: _1258_ (rising edge-triggered flip-flop clocked by clk)
Path Group: clk
Path Type: min

Fanout     Cap    Slew   Delay    Time   Description
-----------------------------------------------------------------------------
                  0.00    0.00    0.00   clock clk (rise edge)
                          0.00    0.00   clock network delay (ideal)
                  0.00    0.00    0.00 ^ _1258_/CLK (sky130_fd_sc_hd__dfxtp_1)
                  0.06    0.30    0.30 ^ _1258_/Q (sky130_fd_sc_hd__dfxtp_1)
     2    0.01                           net699 (net)
                  0.06    0.00    0.30 ^ _0832_/A1 (sky130_fd_sc_hd__mux2_1)
                  0.03    0.11    0.41 ^ _0832_/X (sky130_fd_sc_hd__mux2_1)
     1    0.00                           _0077_ (net)
                  0.03    0.00    0.41 ^ _1258_/D (sky130_fd_sc_hd__dfxtp_1)
                                  0.41   data arrival time

                  0.00    0.00    0.00   clock clk (rise edge)
                          0.00    0.00   clock network delay (ideal)
                          0.00    0.00   clock reconvergence pessimism
                                  0.00 ^ _1258_/CLK (sky130_fd_sc_hd__dfxtp_1)
                         -0.03   -0.03   library hold time
                                 -0.03   data required time
-----------------------------------------------------------------------------
                                 -0.03   data required time
                                 -0.41   data arrival time
-----------------------------------------------------------------------------
                                  0.45   slack (MET)



==========================================================================
resizer report_checks -path_delay max
--------------------------------------------------------------------------
Startpoint: _1294_ (rising edge-triggered flip-flop clocked by clk)
Endpoint: _1260_ (rising edge-triggered flip-flop clocked by clk)
Path Group: clk
Path Type: max

Fanout     Cap    Slew   Delay    Time   Description
-----------------------------------------------------------------------------
                  0.00    0.00    0.00   clock clk (rise edge)
                          0.00    0.00   clock network delay (ideal)
                  0.00    0.00    0.00 ^ _1294_/CLK (sky130_fd_sc_hd__dfxtp_4)
                  0.27    0.51    0.51 v _1294_/Q (sky130_fd_sc_hd__dfxtp_4)
     3    0.24                           in_fifo.unhardened_fifo.empty (net)
                  0.37    0.13    0.63 v _0427_/A (sky130_fd_sc_hd__or3b_4)
                  0.42    0.79    1.42 v _0427_/X (sky130_fd_sc_hd__or3b_4)
     7    0.30                           _0138_ (net)
                  0.48    0.12    1.54 v _0809_/B1 (sky130_fd_sc_hd__a21oi_1)
                  0.29    0.40    1.94 ^ _0809_/Y (sky130_fd_sc_hd__a21oi_1)
     1    0.01                           _0405_ (net)
                  0.29    0.00    1.94 ^ _0816_/A (sky130_fd_sc_hd__nand3_4)
                  1.12    0.89    2.83 v _0816_/Y (sky130_fd_sc_hd__nand3_4)
     3    0.36                           _0412_ (net)
                  1.12    0.06    2.89 v repeater728/A (sky130_fd_sc_hd__buf_16)
                  0.12    0.52    3.41 v repeater728/X (sky130_fd_sc_hd__buf_16)
     9    0.35                           net728 (net)
                  0.54    0.26    3.67 v repeater727/A (sky130_fd_sc_hd__buf_16)
                  0.09    0.36    4.04 v repeater727/X (sky130_fd_sc_hd__buf_16)
     8    0.33                           net727 (net)
                  0.57    0.28    4.31 v _0834_/S (sky130_fd_sc_hd__mux2_1)
                  0.06    0.49    4.81 v _0834_/X (sky130_fd_sc_hd__mux2_1)
     1    0.00                           _0079_ (net)
                  0.06    0.00    4.81 v _1260_/D (sky130_fd_sc_hd__dfxtp_1)
                                  4.81   data arrival time

                  0.00  300.00  300.00   clock clk (rise edge)
                          0.00  300.00   clock network delay (ideal)
                          0.00  300.00   clock reconvergence pessimism
                                300.00 ^ _1260_/CLK (sky130_fd_sc_hd__dfxtp_1)
                         -0.13  299.87   library setup time
                                299.87   data required time
-----------------------------------------------------------------------------
                                299.87   data required time
                                 -4.81   data arrival time
-----------------------------------------------------------------------------
                                295.06   slack (MET)



==========================================================================
resizer report_checks -unconstrained
--------------------------------------------------------------------------
Startpoint: _1294_ (rising edge-triggered flip-flop clocked by clk)
Endpoint: _1260_ (rising edge-triggered flip-flop clocked by clk)
Path Group: clk
Path Type: max

Fanout     Cap    Slew   Delay    Time   Description
-----------------------------------------------------------------------------
                  0.00    0.00    0.00   clock clk (rise edge)
                          0.00    0.00   clock network delay (ideal)
                  0.00    0.00    0.00 ^ _1294_/CLK (sky130_fd_sc_hd__dfxtp_4)
                  0.27    0.51    0.51 v _1294_/Q (sky130_fd_sc_hd__dfxtp_4)
     3    0.24                           in_fifo.unhardened_fifo.empty (net)
                  0.37    0.13    0.63 v _0427_/A (sky130_fd_sc_hd__or3b_4)
                  0.42    0.79    1.42 v _0427_/X (sky130_fd_sc_hd__or3b_4)
     7    0.30                           _0138_ (net)
                  0.48    0.12    1.54 v _0809_/B1 (sky130_fd_sc_hd__a21oi_1)
                  0.29    0.40    1.94 ^ _0809_/Y (sky130_fd_sc_hd__a21oi_1)
     1    0.01                           _0405_ (net)
                  0.29    0.00    1.94 ^ _0816_/A (sky130_fd_sc_hd__nand3_4)
                  1.12    0.89    2.83 v _0816_/Y (sky130_fd_sc_hd__nand3_4)
     3    0.36                           _0412_ (net)
                  1.12    0.06    2.89 v repeater728/A (sky130_fd_sc_hd__buf_16)
                  0.12    0.52    3.41 v repeater728/X (sky130_fd_sc_hd__buf_16)
     9    0.35                           net728 (net)
                  0.54    0.26    3.67 v repeater727/A (sky130_fd_sc_hd__buf_16)
                  0.09    0.36    4.04 v repeater727/X (sky130_fd_sc_hd__buf_16)
     8    0.33                           net727 (net)
                  0.57    0.28    4.31 v _0834_/S (sky130_fd_sc_hd__mux2_1)
                  0.06    0.49    4.81 v _0834_/X (sky130_fd_sc_hd__mux2_1)
     1    0.00                           _0079_ (net)
                  0.06    0.00    4.81 v _1260_/D (sky130_fd_sc_hd__dfxtp_1)
                                  4.81   data arrival time

                  0.00  300.00  300.00   clock clk (rise edge)
                          0.00  300.00   clock network delay (ideal)
                          0.00  300.00   clock reconvergence pessimism
                                300.00 ^ _1260_/CLK (sky130_fd_sc_hd__dfxtp_1)
                         -0.13  299.87   library setup time
                                299.87   data required time
-----------------------------------------------------------------------------
                                299.87   data required time
                                 -4.81   data arrival time
-----------------------------------------------------------------------------
                                295.06   slack (MET)



==========================================================================
resizer report_check_types -max_slew -max_cap -max_fanout -violators
--------------------------------------------------------------------------

==========================================================================
resizer max_slew_violation_count
--------------------------------------------------------------------------
max slew violation count 0

==========================================================================
resizer max_fanout_violation_count
--------------------------------------------------------------------------
max fanout violation count 0

==========================================================================
resizer max_cap_violation_count
--------------------------------------------------------------------------
max cap violation count 0

==========================================================================
resizer report_tns
--------------------------------------------------------------------------
tns 0.00

==========================================================================
resizer report_wns
--------------------------------------------------------------------------
wns 0.00

==========================================================================
resizer report_worst_slack
--------------------------------------------------------------------------
worst slack 295.06

==========================================================================
resizer report_clock_skew
--------------------------------------------------------------------------
Clock clk
Latency      CRPR       Skew
_1181_/CLK ^
   0.00
_1181_/CLK ^
   0.00      0.00       0.00


==========================================================================
resizer report_power
--------------------------------------------------------------------------
Group                  Internal  Switching    Leakage      Total
                          Power      Power      Power      Power
----------------------------------------------------------------
Sequential             1.68e-05   2.25e-06   9.66e-10   1.91e-05  60.5%
Combinational          3.32e-06   9.09e-06   7.81e-09   1.24e-05  39.5%
Macro                  0.00e+00   0.00e+00   0.00e+00   0.00e+00   0.0%
Pad                    0.00e+00   0.00e+00   0.00e+00   0.00e+00   0.0%
----------------------------------------------------------------
Total                  2.01e-05   1.13e-05   8.78e-09   3.15e-05 100.0%
                          63.9%      36.0%       0.0%

==========================================================================
resizer report_design_area
--------------------------------------------------------------------------
Design area 500479 u^2 5% utilization.


==========================================================================
instance_count
--------------------------------------------------------------------------
130410

==========================================================================
pin_count
--------------------------------------------------------------------------
4914

Elapsed time: 0:15.88[h:]min:sec. Average CPU: 65%. Peak memory: 521452KB.
