OpenROAD 1 v2.0-880-gd1c7001ad
This program is licensed under the BSD-3 license. See the LICENSE file for details.
Components of this program may be licensed under more restrictive licenses which must be honored.
[INFO ODB-0222] Reading LEF file: ./platforms/sky130hd/lef/sky130_fd_sc_hd.tlef
[INFO ODB-0223]     Created 11 technology layers
[INFO ODB-0224]     Created 25 technology vias
[INFO ODB-0226] Finished LEF file:  ./platforms/sky130hd/lef/sky130_fd_sc_hd.tlef
[INFO ODB-0222] Reading LEF file: ./platforms/sky130hd/lef/sky130_fd_sc_hd_merged.lef
[INFO ODB-0225]     Created 437 library cells
[INFO ODB-0226] Finished LEF file:  ./platforms/sky130hd/lef/sky130_fd_sc_hd_merged.lef
[INFO ODB-0222] Reading LEF file: ./designs/sky130hd/bsg_cache_dma_mem/sram_32x8.lef
[WARNING ODB-0220] WARNING (LEFPARS-2065): Either PATH, RECT or POLYGON statement is a required in MACRO/PIN/PORT. See file ./designs/sky130hd/bsg_cache_dma_mem/sram_32x8.lef at line 957.

[WARNING ODB-0220] WARNING (LEFPARS-2076): Either PATH, RECT or POLYGON statement is a required in MACRO/OBS. See file ./designs/sky130hd/bsg_cache_dma_mem/sram_32x8.lef at line 960.

[INFO ODB-0225]     Created 1 library cells
[INFO ODB-0226] Finished LEF file:  ./designs/sky130hd/bsg_cache_dma_mem/sram_32x8.lef
[INFO ODB-0127] Reading DEF file: ./results/sky130hd/bsg_cache_dma_mem/base/3_3_place_resized.def
[INFO ODB-0128] Design: bsg_cache_dma
[INFO ODB-0094] 		Created 100000 Insts
[INFO ODB-0130]     Created 734 pins.
[INFO ODB-0131]     Created 130410 components and 265734 component-terminals.
[INFO ODB-0132]     Created 2 special nets and 260818 connections.
[INFO ODB-0133]     Created 2243 nets and 4875 connections.
[INFO ODB-0134] Finished DEF file: ./results/sky130hd/bsg_cache_dma_mem/base/3_3_place_resized.def
Placement Analysis
---------------------------------
total displacement       7545.8 u
average displacement        0.1 u
max displacement           87.0 u
original HPWL          777304.1 u
legalized HPWL         781237.8 u
delta HPWL                    1 %

[INFO DPL-0020] Mirrored 910 instances
[INFO DPL-0021] HPWL before          781237.8 u
[INFO DPL-0022] HPWL after           778550.4 u
[INFO DPL-0023] HPWL delta               -0.3 %
[INFO FLW-0012] Placement violations 0.

==========================================================================
detailed place report_checks -path_delay min
--------------------------------------------------------------------------
Startpoint: _1258_ (rising edge-triggered flip-flop clocked by clk)
Endpoint: _1258_ (rising edge-triggered flip-flop clocked by clk)
Path Group: clk
Path Type: min

Fanout     Cap    Slew   Delay    Time   Description
-----------------------------------------------------------------------------
                  0.00    0.00    0.00   clock clk (rise edge)
                          0.00    0.00   clock network delay (ideal)
                  0.00    0.00    0.00 ^ _1258_/CLK (sky130_fd_sc_hd__dfxtp_1)
                  0.07    0.30    0.30 ^ _1258_/Q (sky130_fd_sc_hd__dfxtp_1)
     2    0.01                           net699 (net)
                  0.07    0.00    0.30 ^ _0832_/A1 (sky130_fd_sc_hd__mux2_1)
                  0.04    0.12    0.42 ^ _0832_/X (sky130_fd_sc_hd__mux2_1)
     1    0.00                           _0077_ (net)
                  0.04    0.00    0.42 ^ _1258_/D (sky130_fd_sc_hd__dfxtp_1)
                                  0.42   data arrival time

                  0.00    0.00    0.00   clock clk (rise edge)
                          0.00    0.00   clock network delay (ideal)
                          0.00    0.00   clock reconvergence pessimism
                                  0.00 ^ _1258_/CLK (sky130_fd_sc_hd__dfxtp_1)
                         -0.04   -0.04   library hold time
                                 -0.04   data required time
-----------------------------------------------------------------------------
                                 -0.04   data required time
                                 -0.42   data arrival time
-----------------------------------------------------------------------------
                                  0.46   slack (MET)



==========================================================================
detailed place report_checks -path_delay max
--------------------------------------------------------------------------
Startpoint: _1294_ (rising edge-triggered flip-flop clocked by clk)
Endpoint: _1260_ (rising edge-triggered flip-flop clocked by clk)
Path Group: clk
Path Type: max

Fanout     Cap    Slew   Delay    Time   Description
-----------------------------------------------------------------------------
                  0.00    0.00    0.00   clock clk (rise edge)
                          0.00    0.00   clock network delay (ideal)
                  0.00    0.00    0.00 ^ _1294_/CLK (sky130_fd_sc_hd__dfxtp_4)
                  0.28    0.51    0.51 v _1294_/Q (sky130_fd_sc_hd__dfxtp_4)
     3    0.24                           in_fifo.unhardened_fifo.empty (net)
                  0.38    0.13    0.64 v _0427_/A (sky130_fd_sc_hd__or3b_4)
                  0.42    0.79    1.43 v _0427_/X (sky130_fd_sc_hd__or3b_4)
     7    0.31                           _0138_ (net)
                  0.49    0.12    1.55 v _0809_/B1 (sky130_fd_sc_hd__a21oi_1)
                  0.29    0.40    1.94 ^ _0809_/Y (sky130_fd_sc_hd__a21oi_1)
     1    0.01                           _0405_ (net)
                  0.29    0.00    1.94 ^ _0816_/A (sky130_fd_sc_hd__nand3_4)
                  1.12    0.89    2.84 v _0816_/Y (sky130_fd_sc_hd__nand3_4)
     3    0.36                           _0412_ (net)
                  1.13    0.06    2.89 v repeater728/A (sky130_fd_sc_hd__buf_16)
                  0.12    0.52    3.42 v repeater728/X (sky130_fd_sc_hd__buf_16)
     9    0.35                           net728 (net)
                  0.54    0.26    3.68 v repeater727/A (sky130_fd_sc_hd__buf_16)
                  0.09    0.36    4.04 v repeater727/X (sky130_fd_sc_hd__buf_16)
     8    0.34                           net727 (net)
                  0.57    0.28    4.32 v _0834_/S (sky130_fd_sc_hd__mux2_1)
                  0.06    0.50    4.82 v _0834_/X (sky130_fd_sc_hd__mux2_1)
     1    0.00                           _0079_ (net)
                  0.06    0.00    4.82 v _1260_/D (sky130_fd_sc_hd__dfxtp_1)
                                  4.82   data arrival time

                  0.00  300.00  300.00   clock clk (rise edge)
                          0.00  300.00   clock network delay (ideal)
                          0.00  300.00   clock reconvergence pessimism
                                300.00 ^ _1260_/CLK (sky130_fd_sc_hd__dfxtp_1)
                         -0.13  299.87   library setup time
                                299.87   data required time
-----------------------------------------------------------------------------
                                299.87   data required time
                                 -4.82   data arrival time
-----------------------------------------------------------------------------
                                295.05   slack (MET)



==========================================================================
detailed place report_checks -unconstrained
--------------------------------------------------------------------------
Startpoint: _1294_ (rising edge-triggered flip-flop clocked by clk)
Endpoint: _1260_ (rising edge-triggered flip-flop clocked by clk)
Path Group: clk
Path Type: max

Fanout     Cap    Slew   Delay    Time   Description
-----------------------------------------------------------------------------
                  0.00    0.00    0.00   clock clk (rise edge)
                          0.00    0.00   clock network delay (ideal)
                  0.00    0.00    0.00 ^ _1294_/CLK (sky130_fd_sc_hd__dfxtp_4)
                  0.28    0.51    0.51 v _1294_/Q (sky130_fd_sc_hd__dfxtp_4)
     3    0.24                           in_fifo.unhardened_fifo.empty (net)
                  0.38    0.13    0.64 v _0427_/A (sky130_fd_sc_hd__or3b_4)
                  0.42    0.79    1.43 v _0427_/X (sky130_fd_sc_hd__or3b_4)
     7    0.31                           _0138_ (net)
                  0.49    0.12    1.55 v _0809_/B1 (sky130_fd_sc_hd__a21oi_1)
                  0.29    0.40    1.94 ^ _0809_/Y (sky130_fd_sc_hd__a21oi_1)
     1    0.01                           _0405_ (net)
                  0.29    0.00    1.94 ^ _0816_/A (sky130_fd_sc_hd__nand3_4)
                  1.12    0.89    2.84 v _0816_/Y (sky130_fd_sc_hd__nand3_4)
     3    0.36                           _0412_ (net)
                  1.13    0.06    2.89 v repeater728/A (sky130_fd_sc_hd__buf_16)
                  0.12    0.52    3.42 v repeater728/X (sky130_fd_sc_hd__buf_16)
     9    0.35                           net728 (net)
                  0.54    0.26    3.68 v repeater727/A (sky130_fd_sc_hd__buf_16)
                  0.09    0.36    4.04 v repeater727/X (sky130_fd_sc_hd__buf_16)
     8    0.34                           net727 (net)
                  0.57    0.28    4.32 v _0834_/S (sky130_fd_sc_hd__mux2_1)
                  0.06    0.50    4.82 v _0834_/X (sky130_fd_sc_hd__mux2_1)
     1    0.00                           _0079_ (net)
                  0.06    0.00    4.82 v _1260_/D (sky130_fd_sc_hd__dfxtp_1)
                                  4.82   data arrival time

                  0.00  300.00  300.00   clock clk (rise edge)
                          0.00  300.00   clock network delay (ideal)
                          0.00  300.00   clock reconvergence pessimism
                                300.00 ^ _1260_/CLK (sky130_fd_sc_hd__dfxtp_1)
                         -0.13  299.87   library setup time
                                299.87   data required time
-----------------------------------------------------------------------------
                                299.87   data required time
                                 -4.82   data arrival time
-----------------------------------------------------------------------------
                                295.05   slack (MET)



==========================================================================
detailed place report_check_types -max_slew -max_cap -max_fanout -violators
--------------------------------------------------------------------------
max slew

Pin                                    Limit    Slew   Slack
------------------------------------------------------------
_0656_/A                                1.50    1.50   -0.00 (VIOLATED)


==========================================================================
detailed place max_slew_violation_count
--------------------------------------------------------------------------
max slew violation count 1

==========================================================================
detailed place max_fanout_violation_count
--------------------------------------------------------------------------
max fanout violation count 0

==========================================================================
detailed place max_cap_violation_count
--------------------------------------------------------------------------
max cap violation count 0

==========================================================================
detailed place report_tns
--------------------------------------------------------------------------
tns 0.00

==========================================================================
detailed place report_wns
--------------------------------------------------------------------------
wns 0.00

==========================================================================
detailed place report_worst_slack
--------------------------------------------------------------------------
worst slack 295.05

==========================================================================
detailed place report_clock_skew
--------------------------------------------------------------------------
Clock clk
Latency      CRPR       Skew
_1277_/CLK ^
   0.00
_1278_/CLK ^
   0.00      0.00       0.00


==========================================================================
detailed place report_power
--------------------------------------------------------------------------
Group                  Internal  Switching    Leakage      Total
                          Power      Power      Power      Power
----------------------------------------------------------------
Sequential             1.68e-05   2.29e-06   9.66e-10   1.91e-05  63.0%
Combinational          3.19e-06   8.03e-06   7.81e-09   1.12e-05  37.0%
Macro                  0.00e+00   0.00e+00   0.00e+00   0.00e+00   0.0%
Pad                    0.00e+00   0.00e+00   0.00e+00   0.00e+00   0.0%
----------------------------------------------------------------
Total                  2.00e-05   1.03e-05   8.78e-09   3.03e-05 100.0%
                          65.9%      34.0%       0.0%

==========================================================================
detailed place report_design_area
--------------------------------------------------------------------------
Design area 500479 u^2 5% utilization.

Elapsed time: 0:18.28[h:]min:sec. Average CPU: 66%. Peak memory: 777824KB.
