OpenROAD 1 v2.0-880-gd1c7001ad
This program is licensed under the BSD-3 license. See the LICENSE file for details.
Components of this program may be licensed under more restrictive licenses which must be honored.
[INFO ODB-0222] Reading LEF file: ./platforms/sky130hd/lef/sky130_fd_sc_hd.tlef
[INFO ODB-0223]     Created 11 technology layers
[INFO ODB-0224]     Created 25 technology vias
[INFO ODB-0226] Finished LEF file:  ./platforms/sky130hd/lef/sky130_fd_sc_hd.tlef
[INFO ODB-0222] Reading LEF file: ./platforms/sky130hd/lef/sky130_fd_sc_hd_merged.lef
[INFO ODB-0225]     Created 437 library cells
[INFO ODB-0226] Finished LEF file:  ./platforms/sky130hd/lef/sky130_fd_sc_hd_merged.lef
[INFO ODB-0222] Reading LEF file: ./designs/sky130hd/bsg_cache_dma_mem/sram_32x8.lef
[WARNING ODB-0220] WARNING (LEFPARS-2065): Either PATH, RECT or POLYGON statement is a required in MACRO/PIN/PORT. See file ./designs/sky130hd/bsg_cache_dma_mem/sram_32x8.lef at line 957.

[WARNING ODB-0220] WARNING (LEFPARS-2076): Either PATH, RECT or POLYGON statement is a required in MACRO/OBS. See file ./designs/sky130hd/bsg_cache_dma_mem/sram_32x8.lef at line 960.

[INFO ODB-0225]     Created 1 library cells
[INFO ODB-0226] Finished LEF file:  ./designs/sky130hd/bsg_cache_dma_mem/sram_32x8.lef
[WARNING ORD-0033] -order_wires is deprecated.
[INFO ODB-0127] Reading DEF file: ./results/sky130hd/bsg_cache_dma_mem/base/6_1_fill.def
[INFO ODB-0128] Design: bsg_cache_dma
[INFO ODB-0094] 		Created 100000 Insts
[INFO ODB-0094] 		Created 200000 Insts
[INFO ODB-0094] 		Created 300000 Insts
[INFO ODB-0094] 		Created 400000 Insts
[INFO ODB-0094] 		Created 500000 Insts
[INFO ODB-0094] 		Created 600000 Insts
[INFO ODB-0094] 		Created 700000 Insts
[INFO ODB-0094] 		Created 800000 Insts
[INFO ODB-0094] 		Created 900000 Insts
[INFO ODB-0094] 		Created 1000000 Insts
[INFO ODB-0094] 		Created 1100000 Insts
[INFO ODB-0094] 		Created 1200000 Insts
[INFO ODB-0130]     Created 734 pins.
[INFO ODB-0131]     Created 1290217 components and 2585716 component-terminals.
[INFO ODB-0132]     Created 2 special nets and 2580432 connections.
[INFO ODB-0133]     Created 2427 nets and 5243 connections.
[INFO ODB-0134] Finished DEF file: ./results/sky130hd/bsg_cache_dma_mem/base/6_1_fill.def
[INFO] Deleted 0 routing obstructions
[INFO RCX-0431] Defined process_corner X with ext_model_index 0
[INFO RCX-0029] Defined extraction corner X
[INFO RCX-0008] extracting parasitics of bsg_cache_dma ...
Notice 0: Split top of 311 T shapes.
[INFO RCX-0435] Reading extraction model file ./platforms/sky130hd/rcx_patterns.rules ...
[INFO RCX-0436] RC segment generation bsg_cache_dma (max_merge_res 50.0) ...
[INFO RCX-0040] Final 8920 rc segments
[INFO RCX-0439] Coupling Cap extraction bsg_cache_dma ...
[INFO RCX-0440] Coupling threshhold is 0.1000 fF, coupling capacitance less than 0.1000 fF will be grounded.
[INFO RCX-0043] 14747 wires to be extracted
[INFO RCX-0442] 7% completion -- 1173 wires have been extracted
[INFO RCX-0442] 18% completion -- 2794 wires have been extracted
[INFO RCX-0442] 25% completion -- 3791 wires have been extracted
[INFO RCX-0442] 35% completion -- 5162 wires have been extracted
[INFO RCX-0442] 42% completion -- 6279 wires have been extracted
[INFO RCX-0442] 58% completion -- 8648 wires have been extracted
[INFO RCX-0442] 64% completion -- 9448 wires have been extracted
[INFO RCX-0442] 73% completion -- 10882 wires have been extracted
[INFO RCX-0442] 78% completion -- 11617 wires have been extracted
[INFO RCX-0442] 86% completion -- 12713 wires have been extracted
[INFO RCX-0442] 100% completion -- 14747 wires have been extracted
[INFO RCX-0045] Extract 2427 nets, 11345 rsegs, 11345 caps, 9434 ccs
[INFO RCX-0015] Finished extracting bsg_cache_dma.
[INFO RCX-0016] Writing SPEF ...
[INFO RCX-0443] 2427 nets finished
[INFO RCX-0017] Finished writing SPEF ...
[WARNING PSM-0016] Voltage pad location (VSRC) file not specified, defaulting pad location to checkerboard pattern on core area.
[WARNING PSM-0017] X direction bump pitch is not specified, defaulting to 140um.
[WARNING PSM-0018] Y direction bump pitch is not specified, defaulting to 140um.
[WARNING PSM-0065] VSRC location not specified, using default checkerboard pattern with one VDD every size bumps in x-direction and one in two bumps in the y-direction
[WARNING PSM-0030] VSRC location at (20.240um, 21.760um) and size 10.000um, is not located on a power stripe. Moving to closest stripe at (21.600um, 35.120um).
[WARNING PSM-0030] VSRC location at (860.240um, 21.760um) and size 10.000um, is not located on a power stripe. Moving to closest stripe at (858.600um, 35.120um).
[WARNING PSM-0030] VSRC location at (1700.240um, 21.760um) and size 10.000um, is not located on a power stripe. Moving to closest stripe at (1701.000um, 35.120um).
[WARNING PSM-0030] VSRC location at (2540.240um, 21.760um) and size 10.000um, is not located on a power stripe. Moving to closest stripe at (2538.000um, 35.120um).
[WARNING PSM-0030] VSRC location at (300.240um, 161.760um) and size 10.000um, is not located on a power stripe. Moving to closest stripe at (302.400um, 171.120um).
[WARNING PSM-0030] VSRC location at (1140.240um, 161.760um) and size 10.000um, is not located on a power stripe. Moving to closest stripe at (1139.400um, 171.120um).
[WARNING PSM-0030] VSRC location at (1980.240um, 161.760um) and size 10.000um, is not located on a power stripe. Moving to closest stripe at (1981.800um, 171.120um).
[WARNING PSM-0030] VSRC location at (2820.240um, 161.760um) and size 10.000um, is not located on a power stripe. Moving to closest stripe at (2818.800um, 171.120um).
[WARNING PSM-0030] VSRC location at (580.240um, 301.760um) and size 10.000um, is not located on a power stripe. Moving to closest stripe at (577.800um, 307.120um).
[WARNING PSM-0030] VSRC location at (1420.240um, 301.760um) and size 10.000um, is not located on a power stripe. Moving to closest stripe at (1420.200um, 307.120um).
[WARNING PSM-0030] VSRC location at (2260.240um, 301.760um) and size 10.000um, is not located on a power stripe. Moving to closest stripe at (2262.600um, 307.120um).
[WARNING PSM-0030] VSRC location at (580.240um, 721.760um) and size 10.000um, is not located on a power stripe. Moving to closest stripe at (577.800um, 715.120um).
[WARNING PSM-0030] VSRC location at (1420.240um, 721.760um) and size 10.000um, is not located on a power stripe. Moving to closest stripe at (1420.200um, 715.120um).
[WARNING PSM-0030] VSRC location at (2260.240um, 721.760um) and size 10.000um, is not located on a power stripe. Moving to closest stripe at (2262.600um, 715.120um).
[WARNING PSM-0030] VSRC location at (20.240um, 861.760um) and size 10.000um, is not located on a power stripe. Moving to closest stripe at (21.600um, 851.120um).
[WARNING PSM-0030] VSRC location at (860.240um, 861.760um) and size 10.000um, is not located on a power stripe. Moving to closest stripe at (858.600um, 851.120um).
[WARNING PSM-0030] VSRC location at (1700.240um, 861.760um) and size 10.000um, is not located on a power stripe. Moving to closest stripe at (1701.000um, 851.120um).
[WARNING PSM-0030] VSRC location at (2540.240um, 861.760um) and size 10.000um, is not located on a power stripe. Moving to closest stripe at (2538.000um, 851.120um).
[WARNING PSM-0030] VSRC location at (300.240um, 1001.760um) and size 10.000um, is not located on a power stripe. Moving to closest stripe at (302.400um, 1014.320um).
[WARNING PSM-0030] VSRC location at (1140.240um, 1001.760um) and size 10.000um, is not located on a power stripe. Moving to closest stripe at (1139.400um, 1014.320um).
[WARNING PSM-0030] VSRC location at (1980.240um, 1001.760um) and size 10.000um, is not located on a power stripe. Moving to closest stripe at (1981.800um, 1014.320um).
[WARNING PSM-0030] VSRC location at (2820.240um, 1001.760um) and size 10.000um, is not located on a power stripe. Moving to closest stripe at (2818.800um, 1014.320um).
[WARNING PSM-0030] VSRC location at (580.240um, 1141.760um) and size 10.000um, is not located on a power stripe. Moving to closest stripe at (577.800um, 1150.320um).
[WARNING PSM-0030] VSRC location at (1420.240um, 1141.760um) and size 10.000um, is not located on a power stripe. Moving to closest stripe at (1420.200um, 1150.320um).
[WARNING PSM-0030] VSRC location at (2260.240um, 1141.760um) and size 10.000um, is not located on a power stripe. Moving to closest stripe at (2262.600um, 1150.320um).
[WARNING PSM-0030] VSRC location at (20.240um, 1701.760um) and size 10.000um, is not located on a power stripe. Moving to closest stripe at (21.600um, 1694.320um).
[WARNING PSM-0030] VSRC location at (860.240um, 1701.760um) and size 10.000um, is not located on a power stripe. Moving to closest stripe at (858.600um, 1694.320um).
[WARNING PSM-0030] VSRC location at (1700.240um, 1701.760um) and size 10.000um, is not located on a power stripe. Moving to closest stripe at (1701.000um, 1694.320um).
[WARNING PSM-0030] VSRC location at (2540.240um, 1701.760um) and size 10.000um, is not located on a power stripe. Moving to closest stripe at (2538.000um, 1694.320um).
[WARNING PSM-0030] VSRC location at (300.240um, 1841.760um) and size 10.000um, is not located on a power stripe. Moving to closest stripe at (302.400um, 1830.320um).
[WARNING PSM-0030] VSRC location at (1140.240um, 1841.760um) and size 10.000um, is not located on a power stripe. Moving to closest stripe at (1139.400um, 1830.320um).
[WARNING PSM-0030] VSRC location at (1980.240um, 1841.760um) and size 10.000um, is not located on a power stripe. Moving to closest stripe at (1981.800um, 1830.320um).
[WARNING PSM-0030] VSRC location at (2820.240um, 1841.760um) and size 10.000um, is not located on a power stripe. Moving to closest stripe at (2818.800um, 1830.320um).
[WARNING PSM-0030] VSRC location at (580.240um, 1981.760um) and size 10.000um, is not located on a power stripe. Moving to closest stripe at (577.800um, 1993.520um).
[WARNING PSM-0030] VSRC location at (1420.240um, 1981.760um) and size 10.000um, is not located on a power stripe. Moving to closest stripe at (1420.200um, 1993.520um).
[WARNING PSM-0030] VSRC location at (2260.240um, 1981.760um) and size 10.000um, is not located on a power stripe. Moving to closest stripe at (2262.600um, 1993.520um).
[WARNING PSM-0030] VSRC location at (20.240um, 2121.760um) and size 10.000um, is not located on a power stripe. Moving to closest stripe at (21.600um, 2129.520um).
[WARNING PSM-0030] VSRC location at (860.240um, 2121.760um) and size 10.000um, is not located on a power stripe. Moving to closest stripe at (858.600um, 2129.520um).
[WARNING PSM-0030] VSRC location at (1700.240um, 2121.760um) and size 10.000um, is not located on a power stripe. Moving to closest stripe at (1701.000um, 2129.520um).
[WARNING PSM-0030] VSRC location at (2540.240um, 2121.760um) and size 10.000um, is not located on a power stripe. Moving to closest stripe at (2538.000um, 2129.520um).
[WARNING PSM-0030] VSRC location at (300.240um, 2681.760um) and size 10.000um, is not located on a power stripe. Moving to closest stripe at (302.400um, 2673.520um).
[WARNING PSM-0030] VSRC location at (1140.240um, 2681.760um) and size 10.000um, is not located on a power stripe. Moving to closest stripe at (1139.400um, 2673.520um).
[WARNING PSM-0030] VSRC location at (1980.240um, 2681.760um) and size 10.000um, is not located on a power stripe. Moving to closest stripe at (1981.800um, 2673.520um).
[WARNING PSM-0030] VSRC location at (2820.240um, 2681.760um) and size 10.000um, is not located on a power stripe. Moving to closest stripe at (2818.800um, 2673.520um).
[WARNING PSM-0030] VSRC location at (580.240um, 2821.760um) and size 10.000um, is not located on a power stripe. Moving to closest stripe at (577.800um, 2809.520um).
[WARNING PSM-0030] VSRC location at (1420.240um, 2821.760um) and size 10.000um, is not located on a power stripe. Moving to closest stripe at (1420.200um, 2809.520um).
[WARNING PSM-0030] VSRC location at (2260.240um, 2821.760um) and size 10.000um, is not located on a power stripe. Moving to closest stripe at (2262.600um, 2809.520um).
[WARNING PSM-0030] VSRC location at (20.240um, 2961.760um) and size 10.000um, is not located on a power stripe. Moving to closest stripe at (21.600um, 2972.720um).
[WARNING PSM-0030] VSRC location at (860.240um, 2961.760um) and size 10.000um, is not located on a power stripe. Moving to closest stripe at (858.600um, 2972.720um).
[WARNING PSM-0030] VSRC location at (1700.240um, 2961.760um) and size 10.000um, is not located on a power stripe. Moving to closest stripe at (1701.000um, 2972.720um).
[WARNING PSM-0030] VSRC location at (2540.240um, 2961.760um) and size 10.000um, is not located on a power stripe. Moving to closest stripe at (2538.000um, 2972.720um).
[WARNING PSM-0030] VSRC location at (300.240um, 3101.760um) and size 10.000um, is not located on a power stripe. Moving to closest stripe at (302.400um, 3108.720um).
[WARNING PSM-0030] VSRC location at (1140.240um, 3101.760um) and size 10.000um, is not located on a power stripe. Moving to closest stripe at (1139.400um, 3108.720um).
[WARNING PSM-0030] VSRC location at (1980.240um, 3101.760um) and size 10.000um, is not located on a power stripe. Moving to closest stripe at (1981.800um, 3108.720um).
[WARNING PSM-0030] VSRC location at (2820.240um, 3101.760um) and size 10.000um, is not located on a power stripe. Moving to closest stripe at (2818.800um, 3108.720um).
[INFO PSM-0031] Number of PDN nodes on net VDD = 1015891.
[INFO PSM-0064] Number of voltage sources = 88.
[INFO PSM-0040] All PDN stripes on net VDD are connected.
########## IR report #################
Worstcase voltage: 1.80e+00 V
Average IR drop  : 3.17e-07 V
Worstcase IR drop: 9.56e-06 V
######################################
[WARNING PSM-0016] Voltage pad location (VSRC) file not specified, defaulting pad location to checkerboard pattern on core area.
[WARNING PSM-0017] X direction bump pitch is not specified, defaulting to 140um.
[WARNING PSM-0018] Y direction bump pitch is not specified, defaulting to 140um.
[WARNING PSM-0065] VSRC location not specified, using default checkerboard pattern with one VDD every size bumps in x-direction and one in two bumps in the y-direction
[WARNING PSM-0030] VSRC location at (20.240um, 21.760um) and size 10.000um, is not located on a power stripe. Moving to closest stripe at (21.600um, 48.720um).
[WARNING PSM-0030] VSRC location at (860.240um, 21.760um) and size 10.000um, is not located on a power stripe. Moving to closest stripe at (858.600um, 48.720um).
[WARNING PSM-0030] VSRC location at (1700.240um, 21.760um) and size 10.000um, is not located on a power stripe. Moving to closest stripe at (1701.000um, 48.720um).
[WARNING PSM-0030] VSRC location at (2540.240um, 21.760um) and size 10.000um, is not located on a power stripe. Moving to closest stripe at (2538.000um, 48.720um).
[WARNING PSM-0030] VSRC location at (580.240um, 301.760um) and size 10.000um, is not located on a power stripe. Moving to closest stripe at (577.800um, 293.520um).
[WARNING PSM-0030] VSRC location at (1420.240um, 301.760um) and size 10.000um, is not located on a power stripe. Moving to closest stripe at (1420.200um, 293.520um).
[WARNING PSM-0030] VSRC location at (2260.240um, 301.760um) and size 10.000um, is not located on a power stripe. Moving to closest stripe at (2262.600um, 293.520um).
[WARNING PSM-0030] VSRC location at (20.240um, 441.760um) and size 10.000um, is not located on a power stripe. Moving to closest stripe at (21.600um, 429.520um).
[WARNING PSM-0030] VSRC location at (860.240um, 441.760um) and size 10.000um, is not located on a power stripe. Moving to closest stripe at (858.600um, 429.520um).
[WARNING PSM-0030] VSRC location at (1700.240um, 441.760um) and size 10.000um, is not located on a power stripe. Moving to closest stripe at (1701.000um, 429.520um).
[WARNING PSM-0030] VSRC location at (2540.240um, 441.760um) and size 10.000um, is not located on a power stripe. Moving to closest stripe at (2538.000um, 429.520um).
[WARNING PSM-0030] VSRC location at (300.240um, 581.760um) and size 10.000um, is not located on a power stripe. Moving to closest stripe at (302.400um, 592.720um).
[WARNING PSM-0030] VSRC location at (1140.240um, 581.760um) and size 10.000um, is not located on a power stripe. Moving to closest stripe at (1139.400um, 592.720um).
[WARNING PSM-0030] VSRC location at (1980.240um, 581.760um) and size 10.000um, is not located on a power stripe. Moving to closest stripe at (1981.800um, 592.720um).
[WARNING PSM-0030] VSRC location at (2820.240um, 581.760um) and size 10.000um, is not located on a power stripe. Moving to closest stripe at (2818.800um, 592.720um).
[WARNING PSM-0030] VSRC location at (580.240um, 721.760um) and size 10.000um, is not located on a power stripe. Moving to closest stripe at (577.800um, 728.720um).
[WARNING PSM-0030] VSRC location at (1420.240um, 721.760um) and size 10.000um, is not located on a power stripe. Moving to closest stripe at (1420.200um, 728.720um).
[WARNING PSM-0030] VSRC location at (2260.240um, 721.760um) and size 10.000um, is not located on a power stripe. Moving to closest stripe at (2262.600um, 728.720um).
[WARNING PSM-0030] VSRC location at (580.240um, 1141.760um) and size 10.000um, is not located on a power stripe. Moving to closest stripe at (577.800um, 1136.720um).
[WARNING PSM-0030] VSRC location at (1420.240um, 1141.760um) and size 10.000um, is not located on a power stripe. Moving to closest stripe at (1420.200um, 1136.720um).
[WARNING PSM-0030] VSRC location at (2260.240um, 1141.760um) and size 10.000um, is not located on a power stripe. Moving to closest stripe at (2262.600um, 1136.720um).
[WARNING PSM-0030] VSRC location at (20.240um, 1281.760um) and size 10.000um, is not located on a power stripe. Moving to closest stripe at (21.600um, 1272.720um).
[WARNING PSM-0030] VSRC location at (860.240um, 1281.760um) and size 10.000um, is not located on a power stripe. Moving to closest stripe at (858.600um, 1272.720um).
[WARNING PSM-0030] VSRC location at (1700.240um, 1281.760um) and size 10.000um, is not located on a power stripe. Moving to closest stripe at (1701.000um, 1272.720um).
[WARNING PSM-0030] VSRC location at (2540.240um, 1281.760um) and size 10.000um, is not located on a power stripe. Moving to closest stripe at (2538.000um, 1272.720um).
[WARNING PSM-0030] VSRC location at (300.240um, 1421.760um) and size 10.000um, is not located on a power stripe. Moving to closest stripe at (302.400um, 1408.720um).
[WARNING PSM-0030] VSRC location at (1140.240um, 1421.760um) and size 10.000um, is not located on a power stripe. Moving to closest stripe at (1139.400um, 1408.720um).
[WARNING PSM-0030] VSRC location at (1980.240um, 1421.760um) and size 10.000um, is not located on a power stripe. Moving to closest stripe at (1981.800um, 1408.720um).
[WARNING PSM-0030] VSRC location at (2820.240um, 1421.760um) and size 10.000um, is not located on a power stripe. Moving to closest stripe at (2818.800um, 1408.720um).
[WARNING PSM-0030] VSRC location at (580.240um, 1561.760um) and size 10.000um, is not located on a power stripe. Moving to closest stripe at (577.800um, 1571.920um).
[WARNING PSM-0030] VSRC location at (1420.240um, 1561.760um) and size 10.000um, is not located on a power stripe. Moving to closest stripe at (1420.200um, 1571.920um).
[WARNING PSM-0030] VSRC location at (2260.240um, 1561.760um) and size 10.000um, is not located on a power stripe. Moving to closest stripe at (2262.600um, 1571.920um).
[WARNING PSM-0030] VSRC location at (20.240um, 1701.760um) and size 10.000um, is not located on a power stripe. Moving to closest stripe at (21.600um, 1707.920um).
[WARNING PSM-0030] VSRC location at (860.240um, 1701.760um) and size 10.000um, is not located on a power stripe. Moving to closest stripe at (858.600um, 1707.920um).
[WARNING PSM-0030] VSRC location at (1700.240um, 1701.760um) and size 10.000um, is not located on a power stripe. Moving to closest stripe at (1701.000um, 1707.920um).
[WARNING PSM-0030] VSRC location at (2540.240um, 1701.760um) and size 10.000um, is not located on a power stripe. Moving to closest stripe at (2538.000um, 1707.920um).
[WARNING PSM-0030] VSRC location at (20.240um, 2121.760um) and size 10.000um, is not located on a power stripe. Moving to closest stripe at (21.600um, 2115.920um).
[WARNING PSM-0030] VSRC location at (860.240um, 2121.760um) and size 10.000um, is not located on a power stripe. Moving to closest stripe at (858.600um, 2115.920um).
[WARNING PSM-0030] VSRC location at (1700.240um, 2121.760um) and size 10.000um, is not located on a power stripe. Moving to closest stripe at (1701.000um, 2115.920um).
[WARNING PSM-0030] VSRC location at (2540.240um, 2121.760um) and size 10.000um, is not located on a power stripe. Moving to closest stripe at (2538.000um, 2115.920um).
[WARNING PSM-0030] VSRC location at (300.240um, 2261.760um) and size 10.000um, is not located on a power stripe. Moving to closest stripe at (302.400um, 2251.920um).
[WARNING PSM-0030] VSRC location at (1140.240um, 2261.760um) and size 10.000um, is not located on a power stripe. Moving to closest stripe at (1139.400um, 2251.920um).
[WARNING PSM-0030] VSRC location at (1980.240um, 2261.760um) and size 10.000um, is not located on a power stripe. Moving to closest stripe at (1981.800um, 2251.920um).
[WARNING PSM-0030] VSRC location at (2820.240um, 2261.760um) and size 10.000um, is not located on a power stripe. Moving to closest stripe at (2818.800um, 2251.920um).
[WARNING PSM-0030] VSRC location at (580.240um, 2401.760um) and size 10.000um, is not located on a power stripe. Moving to closest stripe at (577.800um, 2415.120um).
[WARNING PSM-0030] VSRC location at (1420.240um, 2401.760um) and size 10.000um, is not located on a power stripe. Moving to closest stripe at (1420.200um, 2415.120um).
[WARNING PSM-0030] VSRC location at (2260.240um, 2401.760um) and size 10.000um, is not located on a power stripe. Moving to closest stripe at (2262.600um, 2415.120um).
[WARNING PSM-0030] VSRC location at (20.240um, 2541.760um) and size 10.000um, is not located on a power stripe. Moving to closest stripe at (21.600um, 2551.120um).
[WARNING PSM-0030] VSRC location at (860.240um, 2541.760um) and size 10.000um, is not located on a power stripe. Moving to closest stripe at (858.600um, 2551.120um).
[WARNING PSM-0030] VSRC location at (1700.240um, 2541.760um) and size 10.000um, is not located on a power stripe. Moving to closest stripe at (1701.000um, 2551.120um).
[WARNING PSM-0030] VSRC location at (2540.240um, 2541.760um) and size 10.000um, is not located on a power stripe. Moving to closest stripe at (2538.000um, 2551.120um).
[WARNING PSM-0030] VSRC location at (300.240um, 2681.760um) and size 10.000um, is not located on a power stripe. Moving to closest stripe at (302.400um, 2687.120um).
[WARNING PSM-0030] VSRC location at (1140.240um, 2681.760um) and size 10.000um, is not located on a power stripe. Moving to closest stripe at (1139.400um, 2687.120um).
[WARNING PSM-0030] VSRC location at (1980.240um, 2681.760um) and size 10.000um, is not located on a power stripe. Moving to closest stripe at (1981.800um, 2687.120um).
[WARNING PSM-0030] VSRC location at (2820.240um, 2681.760um) and size 10.000um, is not located on a power stripe. Moving to closest stripe at (2818.800um, 2687.120um).
[WARNING PSM-0030] VSRC location at (300.240um, 3101.760um) and size 10.000um, is not located on a power stripe. Moving to closest stripe at (302.400um, 3095.120um).
[WARNING PSM-0030] VSRC location at (1140.240um, 3101.760um) and size 10.000um, is not located on a power stripe. Moving to closest stripe at (1139.400um, 3095.120um).
[WARNING PSM-0030] VSRC location at (1980.240um, 3101.760um) and size 10.000um, is not located on a power stripe. Moving to closest stripe at (1981.800um, 3095.120um).
[WARNING PSM-0030] VSRC location at (2820.240um, 3101.760um) and size 10.000um, is not located on a power stripe. Moving to closest stripe at (2818.800um, 3095.120um).
[WARNING PSM-0030] VSRC location at (580.240um, 3241.760um) and size 10.000um, is not located on a power stripe. Moving to closest stripe at (577.800um, 3231.120um).
[WARNING PSM-0030] VSRC location at (1420.240um, 3241.760um) and size 10.000um, is not located on a power stripe. Moving to closest stripe at (1420.200um, 3231.120um).
[WARNING PSM-0030] VSRC location at (2260.240um, 3241.760um) and size 10.000um, is not located on a power stripe. Moving to closest stripe at (2262.600um, 3231.120um).
[INFO PSM-0031] Number of PDN nodes on net VSS = 1016530.
[INFO PSM-0064] Number of voltage sources = 88.
[INFO PSM-0040] All PDN stripes on net VSS are connected.
########## IR report #################
Worstcase voltage: 9.25e-06 V
Average IR drop  : 3.27e-07 V
Worstcase IR drop: 9.25e-06 V
######################################

==========================================================================
finish report_checks -path_delay min
--------------------------------------------------------------------------
Startpoint: _1196_ (rising edge-triggered flip-flop clocked by clk)
Endpoint: _1196_ (rising edge-triggered flip-flop clocked by clk)
Path Group: clk
Path Type: min

Fanout     Cap    Slew   Delay    Time   Description
-----------------------------------------------------------------------------
                          0.00    0.00   clock clk (rise edge)
                          0.00    0.00   clock source latency
                  0.00    0.00    0.00 ^ clk_i (in)
     1    0.10                           clk_i (net)
                  0.08    0.04    0.04 ^ repeater1/A (sky130_fd_sc_hd__buf_16)
                  0.14    0.17    0.21 ^ repeater1/X (sky130_fd_sc_hd__buf_16)
     1    0.24                           net1057 (net)
                  0.61    0.29    0.50 ^ clkbuf_0_clk_i/A (sky130_fd_sc_hd__buf_1)
                  0.16    0.23    0.73 ^ clkbuf_0_clk_i/X (sky130_fd_sc_hd__buf_1)
     2    0.01                           clknet_0_clk_i (net)
                  0.16    0.00    0.73 ^ clkbuf_1_1_0_clk_i/A (sky130_fd_sc_hd__buf_1)
                  0.15    0.18    0.92 ^ clkbuf_1_1_0_clk_i/X (sky130_fd_sc_hd__buf_1)
     1    0.01                           clknet_1_1_0_clk_i (net)
                  0.15    0.00    0.92 ^ clkbuf_1_1_1_clk_i/A (sky130_fd_sc_hd__buf_1)
                  0.10    0.15    1.07 ^ clkbuf_1_1_1_clk_i/X (sky130_fd_sc_hd__buf_1)
     1    0.01                           clknet_1_1_1_clk_i (net)
                  0.10    0.00    1.07 ^ clkbuf_1_1_2_clk_i/A (sky130_fd_sc_hd__buf_1)
                  0.16    0.17    1.24 ^ clkbuf_1_1_2_clk_i/X (sky130_fd_sc_hd__buf_1)
     1    0.01                           clknet_1_1_2_clk_i (net)
                  0.16    0.00    1.24 ^ clkbuf_1_1_3_clk_i/A (sky130_fd_sc_hd__buf_1)
                  0.10    0.14    1.39 ^ clkbuf_1_1_3_clk_i/X (sky130_fd_sc_hd__buf_1)
     1    0.01                           clknet_1_1_3_clk_i (net)
                  0.10    0.00    1.39 ^ clkbuf_1_1_4_clk_i/A (sky130_fd_sc_hd__buf_1)
                  0.15    0.17    1.56 ^ clkbuf_1_1_4_clk_i/X (sky130_fd_sc_hd__buf_1)
     1    0.01                           clknet_1_1_4_clk_i (net)
                  0.15    0.00    1.56 ^ clkbuf_1_1_5_clk_i/A (sky130_fd_sc_hd__buf_1)
                  0.10    0.15    1.71 ^ clkbuf_1_1_5_clk_i/X (sky130_fd_sc_hd__buf_1)
     1    0.01                           clknet_1_1_5_clk_i (net)
                  0.10    0.00    1.71 ^ clkbuf_1_1_6_clk_i/A (sky130_fd_sc_hd__buf_1)
                  0.16    0.18    1.88 ^ clkbuf_1_1_6_clk_i/X (sky130_fd_sc_hd__buf_1)
     1    0.01                           clknet_1_1_6_clk_i (net)
                  0.16    0.00    1.88 ^ clkbuf_1_1_7_clk_i/A (sky130_fd_sc_hd__buf_1)
                  0.07    0.12    2.01 ^ clkbuf_1_1_7_clk_i/X (sky130_fd_sc_hd__buf_1)
     1    0.01                           clknet_1_1_7_clk_i (net)
                  0.07    0.00    2.01 ^ clkbuf_1_1_8_clk_i/A (sky130_fd_sc_hd__buf_1)
                  0.56    0.45    2.45 ^ clkbuf_1_1_8_clk_i/X (sky130_fd_sc_hd__buf_1)
     2    0.05                           clknet_1_1_8_clk_i (net)
                  0.56    0.01    2.46 ^ clkbuf_2_3_0_clk_i/A (sky130_fd_sc_hd__buf_1)
                  0.18    0.24    2.70 ^ clkbuf_2_3_0_clk_i/X (sky130_fd_sc_hd__buf_1)
     1    0.01                           clknet_2_3_0_clk_i (net)
                  0.18    0.00    2.70 ^ clkbuf_2_3_1_clk_i/A (sky130_fd_sc_hd__buf_1)
                  0.11    0.16    2.86 ^ clkbuf_2_3_1_clk_i/X (sky130_fd_sc_hd__buf_1)
     1    0.01                           clknet_2_3_1_clk_i (net)
                  0.11    0.00    2.86 ^ clkbuf_2_3_2_clk_i/A (sky130_fd_sc_hd__buf_1)
                  0.17    0.18    3.04 ^ clkbuf_2_3_2_clk_i/X (sky130_fd_sc_hd__buf_1)
     1    0.01                           clknet_2_3_2_clk_i (net)
                  0.17    0.00    3.04 ^ clkbuf_2_3_3_clk_i/A (sky130_fd_sc_hd__buf_1)
                  0.10    0.15    3.19 ^ clkbuf_2_3_3_clk_i/X (sky130_fd_sc_hd__buf_1)
     1    0.01                           clknet_2_3_3_clk_i (net)
                  0.10    0.00    3.19 ^ clkbuf_2_3_4_clk_i/A (sky130_fd_sc_hd__buf_1)
                  0.16    0.18    3.37 ^ clkbuf_2_3_4_clk_i/X (sky130_fd_sc_hd__buf_1)
     1    0.01                           clknet_2_3_4_clk_i (net)
                  0.16    0.00    3.37 ^ clkbuf_2_3_5_clk_i/A (sky130_fd_sc_hd__buf_1)
                  0.12    0.16    3.53 ^ clkbuf_2_3_5_clk_i/X (sky130_fd_sc_hd__buf_1)
     1    0.01                           clknet_2_3_5_clk_i (net)
                  0.12    0.00    3.53 ^ clkbuf_2_3_6_clk_i/A (sky130_fd_sc_hd__buf_1)
                  0.70    0.55    4.08 ^ clkbuf_2_3_6_clk_i/X (sky130_fd_sc_hd__buf_1)
     2    0.06                           clknet_2_3_6_clk_i (net)
                  0.70    0.02    4.10 ^ clkbuf_3_7_0_clk_i/A (sky130_fd_sc_hd__buf_1)
                  0.10    0.19    4.29 ^ clkbuf_3_7_0_clk_i/X (sky130_fd_sc_hd__buf_1)
     1    0.01                           clknet_3_7_0_clk_i (net)
                  0.10    0.00    4.29 ^ clkbuf_3_7_1_clk_i/A (sky130_fd_sc_hd__buf_1)
                  0.15    0.17    4.46 ^ clkbuf_3_7_1_clk_i/X (sky130_fd_sc_hd__buf_1)
     1    0.01                           clknet_3_7_1_clk_i (net)
                  0.15    0.00    4.46 ^ clkbuf_3_7_2_clk_i/A (sky130_fd_sc_hd__buf_1)
                  0.09    0.14    4.60 ^ clkbuf_3_7_2_clk_i/X (sky130_fd_sc_hd__buf_1)
     1    0.01                           clknet_3_7_2_clk_i (net)
                  0.09    0.00    4.60 ^ clkbuf_3_7_3_clk_i/A (sky130_fd_sc_hd__buf_1)
                  0.07    0.11    4.71 ^ clkbuf_3_7_3_clk_i/X (sky130_fd_sc_hd__buf_1)
     1    0.00                           clknet_3_7_3_clk_i (net)
                  0.07    0.00    4.71 ^ clkbuf_3_7_4_clk_i/A (sky130_fd_sc_hd__buf_1)
                  0.40    0.33    5.04 ^ clkbuf_3_7_4_clk_i/X (sky130_fd_sc_hd__buf_1)
     2    0.03                           clknet_3_7_4_clk_i (net)
                  0.40    0.01    5.05 ^ clkbuf_4_14_0_clk_i/A (sky130_fd_sc_hd__buf_1)
                  0.23    0.26    5.31 ^ clkbuf_4_14_0_clk_i/X (sky130_fd_sc_hd__buf_1)
     1    0.02                           clknet_4_14_0_clk_i (net)
                  0.23    0.00    5.31 ^ clkbuf_4_14_1_clk_i/A (sky130_fd_sc_hd__buf_1)
                  0.11    0.16    5.47 ^ clkbuf_4_14_1_clk_i/X (sky130_fd_sc_hd__buf_1)
     1    0.01                           clknet_4_14_1_clk_i (net)
                  0.11    0.00    5.47 ^ clkbuf_4_14_2_clk_i/A (sky130_fd_sc_hd__buf_1)
                  0.12    0.15    5.63 ^ clkbuf_4_14_2_clk_i/X (sky130_fd_sc_hd__buf_1)
     1    0.01                           clknet_4_14_2_clk_i (net)
                  0.12    0.00    5.63 ^ clkbuf_4_14_3_clk_i/A (sky130_fd_sc_hd__buf_1)
                  1.75    1.27    6.89 ^ clkbuf_4_14_3_clk_i/X (sky130_fd_sc_hd__buf_1)
     8    0.15                           clknet_4_14_3_clk_i (net)
                  1.75    0.03    6.92 ^ _1196_/CLK (sky130_fd_sc_hd__dfxtp_1)
                  0.04    0.55    7.48 v _1196_/Q (sky130_fd_sc_hd__dfxtp_1)
     2    0.01                           out_fifo.mem_1r1w.synth.mem[15] (net)
                  0.04    0.00    7.48 v _0631_/A (sky130_fd_sc_hd__nor2_1)
                  0.08    0.10    7.57 ^ _0631_/Y (sky130_fd_sc_hd__nor2_1)
     1    0.00                           _0276_ (net)
                  0.08    0.00    7.58 ^ _0632_/B1 (sky130_fd_sc_hd__a21oi_1)
                  0.03    0.04    7.62 v _0632_/Y (sky130_fd_sc_hd__a21oi_1)
     1    0.00                           _0015_ (net)
                  0.03    0.00    7.62 v _1196_/D (sky130_fd_sc_hd__dfxtp_1)
                                  7.62   data arrival time

                          0.00    0.00   clock clk (rise edge)
                          0.00    0.00   clock source latency
                  0.00    0.00    0.00 ^ clk_i (in)
     1    0.10                           clk_i (net)
                  0.08    0.04    0.04 ^ repeater1/A (sky130_fd_sc_hd__buf_16)
                  0.14    0.17    0.21 ^ repeater1/X (sky130_fd_sc_hd__buf_16)
     1    0.24                           net1057 (net)
                  0.61    0.29    0.50 ^ clkbuf_0_clk_i/A (sky130_fd_sc_hd__buf_1)
                  0.16    0.23    0.73 ^ clkbuf_0_clk_i/X (sky130_fd_sc_hd__buf_1)
     2    0.01                           clknet_0_clk_i (net)
                  0.16    0.00    0.73 ^ clkbuf_1_1_0_clk_i/A (sky130_fd_sc_hd__buf_1)
                  0.15    0.18    0.92 ^ clkbuf_1_1_0_clk_i/X (sky130_fd_sc_hd__buf_1)
     1    0.01                           clknet_1_1_0_clk_i (net)
                  0.15    0.00    0.92 ^ clkbuf_1_1_1_clk_i/A (sky130_fd_sc_hd__buf_1)
                  0.10    0.15    1.07 ^ clkbuf_1_1_1_clk_i/X (sky130_fd_sc_hd__buf_1)
     1    0.01                           clknet_1_1_1_clk_i (net)
                  0.10    0.00    1.07 ^ clkbuf_1_1_2_clk_i/A (sky130_fd_sc_hd__buf_1)
                  0.16    0.17    1.24 ^ clkbuf_1_1_2_clk_i/X (sky130_fd_sc_hd__buf_1)
     1    0.01                           clknet_1_1_2_clk_i (net)
                  0.16    0.00    1.24 ^ clkbuf_1_1_3_clk_i/A (sky130_fd_sc_hd__buf_1)
                  0.10    0.14    1.39 ^ clkbuf_1_1_3_clk_i/X (sky130_fd_sc_hd__buf_1)
     1    0.01                           clknet_1_1_3_clk_i (net)
                  0.10    0.00    1.39 ^ clkbuf_1_1_4_clk_i/A (sky130_fd_sc_hd__buf_1)
                  0.15    0.17    1.56 ^ clkbuf_1_1_4_clk_i/X (sky130_fd_sc_hd__buf_1)
     1    0.01                           clknet_1_1_4_clk_i (net)
                  0.15    0.00    1.56 ^ clkbuf_1_1_5_clk_i/A (sky130_fd_sc_hd__buf_1)
                  0.10    0.15    1.71 ^ clkbuf_1_1_5_clk_i/X (sky130_fd_sc_hd__buf_1)
     1    0.01                           clknet_1_1_5_clk_i (net)
                  0.10    0.00    1.71 ^ clkbuf_1_1_6_clk_i/A (sky130_fd_sc_hd__buf_1)
                  0.16    0.18    1.88 ^ clkbuf_1_1_6_clk_i/X (sky130_fd_sc_hd__buf_1)
     1    0.01                           clknet_1_1_6_clk_i (net)
                  0.16    0.00    1.88 ^ clkbuf_1_1_7_clk_i/A (sky130_fd_sc_hd__buf_1)
                  0.07    0.12    2.01 ^ clkbuf_1_1_7_clk_i/X (sky130_fd_sc_hd__buf_1)
     1    0.01                           clknet_1_1_7_clk_i (net)
                  0.07    0.00    2.01 ^ clkbuf_1_1_8_clk_i/A (sky130_fd_sc_hd__buf_1)
                  0.56    0.45    2.45 ^ clkbuf_1_1_8_clk_i/X (sky130_fd_sc_hd__buf_1)
     2    0.05                           clknet_1_1_8_clk_i (net)
                  0.56    0.01    2.46 ^ clkbuf_2_3_0_clk_i/A (sky130_fd_sc_hd__buf_1)
                  0.18    0.24    2.70 ^ clkbuf_2_3_0_clk_i/X (sky130_fd_sc_hd__buf_1)
     1    0.01                           clknet_2_3_0_clk_i (net)
                  0.18    0.00    2.70 ^ clkbuf_2_3_1_clk_i/A (sky130_fd_sc_hd__buf_1)
                  0.11    0.16    2.86 ^ clkbuf_2_3_1_clk_i/X (sky130_fd_sc_hd__buf_1)
     1    0.01                           clknet_2_3_1_clk_i (net)
                  0.11    0.00    2.86 ^ clkbuf_2_3_2_clk_i/A (sky130_fd_sc_hd__buf_1)
                  0.17    0.18    3.04 ^ clkbuf_2_3_2_clk_i/X (sky130_fd_sc_hd__buf_1)
     1    0.01                           clknet_2_3_2_clk_i (net)
                  0.17    0.00    3.04 ^ clkbuf_2_3_3_clk_i/A (sky130_fd_sc_hd__buf_1)
                  0.10    0.15    3.19 ^ clkbuf_2_3_3_clk_i/X (sky130_fd_sc_hd__buf_1)
     1    0.01                           clknet_2_3_3_clk_i (net)
                  0.10    0.00    3.19 ^ clkbuf_2_3_4_clk_i/A (sky130_fd_sc_hd__buf_1)
                  0.16    0.18    3.37 ^ clkbuf_2_3_4_clk_i/X (sky130_fd_sc_hd__buf_1)
     1    0.01                           clknet_2_3_4_clk_i (net)
                  0.16    0.00    3.37 ^ clkbuf_2_3_5_clk_i/A (sky130_fd_sc_hd__buf_1)
                  0.12    0.16    3.53 ^ clkbuf_2_3_5_clk_i/X (sky130_fd_sc_hd__buf_1)
     1    0.01                           clknet_2_3_5_clk_i (net)
                  0.12    0.00    3.53 ^ clkbuf_2_3_6_clk_i/A (sky130_fd_sc_hd__buf_1)
                  0.70    0.55    4.08 ^ clkbuf_2_3_6_clk_i/X (sky130_fd_sc_hd__buf_1)
     2    0.06                           clknet_2_3_6_clk_i (net)
                  0.70    0.02    4.10 ^ clkbuf_3_7_0_clk_i/A (sky130_fd_sc_hd__buf_1)
                  0.10    0.19    4.29 ^ clkbuf_3_7_0_clk_i/X (sky130_fd_sc_hd__buf_1)
     1    0.01                           clknet_3_7_0_clk_i (net)
                  0.10    0.00    4.29 ^ clkbuf_3_7_1_clk_i/A (sky130_fd_sc_hd__buf_1)
                  0.15    0.17    4.46 ^ clkbuf_3_7_1_clk_i/X (sky130_fd_sc_hd__buf_1)
     1    0.01                           clknet_3_7_1_clk_i (net)
                  0.15    0.00    4.46 ^ clkbuf_3_7_2_clk_i/A (sky130_fd_sc_hd__buf_1)
                  0.09    0.14    4.60 ^ clkbuf_3_7_2_clk_i/X (sky130_fd_sc_hd__buf_1)
     1    0.01                           clknet_3_7_2_clk_i (net)
                  0.09    0.00    4.60 ^ clkbuf_3_7_3_clk_i/A (sky130_fd_sc_hd__buf_1)
                  0.07    0.11    4.71 ^ clkbuf_3_7_3_clk_i/X (sky130_fd_sc_hd__buf_1)
     1    0.00                           clknet_3_7_3_clk_i (net)
                  0.07    0.00    4.71 ^ clkbuf_3_7_4_clk_i/A (sky130_fd_sc_hd__buf_1)
                  0.40    0.33    5.04 ^ clkbuf_3_7_4_clk_i/X (sky130_fd_sc_hd__buf_1)
     2    0.03                           clknet_3_7_4_clk_i (net)
                  0.40    0.01    5.05 ^ clkbuf_4_14_0_clk_i/A (sky130_fd_sc_hd__buf_1)
                  0.23    0.26    5.31 ^ clkbuf_4_14_0_clk_i/X (sky130_fd_sc_hd__buf_1)
     1    0.02                           clknet_4_14_0_clk_i (net)
                  0.23    0.00    5.31 ^ clkbuf_4_14_1_clk_i/A (sky130_fd_sc_hd__buf_1)
                  0.11    0.16    5.47 ^ clkbuf_4_14_1_clk_i/X (sky130_fd_sc_hd__buf_1)
     1    0.01                           clknet_4_14_1_clk_i (net)
                  0.11    0.00    5.47 ^ clkbuf_4_14_2_clk_i/A (sky130_fd_sc_hd__buf_1)
                  0.12    0.15    5.63 ^ clkbuf_4_14_2_clk_i/X (sky130_fd_sc_hd__buf_1)
     1    0.01                           clknet_4_14_2_clk_i (net)
                  0.12    0.00    5.63 ^ clkbuf_4_14_3_clk_i/A (sky130_fd_sc_hd__buf_1)
                  1.75    1.27    6.89 ^ clkbuf_4_14_3_clk_i/X (sky130_fd_sc_hd__buf_1)
     8    0.15                           clknet_4_14_3_clk_i (net)
                  1.75    0.03    6.92 ^ _1196_/CLK (sky130_fd_sc_hd__dfxtp_1)
                          0.00    6.92   clock reconvergence pessimism
                          0.15    7.07   library hold time
                                  7.07   data required time
-----------------------------------------------------------------------------
                                  7.07   data required time
                                 -7.62   data arrival time
-----------------------------------------------------------------------------
                                  0.55   slack (MET)



==========================================================================
finish report_checks -path_delay max
--------------------------------------------------------------------------
Startpoint: _1294_ (rising edge-triggered flip-flop clocked by clk)
Endpoint: _1281_ (rising edge-triggered flip-flop clocked by clk)
Path Group: clk
Path Type: max

Fanout     Cap    Slew   Delay    Time   Description
-----------------------------------------------------------------------------
                          0.00    0.00   clock clk (rise edge)
                          0.00    0.00   clock source latency
                  0.00    0.00    0.00 ^ clk_i (in)
     1    0.10                           clk_i (net)
                  0.08    0.04    0.04 ^ repeater1/A (sky130_fd_sc_hd__buf_16)
                  0.14    0.17    0.21 ^ repeater1/X (sky130_fd_sc_hd__buf_16)
     1    0.24                           net1057 (net)
                  0.61    0.29    0.50 ^ clkbuf_0_clk_i/A (sky130_fd_sc_hd__buf_1)
                  0.16    0.23    0.73 ^ clkbuf_0_clk_i/X (sky130_fd_sc_hd__buf_1)
     2    0.01                           clknet_0_clk_i (net)
                  0.16    0.00    0.73 ^ clkbuf_1_1_0_clk_i/A (sky130_fd_sc_hd__buf_1)
                  0.15    0.18    0.92 ^ clkbuf_1_1_0_clk_i/X (sky130_fd_sc_hd__buf_1)
     1    0.01                           clknet_1_1_0_clk_i (net)
                  0.15    0.00    0.92 ^ clkbuf_1_1_1_clk_i/A (sky130_fd_sc_hd__buf_1)
                  0.10    0.15    1.07 ^ clkbuf_1_1_1_clk_i/X (sky130_fd_sc_hd__buf_1)
     1    0.01                           clknet_1_1_1_clk_i (net)
                  0.10    0.00    1.07 ^ clkbuf_1_1_2_clk_i/A (sky130_fd_sc_hd__buf_1)
                  0.16    0.17    1.24 ^ clkbuf_1_1_2_clk_i/X (sky130_fd_sc_hd__buf_1)
     1    0.01                           clknet_1_1_2_clk_i (net)
                  0.16    0.00    1.24 ^ clkbuf_1_1_3_clk_i/A (sky130_fd_sc_hd__buf_1)
                  0.10    0.14    1.39 ^ clkbuf_1_1_3_clk_i/X (sky130_fd_sc_hd__buf_1)
     1    0.01                           clknet_1_1_3_clk_i (net)
                  0.10    0.00    1.39 ^ clkbuf_1_1_4_clk_i/A (sky130_fd_sc_hd__buf_1)
                  0.15    0.17    1.56 ^ clkbuf_1_1_4_clk_i/X (sky130_fd_sc_hd__buf_1)
     1    0.01                           clknet_1_1_4_clk_i (net)
                  0.15    0.00    1.56 ^ clkbuf_1_1_5_clk_i/A (sky130_fd_sc_hd__buf_1)
                  0.10    0.15    1.71 ^ clkbuf_1_1_5_clk_i/X (sky130_fd_sc_hd__buf_1)
     1    0.01                           clknet_1_1_5_clk_i (net)
                  0.10    0.00    1.71 ^ clkbuf_1_1_6_clk_i/A (sky130_fd_sc_hd__buf_1)
                  0.16    0.18    1.88 ^ clkbuf_1_1_6_clk_i/X (sky130_fd_sc_hd__buf_1)
     1    0.01                           clknet_1_1_6_clk_i (net)
                  0.16    0.00    1.88 ^ clkbuf_1_1_7_clk_i/A (sky130_fd_sc_hd__buf_1)
                  0.07    0.12    2.01 ^ clkbuf_1_1_7_clk_i/X (sky130_fd_sc_hd__buf_1)
     1    0.01                           clknet_1_1_7_clk_i (net)
                  0.07    0.00    2.01 ^ clkbuf_1_1_8_clk_i/A (sky130_fd_sc_hd__buf_1)
                  0.56    0.45    2.45 ^ clkbuf_1_1_8_clk_i/X (sky130_fd_sc_hd__buf_1)
     2    0.05                           clknet_1_1_8_clk_i (net)
                  0.56    0.01    2.46 ^ clkbuf_2_3_0_clk_i/A (sky130_fd_sc_hd__buf_1)
                  0.18    0.24    2.70 ^ clkbuf_2_3_0_clk_i/X (sky130_fd_sc_hd__buf_1)
     1    0.01                           clknet_2_3_0_clk_i (net)
                  0.18    0.00    2.70 ^ clkbuf_2_3_1_clk_i/A (sky130_fd_sc_hd__buf_1)
                  0.11    0.16    2.86 ^ clkbuf_2_3_1_clk_i/X (sky130_fd_sc_hd__buf_1)
     1    0.01                           clknet_2_3_1_clk_i (net)
                  0.11    0.00    2.86 ^ clkbuf_2_3_2_clk_i/A (sky130_fd_sc_hd__buf_1)
                  0.17    0.18    3.04 ^ clkbuf_2_3_2_clk_i/X (sky130_fd_sc_hd__buf_1)
     1    0.01                           clknet_2_3_2_clk_i (net)
                  0.17    0.00    3.04 ^ clkbuf_2_3_3_clk_i/A (sky130_fd_sc_hd__buf_1)
                  0.10    0.15    3.19 ^ clkbuf_2_3_3_clk_i/X (sky130_fd_sc_hd__buf_1)
     1    0.01                           clknet_2_3_3_clk_i (net)
                  0.10    0.00    3.19 ^ clkbuf_2_3_4_clk_i/A (sky130_fd_sc_hd__buf_1)
                  0.16    0.18    3.37 ^ clkbuf_2_3_4_clk_i/X (sky130_fd_sc_hd__buf_1)
     1    0.01                           clknet_2_3_4_clk_i (net)
                  0.16    0.00    3.37 ^ clkbuf_2_3_5_clk_i/A (sky130_fd_sc_hd__buf_1)
                  0.12    0.16    3.53 ^ clkbuf_2_3_5_clk_i/X (sky130_fd_sc_hd__buf_1)
     1    0.01                           clknet_2_3_5_clk_i (net)
                  0.12    0.00    3.53 ^ clkbuf_2_3_6_clk_i/A (sky130_fd_sc_hd__buf_1)
                  0.70    0.55    4.08 ^ clkbuf_2_3_6_clk_i/X (sky130_fd_sc_hd__buf_1)
     2    0.06                           clknet_2_3_6_clk_i (net)
                  0.70    0.01    4.10 ^ clkbuf_3_6_0_clk_i/A (sky130_fd_sc_hd__buf_1)
                  0.11    0.20    4.30 ^ clkbuf_3_6_0_clk_i/X (sky130_fd_sc_hd__buf_1)
     1    0.01                           clknet_3_6_0_clk_i (net)
                  0.11    0.00    4.30 ^ clkbuf_3_6_1_clk_i/A (sky130_fd_sc_hd__buf_1)
                  0.15    0.17    4.47 ^ clkbuf_3_6_1_clk_i/X (sky130_fd_sc_hd__buf_1)
     1    0.01                           clknet_3_6_1_clk_i (net)
                  0.15    0.00    4.47 ^ clkbuf_3_6_2_clk_i/A (sky130_fd_sc_hd__buf_1)
                  0.10    0.15    4.62 ^ clkbuf_3_6_2_clk_i/X (sky130_fd_sc_hd__buf_1)
     1    0.01                           clknet_3_6_2_clk_i (net)
                  0.10    0.00    4.62 ^ clkbuf_3_6_3_clk_i/A (sky130_fd_sc_hd__buf_1)
                  0.07    0.11    4.73 ^ clkbuf_3_6_3_clk_i/X (sky130_fd_sc_hd__buf_1)
     1    0.01                           clknet_3_6_3_clk_i (net)
                  0.07    0.00    4.73 ^ clkbuf_3_6_4_clk_i/A (sky130_fd_sc_hd__buf_1)
                  0.41    0.34    5.07 ^ clkbuf_3_6_4_clk_i/X (sky130_fd_sc_hd__buf_1)
     2    0.03                           clknet_3_6_4_clk_i (net)
                  0.41    0.01    5.08 ^ clkbuf_4_12_0_clk_i/A (sky130_fd_sc_hd__buf_1)
                  0.16    0.22    5.29 ^ clkbuf_4_12_0_clk_i/X (sky130_fd_sc_hd__buf_1)
     1    0.01                           clknet_4_12_0_clk_i (net)
                  0.16    0.00    5.29 ^ clkbuf_4_12_1_clk_i/A (sky130_fd_sc_hd__buf_1)
                  0.10    0.15    5.44 ^ clkbuf_4_12_1_clk_i/X (sky130_fd_sc_hd__buf_1)
     1    0.01                           clknet_4_12_1_clk_i (net)
                  0.10    0.00    5.44 ^ clkbuf_4_12_2_clk_i/A (sky130_fd_sc_hd__buf_1)
                  0.10    0.13    5.58 ^ clkbuf_4_12_2_clk_i/X (sky130_fd_sc_hd__buf_1)
     1    0.01                           clknet_4_12_2_clk_i (net)
                  0.10    0.00    5.58 ^ clkbuf_4_12_3_clk_i/A (sky130_fd_sc_hd__buf_1)
                  2.08    1.49    7.07 ^ clkbuf_4_12_3_clk_i/X (sky130_fd_sc_hd__buf_1)
     8    0.18                           clknet_4_12_3_clk_i (net)
                  2.08    0.02    7.09 ^ _1294_/CLK (sky130_fd_sc_hd__dfxtp_4)
                  0.65    0.98    8.07 ^ _1294_/Q (sky130_fd_sc_hd__dfxtp_4)
     3    0.24                           in_fifo.unhardened_fifo.empty (net)
                  0.75    0.19    8.26 ^ _0427_/A (sky130_fd_sc_hd__or3b_4)
                  0.75    0.67    8.93 ^ _0427_/X (sky130_fd_sc_hd__or3b_4)
     5    0.23                           _0138_ (net)
                  0.75    0.00    8.93 ^ hold28/A (sky130_fd_sc_hd__buf_16)
                  0.19    0.24    9.18 ^ hold28/X (sky130_fd_sc_hd__buf_16)
     3    0.24                           net1084 (net)
                  0.34    0.13    9.31 ^ _0429_/A (sky130_fd_sc_hd__clkinv_16)
                  0.24    0.22    9.53 v _0429_/Y (sky130_fd_sc_hd__clkinv_16)
     6    0.33                           net629 (net)
                  0.30    0.09    9.61 v _0502_/A (sky130_fd_sc_hd__nand2_1)
                  0.15    0.23    9.84 ^ _0502_/Y (sky130_fd_sc_hd__nand2_1)
     1    0.01                           _0167_ (net)
                  0.15    0.00    9.84 ^ _0503_/B (sky130_fd_sc_hd__nand2_1)
                  0.12    0.13    9.97 v _0503_/Y (sky130_fd_sc_hd__nand2_1)
     1    0.01                           _0416_ (net)
                  0.12    0.00    9.97 v _1296_/A (sky130_fd_sc_hd__ha_1)
                  0.07    0.25   10.23 v _1296_/COUT (sky130_fd_sc_hd__ha_1)
     1    0.01                           _0418_ (net)
                  0.07    0.00   10.23 v _1297_/B (sky130_fd_sc_hd__ha_1)
                  0.05    0.19   10.41 v _1297_/COUT (sky130_fd_sc_hd__ha_1)
     1    0.00                           _0420_ (net)
                  0.05    0.00   10.41 v _1298_/B (sky130_fd_sc_hd__ha_1)
                  0.08    0.22   10.63 v _1298_/COUT (sky130_fd_sc_hd__ha_1)
     2    0.01                           _0422_ (net)
                  0.08    0.00   10.63 v _0867_/B (sky130_fd_sc_hd__and3_1)
                  0.05    0.19   10.82 v _0867_/X (sky130_fd_sc_hd__and3_1)
     1    0.01                           _0122_ (net)
                  0.05    0.00   10.82 v _0868_/C (sky130_fd_sc_hd__nor3_1)
                  0.25    0.19   11.01 ^ _0868_/Y (sky130_fd_sc_hd__nor3_1)
     1    0.01                           _0100_ (net)
                  0.25    0.00   11.01 ^ _1281_/D (sky130_fd_sc_hd__dfxtp_1)
                                 11.01   data arrival time

                        300.00  300.00   clock clk (rise edge)
                          0.00  300.00   clock source latency
                  0.00    0.00  300.00 ^ clk_i (in)
     1    0.10                           clk_i (net)
                  0.08    0.04  300.04 ^ repeater1/A (sky130_fd_sc_hd__buf_16)
                  0.14    0.17  300.21 ^ repeater1/X (sky130_fd_sc_hd__buf_16)
     1    0.24                           net1057 (net)
                  0.61    0.29  300.50 ^ clkbuf_0_clk_i/A (sky130_fd_sc_hd__buf_1)
                  0.16    0.23  300.73 ^ clkbuf_0_clk_i/X (sky130_fd_sc_hd__buf_1)
     2    0.01                           clknet_0_clk_i (net)
                  0.16    0.00  300.73 ^ clkbuf_1_0_0_clk_i/A (sky130_fd_sc_hd__buf_1)
                  0.15    0.18  300.92 ^ clkbuf_1_0_0_clk_i/X (sky130_fd_sc_hd__buf_1)
     1    0.01                           clknet_1_0_0_clk_i (net)
                  0.15    0.00  300.92 ^ clkbuf_1_0_1_clk_i/A (sky130_fd_sc_hd__buf_1)
                  0.10    0.14  301.06 ^ clkbuf_1_0_1_clk_i/X (sky130_fd_sc_hd__buf_1)
     1    0.01                           clknet_1_0_1_clk_i (net)
                  0.10    0.00  301.06 ^ clkbuf_1_0_2_clk_i/A (sky130_fd_sc_hd__buf_1)
                  0.16    0.18  301.24 ^ clkbuf_1_0_2_clk_i/X (sky130_fd_sc_hd__buf_1)
     1    0.01                           clknet_1_0_2_clk_i (net)
                  0.16    0.00  301.24 ^ clkbuf_1_0_3_clk_i/A (sky130_fd_sc_hd__buf_1)
                  0.10    0.14  301.38 ^ clkbuf_1_0_3_clk_i/X (sky130_fd_sc_hd__buf_1)
     1    0.01                           clknet_1_0_3_clk_i (net)
                  0.10    0.00  301.38 ^ clkbuf_1_0_4_clk_i/A (sky130_fd_sc_hd__buf_1)
                  0.15    0.17  301.55 ^ clkbuf_1_0_4_clk_i/X (sky130_fd_sc_hd__buf_1)
     1    0.01                           clknet_1_0_4_clk_i (net)
                  0.15    0.00  301.55 ^ clkbuf_1_0_5_clk_i/A (sky130_fd_sc_hd__buf_1)
                  0.10    0.14  301.70 ^ clkbuf_1_0_5_clk_i/X (sky130_fd_sc_hd__buf_1)
     1    0.01                           clknet_1_0_5_clk_i (net)
                  0.10    0.00  301.70 ^ clkbuf_1_0_6_clk_i/A (sky130_fd_sc_hd__buf_1)
                  0.16    0.17  301.87 ^ clkbuf_1_0_6_clk_i/X (sky130_fd_sc_hd__buf_1)
     1    0.01                           clknet_1_0_6_clk_i (net)
                  0.16    0.00  301.87 ^ clkbuf_1_0_7_clk_i/A (sky130_fd_sc_hd__buf_1)
                  0.07    0.13  302.00 ^ clkbuf_1_0_7_clk_i/X (sky130_fd_sc_hd__buf_1)
     1    0.01                           clknet_1_0_7_clk_i (net)
                  0.07    0.00  302.00 ^ clkbuf_1_0_8_clk_i/A (sky130_fd_sc_hd__buf_1)
                  0.51    0.41  302.41 ^ clkbuf_1_0_8_clk_i/X (sky130_fd_sc_hd__buf_1)
     2    0.04                           clknet_1_0_8_clk_i (net)
                  0.51    0.01  302.42 ^ clkbuf_2_1_0_clk_i/A (sky130_fd_sc_hd__buf_1)
                  0.16    0.22  302.64 ^ clkbuf_2_1_0_clk_i/X (sky130_fd_sc_hd__buf_1)
     1    0.01                           clknet_2_1_0_clk_i (net)
                  0.16    0.00  302.64 ^ clkbuf_2_1_1_clk_i/A (sky130_fd_sc_hd__buf_1)
                  0.11    0.15  302.79 ^ clkbuf_2_1_1_clk_i/X (sky130_fd_sc_hd__buf_1)
     1    0.01                           clknet_2_1_1_clk_i (net)
                  0.11    0.00  302.79 ^ clkbuf_2_1_2_clk_i/A (sky130_fd_sc_hd__buf_1)
                  0.16    0.18  302.97 ^ clkbuf_2_1_2_clk_i/X (sky130_fd_sc_hd__buf_1)
     1    0.01                           clknet_2_1_2_clk_i (net)
                  0.16    0.00  302.97 ^ clkbuf_2_1_3_clk_i/A (sky130_fd_sc_hd__buf_1)
                  0.10    0.14  303.11 ^ clkbuf_2_1_3_clk_i/X (sky130_fd_sc_hd__buf_1)
     1    0.01                           clknet_2_1_3_clk_i (net)
                  0.10    0.00  303.11 ^ clkbuf_2_1_4_clk_i/A (sky130_fd_sc_hd__buf_1)
                  0.24    0.23  303.34 ^ clkbuf_2_1_4_clk_i/X (sky130_fd_sc_hd__buf_1)
     1    0.02                           clknet_2_1_4_clk_i (net)
                  0.24    0.00  303.34 ^ clkbuf_2_1_5_clk_i/A (sky130_fd_sc_hd__buf_1)
                  0.11    0.17  303.51 ^ clkbuf_2_1_5_clk_i/X (sky130_fd_sc_hd__buf_1)
     1    0.01                           clknet_2_1_5_clk_i (net)
                  0.11    0.00  303.51 ^ clkbuf_2_1_6_clk_i/A (sky130_fd_sc_hd__buf_1)
                  0.42    0.36  303.87 ^ clkbuf_2_1_6_clk_i/X (sky130_fd_sc_hd__buf_1)
     2    0.04                           clknet_2_1_6_clk_i (net)
                  0.42    0.00  303.88 ^ clkbuf_3_3_0_clk_i/A (sky130_fd_sc_hd__buf_1)
                  0.10    0.18  304.05 ^ clkbuf_3_3_0_clk_i/X (sky130_fd_sc_hd__buf_1)
     1    0.01                           clknet_3_3_0_clk_i (net)
                  0.10    0.00  304.05 ^ clkbuf_3_3_1_clk_i/A (sky130_fd_sc_hd__buf_1)
                  0.15    0.17  304.23 ^ clkbuf_3_3_1_clk_i/X (sky130_fd_sc_hd__buf_1)
     1    0.01                           clknet_3_3_1_clk_i (net)
                  0.15    0.00  304.23 ^ clkbuf_3_3_2_clk_i/A (sky130_fd_sc_hd__buf_1)
                  0.10    0.14  304.37 ^ clkbuf_3_3_2_clk_i/X (sky130_fd_sc_hd__buf_1)
     1    0.01                           clknet_3_3_2_clk_i (net)
                  0.10    0.00  304.37 ^ clkbuf_3_3_3_clk_i/A (sky130_fd_sc_hd__buf_1)
                  0.07    0.11  304.48 ^ clkbuf_3_3_3_clk_i/X (sky130_fd_sc_hd__buf_1)
     1    0.00                           clknet_3_3_3_clk_i (net)
                  0.07    0.00  304.48 ^ clkbuf_3_3_4_clk_i/A (sky130_fd_sc_hd__buf_1)
                  0.36    0.31  304.79 ^ clkbuf_3_3_4_clk_i/X (sky130_fd_sc_hd__buf_1)
     2    0.03                           clknet_3_3_4_clk_i (net)
                  0.36    0.01  304.80 ^ clkbuf_4_6_0_clk_i/A (sky130_fd_sc_hd__buf_1)
                  0.23    0.26  305.06 ^ clkbuf_4_6_0_clk_i/X (sky130_fd_sc_hd__buf_1)
     1    0.02                           clknet_4_6_0_clk_i (net)
                  0.23    0.00  305.06 ^ clkbuf_4_6_1_clk_i/A (sky130_fd_sc_hd__buf_1)
                  0.13    0.18  305.23 ^ clkbuf_4_6_1_clk_i/X (sky130_fd_sc_hd__buf_1)
     1    0.01                           clknet_4_6_1_clk_i (net)
                  0.13    0.00  305.23 ^ clkbuf_4_6_2_clk_i/A (sky130_fd_sc_hd__buf_1)
                  0.13    0.16  305.40 ^ clkbuf_4_6_2_clk_i/X (sky130_fd_sc_hd__buf_1)
     1    0.01                           clknet_4_6_2_clk_i (net)
                  0.13    0.00  305.40 ^ clkbuf_4_6_3_clk_i/A (sky130_fd_sc_hd__buf_1)
                  0.40    0.35  305.75 ^ clkbuf_4_6_3_clk_i/X (sky130_fd_sc_hd__buf_1)
     9    0.03                           clknet_4_6_3_clk_i (net)
                  0.40    0.00  305.75 ^ _1281_/CLK (sky130_fd_sc_hd__dfxtp_1)
                          0.00  305.75   clock reconvergence pessimism
                         -0.05  305.70   library setup time
                                305.70   data required time
-----------------------------------------------------------------------------
                                305.70   data required time
                                -11.01   data arrival time
-----------------------------------------------------------------------------
                                294.70   slack (MET)



==========================================================================
finish report_checks -unconstrained
--------------------------------------------------------------------------
Startpoint: _1294_ (rising edge-triggered flip-flop clocked by clk)
Endpoint: _1281_ (rising edge-triggered flip-flop clocked by clk)
Path Group: clk
Path Type: max

Fanout     Cap    Slew   Delay    Time   Description
-----------------------------------------------------------------------------
                          0.00    0.00   clock clk (rise edge)
                          0.00    0.00   clock source latency
                  0.00    0.00    0.00 ^ clk_i (in)
     1    0.10                           clk_i (net)
                  0.08    0.04    0.04 ^ repeater1/A (sky130_fd_sc_hd__buf_16)
                  0.14    0.17    0.21 ^ repeater1/X (sky130_fd_sc_hd__buf_16)
     1    0.24                           net1057 (net)
                  0.61    0.29    0.50 ^ clkbuf_0_clk_i/A (sky130_fd_sc_hd__buf_1)
                  0.16    0.23    0.73 ^ clkbuf_0_clk_i/X (sky130_fd_sc_hd__buf_1)
     2    0.01                           clknet_0_clk_i (net)
                  0.16    0.00    0.73 ^ clkbuf_1_1_0_clk_i/A (sky130_fd_sc_hd__buf_1)
                  0.15    0.18    0.92 ^ clkbuf_1_1_0_clk_i/X (sky130_fd_sc_hd__buf_1)
     1    0.01                           clknet_1_1_0_clk_i (net)
                  0.15    0.00    0.92 ^ clkbuf_1_1_1_clk_i/A (sky130_fd_sc_hd__buf_1)
                  0.10    0.15    1.07 ^ clkbuf_1_1_1_clk_i/X (sky130_fd_sc_hd__buf_1)
     1    0.01                           clknet_1_1_1_clk_i (net)
                  0.10    0.00    1.07 ^ clkbuf_1_1_2_clk_i/A (sky130_fd_sc_hd__buf_1)
                  0.16    0.17    1.24 ^ clkbuf_1_1_2_clk_i/X (sky130_fd_sc_hd__buf_1)
     1    0.01                           clknet_1_1_2_clk_i (net)
                  0.16    0.00    1.24 ^ clkbuf_1_1_3_clk_i/A (sky130_fd_sc_hd__buf_1)
                  0.10    0.14    1.39 ^ clkbuf_1_1_3_clk_i/X (sky130_fd_sc_hd__buf_1)
     1    0.01                           clknet_1_1_3_clk_i (net)
                  0.10    0.00    1.39 ^ clkbuf_1_1_4_clk_i/A (sky130_fd_sc_hd__buf_1)
                  0.15    0.17    1.56 ^ clkbuf_1_1_4_clk_i/X (sky130_fd_sc_hd__buf_1)
     1    0.01                           clknet_1_1_4_clk_i (net)
                  0.15    0.00    1.56 ^ clkbuf_1_1_5_clk_i/A (sky130_fd_sc_hd__buf_1)
                  0.10    0.15    1.71 ^ clkbuf_1_1_5_clk_i/X (sky130_fd_sc_hd__buf_1)
     1    0.01                           clknet_1_1_5_clk_i (net)
                  0.10    0.00    1.71 ^ clkbuf_1_1_6_clk_i/A (sky130_fd_sc_hd__buf_1)
                  0.16    0.18    1.88 ^ clkbuf_1_1_6_clk_i/X (sky130_fd_sc_hd__buf_1)
     1    0.01                           clknet_1_1_6_clk_i (net)
                  0.16    0.00    1.88 ^ clkbuf_1_1_7_clk_i/A (sky130_fd_sc_hd__buf_1)
                  0.07    0.12    2.01 ^ clkbuf_1_1_7_clk_i/X (sky130_fd_sc_hd__buf_1)
     1    0.01                           clknet_1_1_7_clk_i (net)
                  0.07    0.00    2.01 ^ clkbuf_1_1_8_clk_i/A (sky130_fd_sc_hd__buf_1)
                  0.56    0.45    2.45 ^ clkbuf_1_1_8_clk_i/X (sky130_fd_sc_hd__buf_1)
     2    0.05                           clknet_1_1_8_clk_i (net)
                  0.56    0.01    2.46 ^ clkbuf_2_3_0_clk_i/A (sky130_fd_sc_hd__buf_1)
                  0.18    0.24    2.70 ^ clkbuf_2_3_0_clk_i/X (sky130_fd_sc_hd__buf_1)
     1    0.01                           clknet_2_3_0_clk_i (net)
                  0.18    0.00    2.70 ^ clkbuf_2_3_1_clk_i/A (sky130_fd_sc_hd__buf_1)
                  0.11    0.16    2.86 ^ clkbuf_2_3_1_clk_i/X (sky130_fd_sc_hd__buf_1)
     1    0.01                           clknet_2_3_1_clk_i (net)
                  0.11    0.00    2.86 ^ clkbuf_2_3_2_clk_i/A (sky130_fd_sc_hd__buf_1)
                  0.17    0.18    3.04 ^ clkbuf_2_3_2_clk_i/X (sky130_fd_sc_hd__buf_1)
     1    0.01                           clknet_2_3_2_clk_i (net)
                  0.17    0.00    3.04 ^ clkbuf_2_3_3_clk_i/A (sky130_fd_sc_hd__buf_1)
                  0.10    0.15    3.19 ^ clkbuf_2_3_3_clk_i/X (sky130_fd_sc_hd__buf_1)
     1    0.01                           clknet_2_3_3_clk_i (net)
                  0.10    0.00    3.19 ^ clkbuf_2_3_4_clk_i/A (sky130_fd_sc_hd__buf_1)
                  0.16    0.18    3.37 ^ clkbuf_2_3_4_clk_i/X (sky130_fd_sc_hd__buf_1)
     1    0.01                           clknet_2_3_4_clk_i (net)
                  0.16    0.00    3.37 ^ clkbuf_2_3_5_clk_i/A (sky130_fd_sc_hd__buf_1)
                  0.12    0.16    3.53 ^ clkbuf_2_3_5_clk_i/X (sky130_fd_sc_hd__buf_1)
     1    0.01                           clknet_2_3_5_clk_i (net)
                  0.12    0.00    3.53 ^ clkbuf_2_3_6_clk_i/A (sky130_fd_sc_hd__buf_1)
                  0.70    0.55    4.08 ^ clkbuf_2_3_6_clk_i/X (sky130_fd_sc_hd__buf_1)
     2    0.06                           clknet_2_3_6_clk_i (net)
                  0.70    0.01    4.10 ^ clkbuf_3_6_0_clk_i/A (sky130_fd_sc_hd__buf_1)
                  0.11    0.20    4.30 ^ clkbuf_3_6_0_clk_i/X (sky130_fd_sc_hd__buf_1)
     1    0.01                           clknet_3_6_0_clk_i (net)
                  0.11    0.00    4.30 ^ clkbuf_3_6_1_clk_i/A (sky130_fd_sc_hd__buf_1)
                  0.15    0.17    4.47 ^ clkbuf_3_6_1_clk_i/X (sky130_fd_sc_hd__buf_1)
     1    0.01                           clknet_3_6_1_clk_i (net)
                  0.15    0.00    4.47 ^ clkbuf_3_6_2_clk_i/A (sky130_fd_sc_hd__buf_1)
                  0.10    0.15    4.62 ^ clkbuf_3_6_2_clk_i/X (sky130_fd_sc_hd__buf_1)
     1    0.01                           clknet_3_6_2_clk_i (net)
                  0.10    0.00    4.62 ^ clkbuf_3_6_3_clk_i/A (sky130_fd_sc_hd__buf_1)
                  0.07    0.11    4.73 ^ clkbuf_3_6_3_clk_i/X (sky130_fd_sc_hd__buf_1)
     1    0.01                           clknet_3_6_3_clk_i (net)
                  0.07    0.00    4.73 ^ clkbuf_3_6_4_clk_i/A (sky130_fd_sc_hd__buf_1)
                  0.41    0.34    5.07 ^ clkbuf_3_6_4_clk_i/X (sky130_fd_sc_hd__buf_1)
     2    0.03                           clknet_3_6_4_clk_i (net)
                  0.41    0.01    5.08 ^ clkbuf_4_12_0_clk_i/A (sky130_fd_sc_hd__buf_1)
                  0.16    0.22    5.29 ^ clkbuf_4_12_0_clk_i/X (sky130_fd_sc_hd__buf_1)
     1    0.01                           clknet_4_12_0_clk_i (net)
                  0.16    0.00    5.29 ^ clkbuf_4_12_1_clk_i/A (sky130_fd_sc_hd__buf_1)
                  0.10    0.15    5.44 ^ clkbuf_4_12_1_clk_i/X (sky130_fd_sc_hd__buf_1)
     1    0.01                           clknet_4_12_1_clk_i (net)
                  0.10    0.00    5.44 ^ clkbuf_4_12_2_clk_i/A (sky130_fd_sc_hd__buf_1)
                  0.10    0.13    5.58 ^ clkbuf_4_12_2_clk_i/X (sky130_fd_sc_hd__buf_1)
     1    0.01                           clknet_4_12_2_clk_i (net)
                  0.10    0.00    5.58 ^ clkbuf_4_12_3_clk_i/A (sky130_fd_sc_hd__buf_1)
                  2.08    1.49    7.07 ^ clkbuf_4_12_3_clk_i/X (sky130_fd_sc_hd__buf_1)
     8    0.18                           clknet_4_12_3_clk_i (net)
                  2.08    0.02    7.09 ^ _1294_/CLK (sky130_fd_sc_hd__dfxtp_4)
                  0.65    0.98    8.07 ^ _1294_/Q (sky130_fd_sc_hd__dfxtp_4)
     3    0.24                           in_fifo.unhardened_fifo.empty (net)
                  0.75    0.19    8.26 ^ _0427_/A (sky130_fd_sc_hd__or3b_4)
                  0.75    0.67    8.93 ^ _0427_/X (sky130_fd_sc_hd__or3b_4)
     5    0.23                           _0138_ (net)
                  0.75    0.00    8.93 ^ hold28/A (sky130_fd_sc_hd__buf_16)
                  0.19    0.24    9.18 ^ hold28/X (sky130_fd_sc_hd__buf_16)
     3    0.24                           net1084 (net)
                  0.34    0.13    9.31 ^ _0429_/A (sky130_fd_sc_hd__clkinv_16)
                  0.24    0.22    9.53 v _0429_/Y (sky130_fd_sc_hd__clkinv_16)
     6    0.33                           net629 (net)
                  0.30    0.09    9.61 v _0502_/A (sky130_fd_sc_hd__nand2_1)
                  0.15    0.23    9.84 ^ _0502_/Y (sky130_fd_sc_hd__nand2_1)
     1    0.01                           _0167_ (net)
                  0.15    0.00    9.84 ^ _0503_/B (sky130_fd_sc_hd__nand2_1)
                  0.12    0.13    9.97 v _0503_/Y (sky130_fd_sc_hd__nand2_1)
     1    0.01                           _0416_ (net)
                  0.12    0.00    9.97 v _1296_/A (sky130_fd_sc_hd__ha_1)
                  0.07    0.25   10.23 v _1296_/COUT (sky130_fd_sc_hd__ha_1)
     1    0.01                           _0418_ (net)
                  0.07    0.00   10.23 v _1297_/B (sky130_fd_sc_hd__ha_1)
                  0.05    0.19   10.41 v _1297_/COUT (sky130_fd_sc_hd__ha_1)
     1    0.00                           _0420_ (net)
                  0.05    0.00   10.41 v _1298_/B (sky130_fd_sc_hd__ha_1)
                  0.08    0.22   10.63 v _1298_/COUT (sky130_fd_sc_hd__ha_1)
     2    0.01                           _0422_ (net)
                  0.08    0.00   10.63 v _0867_/B (sky130_fd_sc_hd__and3_1)
                  0.05    0.19   10.82 v _0867_/X (sky130_fd_sc_hd__and3_1)
     1    0.01                           _0122_ (net)
                  0.05    0.00   10.82 v _0868_/C (sky130_fd_sc_hd__nor3_1)
                  0.25    0.19   11.01 ^ _0868_/Y (sky130_fd_sc_hd__nor3_1)
     1    0.01                           _0100_ (net)
                  0.25    0.00   11.01 ^ _1281_/D (sky130_fd_sc_hd__dfxtp_1)
                                 11.01   data arrival time

                        300.00  300.00   clock clk (rise edge)
                          0.00  300.00   clock source latency
                  0.00    0.00  300.00 ^ clk_i (in)
     1    0.10                           clk_i (net)
                  0.08    0.04  300.04 ^ repeater1/A (sky130_fd_sc_hd__buf_16)
                  0.14    0.17  300.21 ^ repeater1/X (sky130_fd_sc_hd__buf_16)
     1    0.24                           net1057 (net)
                  0.61    0.29  300.50 ^ clkbuf_0_clk_i/A (sky130_fd_sc_hd__buf_1)
                  0.16    0.23  300.73 ^ clkbuf_0_clk_i/X (sky130_fd_sc_hd__buf_1)
     2    0.01                           clknet_0_clk_i (net)
                  0.16    0.00  300.73 ^ clkbuf_1_0_0_clk_i/A (sky130_fd_sc_hd__buf_1)
                  0.15    0.18  300.92 ^ clkbuf_1_0_0_clk_i/X (sky130_fd_sc_hd__buf_1)
     1    0.01                           clknet_1_0_0_clk_i (net)
                  0.15    0.00  300.92 ^ clkbuf_1_0_1_clk_i/A (sky130_fd_sc_hd__buf_1)
                  0.10    0.14  301.06 ^ clkbuf_1_0_1_clk_i/X (sky130_fd_sc_hd__buf_1)
     1    0.01                           clknet_1_0_1_clk_i (net)
                  0.10    0.00  301.06 ^ clkbuf_1_0_2_clk_i/A (sky130_fd_sc_hd__buf_1)
                  0.16    0.18  301.24 ^ clkbuf_1_0_2_clk_i/X (sky130_fd_sc_hd__buf_1)
     1    0.01                           clknet_1_0_2_clk_i (net)
                  0.16    0.00  301.24 ^ clkbuf_1_0_3_clk_i/A (sky130_fd_sc_hd__buf_1)
                  0.10    0.14  301.38 ^ clkbuf_1_0_3_clk_i/X (sky130_fd_sc_hd__buf_1)
     1    0.01                           clknet_1_0_3_clk_i (net)
                  0.10    0.00  301.38 ^ clkbuf_1_0_4_clk_i/A (sky130_fd_sc_hd__buf_1)
                  0.15    0.17  301.55 ^ clkbuf_1_0_4_clk_i/X (sky130_fd_sc_hd__buf_1)
     1    0.01                           clknet_1_0_4_clk_i (net)
                  0.15    0.00  301.55 ^ clkbuf_1_0_5_clk_i/A (sky130_fd_sc_hd__buf_1)
                  0.10    0.14  301.70 ^ clkbuf_1_0_5_clk_i/X (sky130_fd_sc_hd__buf_1)
     1    0.01                           clknet_1_0_5_clk_i (net)
                  0.10    0.00  301.70 ^ clkbuf_1_0_6_clk_i/A (sky130_fd_sc_hd__buf_1)
                  0.16    0.17  301.87 ^ clkbuf_1_0_6_clk_i/X (sky130_fd_sc_hd__buf_1)
     1    0.01                           clknet_1_0_6_clk_i (net)
                  0.16    0.00  301.87 ^ clkbuf_1_0_7_clk_i/A (sky130_fd_sc_hd__buf_1)
                  0.07    0.13  302.00 ^ clkbuf_1_0_7_clk_i/X (sky130_fd_sc_hd__buf_1)
     1    0.01                           clknet_1_0_7_clk_i (net)
                  0.07    0.00  302.00 ^ clkbuf_1_0_8_clk_i/A (sky130_fd_sc_hd__buf_1)
                  0.51    0.41  302.41 ^ clkbuf_1_0_8_clk_i/X (sky130_fd_sc_hd__buf_1)
     2    0.04                           clknet_1_0_8_clk_i (net)
                  0.51    0.01  302.42 ^ clkbuf_2_1_0_clk_i/A (sky130_fd_sc_hd__buf_1)
                  0.16    0.22  302.64 ^ clkbuf_2_1_0_clk_i/X (sky130_fd_sc_hd__buf_1)
     1    0.01                           clknet_2_1_0_clk_i (net)
                  0.16    0.00  302.64 ^ clkbuf_2_1_1_clk_i/A (sky130_fd_sc_hd__buf_1)
                  0.11    0.15  302.79 ^ clkbuf_2_1_1_clk_i/X (sky130_fd_sc_hd__buf_1)
     1    0.01                           clknet_2_1_1_clk_i (net)
                  0.11    0.00  302.79 ^ clkbuf_2_1_2_clk_i/A (sky130_fd_sc_hd__buf_1)
                  0.16    0.18  302.97 ^ clkbuf_2_1_2_clk_i/X (sky130_fd_sc_hd__buf_1)
     1    0.01                           clknet_2_1_2_clk_i (net)
                  0.16    0.00  302.97 ^ clkbuf_2_1_3_clk_i/A (sky130_fd_sc_hd__buf_1)
                  0.10    0.14  303.11 ^ clkbuf_2_1_3_clk_i/X (sky130_fd_sc_hd__buf_1)
     1    0.01                           clknet_2_1_3_clk_i (net)
                  0.10    0.00  303.11 ^ clkbuf_2_1_4_clk_i/A (sky130_fd_sc_hd__buf_1)
                  0.24    0.23  303.34 ^ clkbuf_2_1_4_clk_i/X (sky130_fd_sc_hd__buf_1)
     1    0.02                           clknet_2_1_4_clk_i (net)
                  0.24    0.00  303.34 ^ clkbuf_2_1_5_clk_i/A (sky130_fd_sc_hd__buf_1)
                  0.11    0.17  303.51 ^ clkbuf_2_1_5_clk_i/X (sky130_fd_sc_hd__buf_1)
     1    0.01                           clknet_2_1_5_clk_i (net)
                  0.11    0.00  303.51 ^ clkbuf_2_1_6_clk_i/A (sky130_fd_sc_hd__buf_1)
                  0.42    0.36  303.87 ^ clkbuf_2_1_6_clk_i/X (sky130_fd_sc_hd__buf_1)
     2    0.04                           clknet_2_1_6_clk_i (net)
                  0.42    0.00  303.88 ^ clkbuf_3_3_0_clk_i/A (sky130_fd_sc_hd__buf_1)
                  0.10    0.18  304.05 ^ clkbuf_3_3_0_clk_i/X (sky130_fd_sc_hd__buf_1)
     1    0.01                           clknet_3_3_0_clk_i (net)
                  0.10    0.00  304.05 ^ clkbuf_3_3_1_clk_i/A (sky130_fd_sc_hd__buf_1)
                  0.15    0.17  304.23 ^ clkbuf_3_3_1_clk_i/X (sky130_fd_sc_hd__buf_1)
     1    0.01                           clknet_3_3_1_clk_i (net)
                  0.15    0.00  304.23 ^ clkbuf_3_3_2_clk_i/A (sky130_fd_sc_hd__buf_1)
                  0.10    0.14  304.37 ^ clkbuf_3_3_2_clk_i/X (sky130_fd_sc_hd__buf_1)
     1    0.01                           clknet_3_3_2_clk_i (net)
                  0.10    0.00  304.37 ^ clkbuf_3_3_3_clk_i/A (sky130_fd_sc_hd__buf_1)
                  0.07    0.11  304.48 ^ clkbuf_3_3_3_clk_i/X (sky130_fd_sc_hd__buf_1)
     1    0.00                           clknet_3_3_3_clk_i (net)
                  0.07    0.00  304.48 ^ clkbuf_3_3_4_clk_i/A (sky130_fd_sc_hd__buf_1)
                  0.36    0.31  304.79 ^ clkbuf_3_3_4_clk_i/X (sky130_fd_sc_hd__buf_1)
     2    0.03                           clknet_3_3_4_clk_i (net)
                  0.36    0.01  304.80 ^ clkbuf_4_6_0_clk_i/A (sky130_fd_sc_hd__buf_1)
                  0.23    0.26  305.06 ^ clkbuf_4_6_0_clk_i/X (sky130_fd_sc_hd__buf_1)
     1    0.02                           clknet_4_6_0_clk_i (net)
                  0.23    0.00  305.06 ^ clkbuf_4_6_1_clk_i/A (sky130_fd_sc_hd__buf_1)
                  0.13    0.18  305.23 ^ clkbuf_4_6_1_clk_i/X (sky130_fd_sc_hd__buf_1)
     1    0.01                           clknet_4_6_1_clk_i (net)
                  0.13    0.00  305.23 ^ clkbuf_4_6_2_clk_i/A (sky130_fd_sc_hd__buf_1)
                  0.13    0.16  305.40 ^ clkbuf_4_6_2_clk_i/X (sky130_fd_sc_hd__buf_1)
     1    0.01                           clknet_4_6_2_clk_i (net)
                  0.13    0.00  305.40 ^ clkbuf_4_6_3_clk_i/A (sky130_fd_sc_hd__buf_1)
                  0.40    0.35  305.75 ^ clkbuf_4_6_3_clk_i/X (sky130_fd_sc_hd__buf_1)
     9    0.03                           clknet_4_6_3_clk_i (net)
                  0.40    0.00  305.75 ^ _1281_/CLK (sky130_fd_sc_hd__dfxtp_1)
                          0.00  305.75   clock reconvergence pessimism
                         -0.05  305.70   library setup time
                                305.70   data required time
-----------------------------------------------------------------------------
                                305.70   data required time
                                -11.01   data arrival time
-----------------------------------------------------------------------------
                                294.70   slack (MET)



==========================================================================
finish report_check_types -max_slew -max_cap -max_fanout -violators
--------------------------------------------------------------------------
max slew

Pin                                    Limit    Slew   Slack
------------------------------------------------------------
_1249_/CLK                              1.50    3.46   -1.96 (VIOLATED)
_1261_/CLK                              1.50    3.45   -1.95 (VIOLATED)
_1250_/CLK                              1.50    3.45   -1.95 (VIOLATED)
_1197_/CLK                              1.50    3.45   -1.95 (VIOLATED)
_1229_/CLK                              1.50    3.45   -1.95 (VIOLATED)
_1253_/CLK                              1.50    3.45   -1.95 (VIOLATED)
_1191_/CLK                              1.50    3.45   -1.95 (VIOLATED)
_1216_/CLK                              1.50    3.45   -1.95 (VIOLATED)
_1184_/CLK                              1.50    3.45   -1.95 (VIOLATED)
_1203_/CLK                              1.50    3.45   -1.95 (VIOLATED)
clkbuf_4_10_3_clk_i/X                   1.51    3.45   -1.94 (VIOLATED)
_1270_/CLK                              1.50    3.42   -1.92 (VIOLATED)
_1238_/CLK                              1.50    3.42   -1.92 (VIOLATED)
_1235_/CLK                              1.50    3.42   -1.92 (VIOLATED)
_1194_/CLK                              1.50    3.42   -1.92 (VIOLATED)
_1226_/CLK                              1.50    3.42   -1.92 (VIOLATED)
clkbuf_4_8_3_clk_i/X                    1.51    3.42   -1.91 (VIOLATED)
_1260_/CLK                              1.50    3.28   -1.78 (VIOLATED)
_1256_/CLK                              1.50    3.28   -1.78 (VIOLATED)
_1252_/CLK                              1.50    3.28   -1.78 (VIOLATED)
_1263_/CLK                              1.50    3.28   -1.78 (VIOLATED)
_1213_/CLK                              1.50    3.27   -1.77 (VIOLATED)
clkbuf_4_2_3_clk_i/X                    1.51    3.27   -1.76 (VIOLATED)
_1183_/CLK                              1.50    2.63   -1.13 (VIOLATED)
_1259_/CLK                              1.50    2.63   -1.13 (VIOLATED)
_1257_/CLK                              1.50    2.63   -1.13 (VIOLATED)
_1255_/CLK                              1.50    2.63   -1.13 (VIOLATED)
_1251_/CLK                              1.50    2.63   -1.13 (VIOLATED)
_1200_/CLK                              1.50    2.63   -1.13 (VIOLATED)
_1232_/CLK                              1.50    2.63   -1.13 (VIOLATED)
clkbuf_4_4_3_clk_i/X                    1.51    2.63   -1.12 (VIOLATED)
_1223_/CLK                              1.50    2.61   -1.11 (VIOLATED)
_1188_/CLK                              1.50    2.61   -1.11 (VIOLATED)
_1220_/CLK                              1.50    2.61   -1.11 (VIOLATED)
_1262_/CLK                              1.50    2.61   -1.11 (VIOLATED)
_1266_/CLK                              1.50    2.61   -1.11 (VIOLATED)
_1265_/CLK                              1.50    2.61   -1.11 (VIOLATED)
_1214_/CLK                              1.50    2.61   -1.11 (VIOLATED)
_1182_/CLK                              1.50    2.61   -1.11 (VIOLATED)
clkbuf_4_11_3_clk_i/X                   1.51    2.61   -1.10 (VIOLATED)
_1205_/CLK                              1.50    2.51   -1.01 (VIOLATED)
_1237_/CLK                              1.50    2.51   -1.01 (VIOLATED)
_1217_/CLK                              1.50    2.51   -1.01 (VIOLATED)
_1185_/CLK                              1.50    2.51   -1.01 (VIOLATED)
_1271_/CLK                              1.50    2.51   -1.01 (VIOLATED)
_1292_/CLK                              1.50    2.51   -1.01 (VIOLATED)
_1289_/CLK                              1.50    2.51   -1.01 (VIOLATED)
_1291_/CLK                              1.50    2.51   -1.01 (VIOLATED)
_1293_/CLK                              1.50    2.51   -1.01 (VIOLATED)
_1290_/CLK                              1.50    2.51   -1.01 (VIOLATED)
_1288_/CLK                              1.50    2.51   -1.01 (VIOLATED)
_1247_/CLK                              1.50    2.51   -1.01 (VIOLATED)
clkbuf_4_13_3_clk_i/X                   1.51    2.51   -1.00 (VIOLATED)
_1258_/CLK                              1.50    2.48   -0.98 (VIOLATED)
_1246_/CLK                              1.50    2.48   -0.98 (VIOLATED)
_1264_/CLK                              1.50    2.48   -0.98 (VIOLATED)
_1272_/CLK                              1.50    2.48   -0.98 (VIOLATED)
_1273_/CLK                              1.50    2.48   -0.98 (VIOLATED)
clkbuf_4_0_3_clk_i/X                    1.51    2.48   -0.97 (VIOLATED)
_0636_/B                                1.50    2.40   -0.90 (VIOLATED)
_1254_/CLK                              1.50    2.26   -0.76 (VIOLATED)
_1278_/CLK                              1.50    2.26   -0.76 (VIOLATED)
_1221_/CLK                              1.50    2.26   -0.76 (VIOLATED)
_1189_/CLK                              1.50    2.26   -0.76 (VIOLATED)
_1215_/CLK                              1.50    2.26   -0.76 (VIOLATED)
_1233_/CLK                              1.50    2.26   -0.76 (VIOLATED)
_1201_/CLK                              1.50    2.26   -0.76 (VIOLATED)
clkbuf_4_7_3_clk_i/X                    1.51    2.26   -0.75 (VIOLATED)
_1195_/CLK                              1.50    2.12   -0.62 (VIOLATED)
_1227_/CLK                              1.50    2.12   -0.62 (VIOLATED)
_1236_/CLK                              1.50    2.12   -0.62 (VIOLATED)
_1204_/CLK                              1.50    2.12   -0.62 (VIOLATED)
_1181_/CLK                              1.50    2.12   -0.62 (VIOLATED)
_1211_/CLK                              1.50    2.12   -0.62 (VIOLATED)
_1243_/CLK                              1.50    2.12   -0.62 (VIOLATED)
clkbuf_4_3_3_clk_i/X                    1.51    2.12   -0.61 (VIOLATED)
_1207_/CLK                              1.50    2.08   -0.58 (VIOLATED)
_1239_/CLK                              1.50    2.08   -0.58 (VIOLATED)
_1208_/CLK                              1.50    2.08   -0.58 (VIOLATED)
_1240_/CLK                              1.50    2.08   -0.58 (VIOLATED)
_1294_/CLK                              1.50    2.08   -0.58 (VIOLATED)
_1287_/CLK                              1.50    2.08   -0.58 (VIOLATED)
_1190_/CLK                              1.50    2.08   -0.58 (VIOLATED)
_1222_/CLK                              1.50    2.08   -0.58 (VIOLATED)
clkbuf_4_12_3_clk_i/X                   1.51    2.08   -0.57 (VIOLATED)
_0634_/Y                                2.14    2.40   -0.26 (VIOLATED)
_1228_/CLK                              1.50    1.75   -0.25 (VIOLATED)
_1196_/CLK                              1.50    1.75   -0.25 (VIOLATED)
_1248_/CLK                              1.50    1.75   -0.25 (VIOLATED)
_1245_/CLK                              1.50    1.75   -0.25 (VIOLATED)
_1276_/CLK                              1.50    1.75   -0.25 (VIOLATED)
_1268_/CLK                              1.50    1.75   -0.25 (VIOLATED)
_1192_/CLK                              1.50    1.75   -0.25 (VIOLATED)
_1224_/CLK                              1.50    1.75   -0.25 (VIOLATED)
_0598_/A                                1.50    1.75   -0.25 (VIOLATED)
clkbuf_4_14_3_clk_i/X                   1.51    1.75   -0.24 (VIOLATED)
_1269_/CLK                              1.50    1.61   -0.11 (VIOLATED)
_1193_/CLK                              1.50    1.61   -0.11 (VIOLATED)
_1225_/CLK                              1.50    1.61   -0.11 (VIOLATED)
_1209_/CLK                              1.50    1.61   -0.11 (VIOLATED)
_1241_/CLK                              1.50    1.61   -0.11 (VIOLATED)
clkbuf_4_5_3_clk_i/X                    1.51    1.61   -0.10 (VIOLATED)
_1034_/A                                1.50    1.55   -0.05 (VIOLATED)
output483/A                             1.50    1.55   -0.05 (VIOLATED)
_1275_/CLK                              1.50    1.51   -0.01 (VIOLATED)
_1274_/CLK                              1.50    1.51   -0.01 (VIOLATED)
_1267_/CLK                              1.50    1.51   -0.01 (VIOLATED)
_1234_/CLK                              1.50    1.51   -0.01 (VIOLATED)
_1202_/CLK                              1.50    1.51   -0.01 (VIOLATED)
_1187_/CLK                              1.50    1.51   -0.01 (VIOLATED)
_1219_/CLK                              1.50    1.51   -0.01 (VIOLATED)
clkbuf_4_1_3_clk_i/X                    1.51    1.51   -0.00 (VIOLATED)

max capacitance

Pin                                    Limit     Cap   Slack
------------------------------------------------------------
clkbuf_4_10_3_clk_i/X                   0.13    0.30   -0.17 (VIOLATED)
clkbuf_4_8_3_clk_i/X                    0.13    0.30   -0.17 (VIOLATED)
clkbuf_4_2_3_clk_i/X                    0.13    0.29   -0.16 (VIOLATED)
clkbuf_4_4_3_clk_i/X                    0.13    0.23   -0.10 (VIOLATED)
clkbuf_4_11_3_clk_i/X                   0.13    0.23   -0.10 (VIOLATED)
clkbuf_4_13_3_clk_i/X                   0.13    0.22   -0.09 (VIOLATED)
clkbuf_4_0_3_clk_i/X                    0.13    0.22   -0.09 (VIOLATED)
clkbuf_4_7_3_clk_i/X                    0.13    0.20   -0.07 (VIOLATED)
clkbuf_4_3_3_clk_i/X                    0.13    0.19   -0.06 (VIOLATED)
clkbuf_4_12_3_clk_i/X                   0.13    0.18   -0.05 (VIOLATED)
clkbuf_4_14_3_clk_i/X                   0.13    0.15   -0.02 (VIOLATED)
clkbuf_4_5_3_clk_i/X                    0.13    0.14   -0.01 (VIOLATED)
_0634_/Y                                0.07    0.08   -0.01 (VIOLATED)
clkbuf_4_1_3_clk_i/X                    0.13    0.13   -0.00 (VIOLATED)


==========================================================================
finish max_slew_violation_count
--------------------------------------------------------------------------
max slew violation count 112

==========================================================================
finish max_fanout_violation_count
--------------------------------------------------------------------------
max fanout violation count 0

==========================================================================
finish max_cap_violation_count
--------------------------------------------------------------------------
max cap violation count 14

==========================================================================
finish report_tns
--------------------------------------------------------------------------
tns 0.00

==========================================================================
finish report_wns
--------------------------------------------------------------------------
wns 0.00

==========================================================================
finish report_worst_slack
--------------------------------------------------------------------------
worst slack 294.70

==========================================================================
finish report_clock_skew
--------------------------------------------------------------------------
Clock clk
Latency      CRPR       Skew
_1294_/CLK ^
   7.09
_1279_/CLK ^
   5.75      0.00       1.34


==========================================================================
finish report_power
--------------------------------------------------------------------------
Group                  Internal  Switching    Leakage      Total
                          Power      Power      Power      Power
----------------------------------------------------------------
Sequential             1.73e-05   2.19e-06   9.66e-10   1.95e-05  20.8%
Combinational          1.22e-05   6.20e-05   8.17e-09   7.42e-05  79.2%
Macro                  0.00e+00   0.00e+00   0.00e+00   0.00e+00   0.0%
Pad                    0.00e+00   0.00e+00   0.00e+00   0.00e+00   0.0%
----------------------------------------------------------------
Total                  2.96e-05   6.41e-05   9.14e-09   9.37e-05 100.0%
                          31.5%      68.4%       0.0%

==========================================================================
finish report_design_area
--------------------------------------------------------------------------
Design area 501458 u^2 5% utilization.

Elapsed time: 4:14.55[h:]min:sec. Average CPU: 88%. Peak memory: 2353760KB.
