OpenROAD 1 v2.0-880-gd1c7001ad
This program is licensed under the BSD-3 license. See the LICENSE file for details.
Components of this program may be licensed under more restrictive licenses which must be honored.
[INFO ODB-0222] Reading LEF file: ./platforms/sky130hd/lef/sky130_fd_sc_hd.tlef
[INFO ODB-0223]     Created 11 technology layers
[INFO ODB-0224]     Created 25 technology vias
[INFO ODB-0226] Finished LEF file:  ./platforms/sky130hd/lef/sky130_fd_sc_hd.tlef
[INFO ODB-0222] Reading LEF file: ./platforms/sky130hd/lef/sky130_fd_sc_hd_merged.lef
[INFO ODB-0225]     Created 437 library cells
[INFO ODB-0226] Finished LEF file:  ./platforms/sky130hd/lef/sky130_fd_sc_hd_merged.lef
[INFO ODB-0222] Reading LEF file: ./designs/sky130hd/bp_fe/fakeram130_512x64.lef
[INFO ODB-0225]     Created 1 library cells
[INFO ODB-0226] Finished LEF file:  ./designs/sky130hd/bp_fe/fakeram130_512x64.lef
[INFO ODB-0222] Reading LEF file: ./designs/sky130hd/bp_fe/fakeram130_64x15.lef
[INFO ODB-0225]     Created 1 library cells
[INFO ODB-0226] Finished LEF file:  ./designs/sky130hd/bp_fe/fakeram130_64x15.lef
[INFO ODB-0222] Reading LEF file: ./designs/sky130hd/bp_fe/fakeram130_64x7.lef
[INFO ODB-0225]     Created 1 library cells
[INFO ODB-0226] Finished LEF file:  ./designs/sky130hd/bp_fe/fakeram130_64x7.lef
[INFO ODB-0222] Reading LEF file: ./designs/sky130hd/bp_fe/fakeram130_64x96.lef
[INFO ODB-0225]     Created 1 library cells
[INFO ODB-0226] Finished LEF file:  ./designs/sky130hd/bp_fe/fakeram130_64x96.lef
[INFO ODB-0127] Reading DEF file: ./results/sky130hd/bp_fe/base/2_4_floorplan_macro.def
[INFO ODB-0128] Design: bp_fe_top
[INFO ODB-0130]     Created 2511 pins.
[INFO ODB-0131]     Created 21302 components and 130427 component-terminals.
[INFO ODB-0133]     Created 23350 nets and 87821 connections.
[INFO ODB-0134] Finished DEF file: ./results/sky130hd/bp_fe/base/2_4_floorplan_macro.def
[WARNING TAP-0014] endcap_cpp option is deprecated.
[INFO TAP-0001] Found 11 macro blocks.
[INFO TAP-0002] Original rows: 2943
[INFO TAP-0003] Created 3672 rows for a total of 6615 rows.
[INFO TAP-0005] Inserted 1121156 tapcells.
Elapsed time: 0:17.35[h:]min:sec. Average CPU: 54%. Peak memory: 469400KB.
