OpenROAD 1 v2.0-880-gd1c7001ad
This program is licensed under the BSD-3 license. See the LICENSE file for details.
Components of this program may be licensed under more restrictive licenses which must be honored.
[INFO ODB-0222] Reading LEF file: ./platforms/sky130hd/lef/sky130_fd_sc_hd.tlef
[INFO ODB-0223]     Created 11 technology layers
[INFO ODB-0224]     Created 25 technology vias
[INFO ODB-0226] Finished LEF file:  ./platforms/sky130hd/lef/sky130_fd_sc_hd.tlef
[INFO ODB-0222] Reading LEF file: ./platforms/sky130hd/lef/sky130_fd_sc_hd_merged.lef
[INFO ODB-0225]     Created 437 library cells
[INFO ODB-0226] Finished LEF file:  ./platforms/sky130hd/lef/sky130_fd_sc_hd_merged.lef
[INFO ODB-0222] Reading LEF file: ./designs/sky130hd/bp_fe/fakeram130_512x64.lef
[WARNING ODB-0176] error: undefined layer (OVERLAP) referenced
[INFO ODB-0225]     Created 1 library cells
[INFO ODB-0226] Finished LEF file:  ./designs/sky130hd/bp_fe/fakeram130_512x64.lef
[INFO ODB-0222] Reading LEF file: ./designs/sky130hd/bp_fe/fakeram130_64x15.lef
[WARNING ODB-0176] error: undefined layer (OVERLAP) referenced
[INFO ODB-0225]     Created 1 library cells
[INFO ODB-0226] Finished LEF file:  ./designs/sky130hd/bp_fe/fakeram130_64x15.lef
[INFO ODB-0222] Reading LEF file: ./designs/sky130hd/bp_fe/fakeram130_64x7.lef
[WARNING ODB-0176] error: undefined layer (OVERLAP) referenced
[INFO ODB-0225]     Created 1 library cells
[INFO ODB-0226] Finished LEF file:  ./designs/sky130hd/bp_fe/fakeram130_64x7.lef
[INFO ODB-0222] Reading LEF file: ./designs/sky130hd/bp_fe/fakeram130_64x96.lef
[WARNING ODB-0176] error: undefined layer (OVERLAP) referenced
[INFO ODB-0225]     Created 1 library cells
[INFO ODB-0226] Finished LEF file:  ./designs/sky130hd/bp_fe/fakeram130_64x96.lef
[INFO ODB-0127] Reading DEF file: ./results/sky130hd/bp_fe/base/3_2_place_iop.def
[INFO ODB-0128] Design: bp_fe_top
[INFO ODB-0094] 		Created 100000 Insts
[INFO ODB-0094] 		Created 200000 Insts
[INFO ODB-0130]     Created 2511 pins.
[INFO ODB-0131]     Created 224861 components and 537545 component-terminals.
[INFO ODB-0132]     Created 2 special nets and 449700 connections.
[INFO ODB-0133]     Created 23350 nets and 87821 connections.
[INFO ODB-0134] Finished DEF file: ./results/sky130hd/bp_fe/base/3_2_place_iop.def

==========================================================================
resizer pre report_checks -path_delay min
--------------------------------------------------------------------------
Startpoint: _37956_ (rising edge-triggered flip-flop clocked by CLK)
Endpoint: _40786_ (rising edge-triggered flip-flop clocked by CLK)
Path Group: CLK
Path Type: min

Fanout     Cap    Slew   Delay    Time   Description
-----------------------------------------------------------------------------
                  0.00    0.00    0.00   clock CLK (rise edge)
                          0.00    0.00   clock network delay (ideal)
                  0.00    0.00    0.00 ^ _37956_/CLK (sky130_fd_sc_hd__dfxtp_1)
                  0.04    0.28    0.28 ^ _37956_/Q (sky130_fd_sc_hd__dfxtp_1)
     1    0.00                           icache_1.itlb_icache_data_resp_i[1] (net)
                  0.04    0.00    0.28 ^ _35392_/B2 (sky130_fd_sc_hd__a22o_1)
                  0.04    0.11    0.39 ^ _35392_/X (sky130_fd_sc_hd__a22o_1)
     1    0.00                           _02821_ (net)
                  0.04    0.00    0.39 ^ _40786_/D (sky130_fd_sc_hd__dfxtp_1)
                                  0.39   data arrival time

                  0.00    0.00    0.00   clock CLK (rise edge)
                          0.00    0.00   clock network delay (ideal)
                          0.00    0.00   clock reconvergence pessimism
                                  0.00 ^ _40786_/CLK (sky130_fd_sc_hd__dfxtp_1)
                         -0.04   -0.04   library hold time
                                 -0.04   data required time
-----------------------------------------------------------------------------
                                 -0.04   data required time
                                 -0.39   data arrival time
-----------------------------------------------------------------------------
                                  0.42   slack (MET)



==========================================================================
resizer pre report_checks -path_delay max
--------------------------------------------------------------------------
Startpoint: _41966_ (rising edge-triggered flip-flop clocked by CLK)
Endpoint: _41665_ (rising edge-triggered flip-flop clocked by CLK)
Path Group: CLK
Path Type: max

Fanout     Cap    Slew   Delay    Time   Description
-----------------------------------------------------------------------------
                  0.00    0.00    0.00   clock CLK (rise edge)
                          0.00    0.00   clock network delay (ideal)
                  0.00    0.00    0.00 ^ _41966_/CLK (sky130_fd_sc_hd__dfxtp_1)
                 96.44   61.35   61.35 ^ _41966_/Q (sky130_fd_sc_hd__dfxtp_1)
  1026   10.37                           icache_1.lce.lce_cmd.N12 (net)
                 96.44    0.00   61.35 ^ _31302_/A1 (sky130_fd_sc_hd__a211o_1)
                 74.57   29.56   90.91 ^ _31302_/X (sky130_fd_sc_hd__a211o_1)
   513    8.83                           _16017_ (net)
                 74.59    1.21   92.12 ^ _31306_/B (sky130_fd_sc_hd__nor2_1)
                562.67 1669.67 1761.79 v _31306_/Y (sky130_fd_sc_hd__nor2_1)
   512    8.71                           _16021_ (net)
                562.67    7.18 1768.96 v _31568_/B1 (sky130_fd_sc_hd__a22o_1)
                 12.03  119.20 1888.16 v _31568_/X (sky130_fd_sc_hd__a22o_1)
     1    0.00                           _03700_ (net)
                 12.03    0.00 1888.16 v _41665_/D (sky130_fd_sc_hd__dfxtp_1)
                               1888.16   data arrival time

                  0.00   50.00   50.00   clock CLK (rise edge)
                          0.00   50.00   clock network delay (ideal)
                          0.00   50.00   clock reconvergence pessimism
                                 50.00 ^ _41665_/CLK (sky130_fd_sc_hd__dfxtp_1)
                         -3.80   46.20   library setup time
                                 46.20   data required time
-----------------------------------------------------------------------------
                                 46.20   data required time
                               -1888.16   data arrival time
-----------------------------------------------------------------------------
                               -1841.97   slack (VIOLATED)



==========================================================================
resizer pre report_checks -unconstrained
--------------------------------------------------------------------------
Startpoint: _41966_ (rising edge-triggered flip-flop clocked by CLK)
Endpoint: _41665_ (rising edge-triggered flip-flop clocked by CLK)
Path Group: CLK
Path Type: max

Fanout     Cap    Slew   Delay    Time   Description
-----------------------------------------------------------------------------
                  0.00    0.00    0.00   clock CLK (rise edge)
                          0.00    0.00   clock network delay (ideal)
                  0.00    0.00    0.00 ^ _41966_/CLK (sky130_fd_sc_hd__dfxtp_1)
                 96.44   61.35   61.35 ^ _41966_/Q (sky130_fd_sc_hd__dfxtp_1)
  1026   10.37                           icache_1.lce.lce_cmd.N12 (net)
                 96.44    0.00   61.35 ^ _31302_/A1 (sky130_fd_sc_hd__a211o_1)
                 74.57   29.56   90.91 ^ _31302_/X (sky130_fd_sc_hd__a211o_1)
   513    8.83                           _16017_ (net)
                 74.59    1.21   92.12 ^ _31306_/B (sky130_fd_sc_hd__nor2_1)
                562.67 1669.67 1761.79 v _31306_/Y (sky130_fd_sc_hd__nor2_1)
   512    8.71                           _16021_ (net)
                562.67    7.18 1768.96 v _31568_/B1 (sky130_fd_sc_hd__a22o_1)
                 12.03  119.20 1888.16 v _31568_/X (sky130_fd_sc_hd__a22o_1)
     1    0.00                           _03700_ (net)
                 12.03    0.00 1888.16 v _41665_/D (sky130_fd_sc_hd__dfxtp_1)
                               1888.16   data arrival time

                  0.00   50.00   50.00   clock CLK (rise edge)
                          0.00   50.00   clock network delay (ideal)
                          0.00   50.00   clock reconvergence pessimism
                                 50.00 ^ _41665_/CLK (sky130_fd_sc_hd__dfxtp_1)
                         -3.80   46.20   library setup time
                                 46.20   data required time
-----------------------------------------------------------------------------
                                 46.20   data required time
                               -1888.16   data arrival time
-----------------------------------------------------------------------------
                               -1841.97   slack (VIOLATED)



==========================================================================
resizer pre report_tns
--------------------------------------------------------------------------
tns -2051242.00

==========================================================================
resizer pre report_wns
--------------------------------------------------------------------------
wns -1841.97

==========================================================================
resizer pre report_worst_slack
--------------------------------------------------------------------------
worst slack -1841.97

==========================================================================
resizer pre report_clock_skew
--------------------------------------------------------------------------
Clock CLK
Latency      CRPR       Skew
bp_fe_pc_gen_1.genblk1_branch_prediction_1.btb_1.btb_mem.macro_mem.mem/clk ^
   0.02
_41335_/CLK ^
   0.00      0.00       0.01


==========================================================================
resizer pre report_power
--------------------------------------------------------------------------
Group                  Internal  Switching    Leakage      Total
                          Power      Power      Power      Power
----------------------------------------------------------------
Sequential             3.83e-03   5.97e-04   3.64e-08   4.43e-03  12.4%
Combinational          2.11e-02   6.16e-03   3.92e-03   3.11e-02  87.6%
Macro                  0.00e+00   0.00e+00   0.00e+00   0.00e+00   0.0%
Pad                    0.00e+00   0.00e+00   0.00e+00   0.00e+00   0.0%
----------------------------------------------------------------
Total                  2.49e-02   6.76e-03   3.92e-03   3.56e-02 100.0%
                          70.0%      19.0%      11.0%

==========================================================================
resizer pre report_design_area
--------------------------------------------------------------------------
Design area 3319219 u^2 18% utilization.


==========================================================================
instance_count
--------------------------------------------------------------------------
224861

==========================================================================
pin_count
--------------------------------------------------------------------------
87823

Perform port buffering...
[INFO RSZ-0027] Inserted 1172 input buffers.
[INFO RSZ-0028] Inserted 735 output buffers.
Perform buffer insertion...
[INFO RSZ-0058] Using max wire length 2431um.
[INFO RSZ-0034] Found 12802 slew violations.
[INFO RSZ-0036] Found 715 capacitance violations.
[INFO RSZ-0037] Found 891 long wires.
[INFO RSZ-0038] Inserted 2520 buffers in 13055 nets.
[INFO RSZ-0039] Resized 10408 instances.
Repair tie lo fanout...
[INFO RSZ-0042] Inserted 540 tie sky130_fd_sc_hd__conb_1 instances.
Repair tie hi fanout...
[INFO RSZ-0042] Inserted 524 tie sky130_fd_sc_hd__conb_1 instances.

==========================================================================
report_floating_nets
--------------------------------------------------------------------------

==========================================================================
resizer report_checks -path_delay min
--------------------------------------------------------------------------
Startpoint: _37956_ (rising edge-triggered flip-flop clocked by CLK)
Endpoint: _40786_ (rising edge-triggered flip-flop clocked by CLK)
Path Group: CLK
Path Type: min

Fanout     Cap    Slew   Delay    Time   Description
-----------------------------------------------------------------------------
                  0.00    0.00    0.00   clock CLK (rise edge)
                          0.00    0.00   clock network delay (ideal)
                  0.00    0.00    0.00 ^ _37956_/CLK (sky130_fd_sc_hd__dfxtp_1)
                  0.04    0.28    0.28 ^ _37956_/Q (sky130_fd_sc_hd__dfxtp_1)
     1    0.00                           icache_1.itlb_icache_data_resp_i[1] (net)
                  0.04    0.00    0.28 ^ _35392_/B2 (sky130_fd_sc_hd__a22o_1)
                  0.04    0.10    0.39 ^ _35392_/X (sky130_fd_sc_hd__a22o_1)
     1    0.00                           _02821_ (net)
                  0.04    0.00    0.39 ^ _40786_/D (sky130_fd_sc_hd__dfxtp_4)
                                  0.39   data arrival time

                  0.00    0.00    0.00   clock CLK (rise edge)
                          0.00    0.00   clock network delay (ideal)
                          0.00    0.00   clock reconvergence pessimism
                                  0.00 ^ _40786_/CLK (sky130_fd_sc_hd__dfxtp_4)
                         -0.04   -0.04   library hold time
                                 -0.04   data required time
-----------------------------------------------------------------------------
                                 -0.04   data required time
                                 -0.39   data arrival time
-----------------------------------------------------------------------------
                                  0.42   slack (MET)



==========================================================================
resizer report_checks -path_delay max
--------------------------------------------------------------------------
Startpoint: _40790_ (rising edge-triggered flip-flop clocked by CLK)
Endpoint: _41399_ (rising edge-triggered flip-flop clocked by CLK)
Path Group: CLK
Path Type: max

Fanout     Cap    Slew   Delay    Time   Description
-----------------------------------------------------------------------------
                  0.00    0.00    0.00   clock CLK (rise edge)
                          0.00    0.00   clock network delay (ideal)
                  0.00    0.00    0.00 ^ _40790_/CLK (sky130_fd_sc_hd__dfxtp_4)
                  0.96    0.81    0.81 ^ _40790_/Q (sky130_fd_sc_hd__dfxtp_4)
    10    0.34                           icache_1.addr_tv_r[17] (net)
                  1.07    0.25    1.06 ^ _18211_/A (sky130_fd_sc_hd__inv_8)
                  0.24    0.20    1.26 v _18211_/Y (sky130_fd_sc_hd__inv_8)
     6    0.12                           _04331_ (net)
                  0.25    0.03    1.29 v _18292_/A (sky130_fd_sc_hd__nor2_1)
                  0.23    0.29    1.58 ^ _18292_/Y (sky130_fd_sc_hd__nor2_1)
     2    0.01                           _04412_ (net)
                  0.23    0.00    1.58 ^ _18295_/B (sky130_fd_sc_hd__nor4_2)
                  0.10    0.12    1.70 v _18295_/Y (sky130_fd_sc_hd__nor4_2)
     1    0.01                           _04415_ (net)
                  0.10    0.00    1.70 v _18296_/D1 (sky130_fd_sc_hd__o2111ai_4)
                  0.24    0.11    1.81 ^ _18296_/Y (sky130_fd_sc_hd__o2111ai_4)
     1    0.02                           _04416_ (net)
                  0.24    0.00    1.81 ^ _18297_/D (sky130_fd_sc_hd__nor4_4)
                  0.14    0.15    1.95 v _18297_/Y (sky130_fd_sc_hd__nor4_4)
     1    0.07                           _04417_ (net)
                  0.14    0.02    1.97 v _18298_/B1 (sky130_fd_sc_hd__a41oi_4)
                  0.57    0.52    2.49 ^ _18298_/Y (sky130_fd_sc_hd__a41oi_4)
     2    0.07                           _04418_ (net)
                  0.57    0.01    2.50 ^ _18299_/C (sky130_fd_sc_hd__nand3_4)
                  0.21    0.25    2.75 v _18299_/Y (sky130_fd_sc_hd__nand3_4)
     3    0.05                           _04419_ (net)
                  0.21    0.01    2.76 v _18317_/B (sky130_fd_sc_hd__or3_4)
                  0.16    0.55    3.31 v _18317_/X (sky130_fd_sc_hd__or3_4)
     3    0.08                           _04437_ (net)
                  0.16    0.00    3.31 v _18353_/A (sky130_fd_sc_hd__nor3_4)
                  0.69    0.64    3.95 ^ _18353_/Y (sky130_fd_sc_hd__nor3_4)
     2    0.07                           _04473_ (net)
                  0.69    0.00    3.95 ^ _19228_/B (sky130_fd_sc_hd__or2_4)
                  0.78    0.75    4.70 ^ _19228_/X (sky130_fd_sc_hd__or2_4)
     3    0.27                           _05334_ (net)
                  0.79    0.03    4.73 ^ _19229_/B (sky130_fd_sc_hd__xor2_4)
                  0.32    0.37    5.10 v _19229_/X (sky130_fd_sc_hd__xor2_4)
     4    0.08                           _05335_ (net)
                  0.32    0.01    5.11 v _19282_/A (sky130_fd_sc_hd__nor2_8)
                  1.20    0.87    5.98 ^ _19282_/Y (sky130_fd_sc_hd__nor2_8)
    11    0.34                           _05388_ (net)
                  1.20    0.00    5.98 ^ repeater2151/A (sky130_fd_sc_hd__buf_16)
                  0.34    0.32    6.29 ^ repeater2151/X (sky130_fd_sc_hd__buf_16)
    12    0.35                           net2151 (net)
                  0.42    0.12    6.41 ^ repeater2149/A (sky130_fd_sc_hd__buf_16)
                  0.30    0.29    6.70 ^ repeater2149/X (sky130_fd_sc_hd__buf_16)
    12    0.35                           net2149 (net)
                  0.33    0.06    6.76 ^ repeater2148/A (sky130_fd_sc_hd__buf_16)
                  0.27    0.24    7.00 ^ repeater2148/X (sky130_fd_sc_hd__buf_16)
     9    0.33                           net2148 (net)
                  0.52    0.21    7.21 ^ repeater2147/A (sky130_fd_sc_hd__buf_16)
                  0.24    0.26    7.47 ^ repeater2147/X (sky130_fd_sc_hd__buf_16)
     8    0.25                           net2147 (net)
                  0.32    0.10    7.57 ^ repeater2146/A (sky130_fd_sc_hd__buf_12)
                  0.24    0.25    7.82 ^ repeater2146/X (sky130_fd_sc_hd__buf_12)
     6    0.21                           net2146 (net)
                  0.28    0.08    7.90 ^ _19348_/C1 (sky130_fd_sc_hd__a222oi_1)
                  0.16    0.18    8.08 v _19348_/Y (sky130_fd_sc_hd__a222oi_1)
     1    0.01                           _05452_ (net)
                  0.16    0.00    8.08 v _19350_/B (sky130_fd_sc_hd__and3_4)
                  0.09    0.28    8.36 v _19350_/X (sky130_fd_sc_hd__and3_4)
     1    0.05                           _05454_ (net)
                  0.09    0.01    8.37 v _19355_/A2 (sky130_fd_sc_hd__a21oi_4)
                  0.62    0.53    8.90 ^ _19355_/Y (sky130_fd_sc_hd__a21oi_4)
     1    0.09                           net1226 (net)
                  0.62    0.03    8.93 ^ repeater2007/A (sky130_fd_sc_hd__buf_12)
                  0.22    0.30    9.22 ^ repeater2007/X (sky130_fd_sc_hd__buf_12)
     2    0.21                           net2007 (net)
                  0.22    0.02    9.24 ^ _19366_/B (sky130_fd_sc_hd__nand3b_4)
                  0.81    0.58    9.82 v _19366_/Y (sky130_fd_sc_hd__nand3b_4)
     4    0.26                           _05468_ (net)
                  0.91    0.21   10.04 v _19529_/A (sky130_fd_sc_hd__nor4_4)
                  0.94    1.08   11.11 ^ _19529_/Y (sky130_fd_sc_hd__nor4_4)
     3    0.07                           _05604_ (net)
                  0.94    0.00   11.11 ^ repeater1924/A (sky130_fd_sc_hd__buf_4)
                  0.19    0.36   11.47 ^ repeater1924/X (sky130_fd_sc_hd__buf_4)
     5    0.07                           net1924 (net)
                  0.19    0.01   11.48 ^ repeater1923/A (sky130_fd_sc_hd__buf_8)
                  0.18    0.22   11.70 ^ repeater1923/X (sky130_fd_sc_hd__buf_8)
     4    0.11                           net1923 (net)
                  0.19    0.03   11.73 ^ _37376_/A (sky130_fd_sc_hd__and2_0)
                  0.13    0.20   11.94 ^ _37376_/X (sky130_fd_sc_hd__and2_0)
     1    0.01                           _17917_ (net)
                  0.13    0.00   11.94 ^ _42306_/A (sky130_fd_sc_hd__ha_1)
                  0.18    0.26   12.20 ^ _42306_/COUT (sky130_fd_sc_hd__ha_1)
     1    0.02                           _17769_ (net)
                  0.18    0.00   12.20 ^ _42269_/B (sky130_fd_sc_hd__fa_2)
                  0.12    0.27   12.47 ^ _42269_/COUT (sky130_fd_sc_hd__fa_2)
     2    0.02                           _17770_ (net)
                  0.12    0.00   12.47 ^ _19457_/A1 (sky130_fd_sc_hd__a21o_1)
                  0.10    0.17   12.64 ^ _19457_/X (sky130_fd_sc_hd__a21o_1)
     1    0.01                           _05547_ (net)
                  0.10    0.00   12.64 ^ _19458_/A2 (sky130_fd_sc_hd__a21oi_4)
                  0.08    0.10   12.74 v _19458_/Y (sky130_fd_sc_hd__a21oi_4)
     2    0.03                           _17778_ (net)
                  0.08    0.00   12.75 v _19475_/A2 (sky130_fd_sc_hd__o21bai_2)
                  0.19    0.19   12.94 ^ _19475_/Y (sky130_fd_sc_hd__o21bai_2)
     1    0.01                           _05561_ (net)
                  0.19    0.00   12.94 ^ _19476_/A2 (sky130_fd_sc_hd__a21oi_4)
                  0.09    0.12   13.06 v _19476_/Y (sky130_fd_sc_hd__a21oi_4)
     2    0.03                           _17783_ (net)
                  0.09    0.00   13.06 v _19479_/A2 (sky130_fd_sc_hd__o21bai_1)
                  0.21    0.21   13.28 ^ _19479_/Y (sky130_fd_sc_hd__o21bai_1)
     1    0.01                           _05563_ (net)
                  0.21    0.00   13.28 ^ _19480_/A2 (sky130_fd_sc_hd__a21o_4)
                  0.13    0.22   13.50 ^ _19480_/X (sky130_fd_sc_hd__a21o_4)
     2    0.04                           _17788_ (net)
                  0.13    0.01   13.51 ^ _19494_/A2 (sky130_fd_sc_hd__a21oi_1)
                  0.08    0.12   13.62 v _19494_/Y (sky130_fd_sc_hd__a21oi_1)
     1    0.01                           _05573_ (net)
                  0.08    0.00   13.62 v _19495_/A2 (sky130_fd_sc_hd__o21bai_2)
                  0.22    0.22   13.84 ^ _19495_/Y (sky130_fd_sc_hd__o21bai_2)
     2    0.02                           _05574_ (net)
                  0.22    0.00   13.84 ^ _19534_/A2 (sky130_fd_sc_hd__a21oi_2)
                  0.07    0.11   13.95 v _19534_/Y (sky130_fd_sc_hd__a21oi_2)
     1    0.01                           _05607_ (net)
                  0.07    0.00   13.95 v _19535_/A2 (sky130_fd_sc_hd__o21bai_2)
                  0.21    0.21   14.16 ^ _19535_/Y (sky130_fd_sc_hd__o21bai_2)
     2    0.02                           _05608_ (net)
                  0.21    0.00   14.16 ^ _19551_/A2 (sky130_fd_sc_hd__a21oi_1)
                  0.10    0.15   14.31 v _19551_/Y (sky130_fd_sc_hd__a21oi_1)
     1    0.01                           _05619_ (net)
                  0.10    0.00   14.31 v _19552_/A2 (sky130_fd_sc_hd__o21bai_4)
                  0.35    0.32   14.62 ^ _19552_/Y (sky130_fd_sc_hd__o21bai_4)
     2    0.05                           _05620_ (net)
                  0.35    0.01   14.63 ^ _19555_/A2 (sky130_fd_sc_hd__a21o_1)
                  0.14    0.25   14.88 ^ _19555_/X (sky130_fd_sc_hd__a21o_1)
     1    0.02                           _05621_ (net)
                  0.14    0.00   14.88 ^ _19556_/A2 (sky130_fd_sc_hd__a21oi_4)
                  0.08    0.11   14.99 v _19556_/Y (sky130_fd_sc_hd__a21oi_4)
     3    0.03                           _05622_ (net)
                  0.08    0.00   14.99 v _19577_/A (sky130_fd_sc_hd__nor3_4)
                  0.57    0.52   15.51 ^ _19577_/Y (sky130_fd_sc_hd__nor3_4)
     3    0.05                           _05634_ (net)
                  0.57    0.01   15.51 ^ _19588_/A1 (sky130_fd_sc_hd__o211ai_4)
                  0.19    0.25   15.76 v _19588_/Y (sky130_fd_sc_hd__o211ai_4)
     2    0.05                           _05641_ (net)
                  0.19    0.01   15.77 v _19598_/A1 (sky130_fd_sc_hd__a211oi_4)
                  0.50    0.52   16.28 ^ _19598_/Y (sky130_fd_sc_hd__a211oi_4)
     3    0.04                           _05647_ (net)
                  0.50    0.00   16.29 ^ _19610_/A1 (sky130_fd_sc_hd__o211ai_4)
                  0.16    0.21   16.50 v _19610_/Y (sky130_fd_sc_hd__o211ai_4)
     3    0.03                           _05655_ (net)
                  0.16    0.00   16.50 v _19621_/A1 (sky130_fd_sc_hd__a211o_4)
                  0.14    0.47   16.97 v _19621_/X (sky130_fd_sc_hd__a211o_4)
     2    0.08                           _05662_ (net)
                  0.15    0.02   16.99 v _19632_/A1 (sky130_fd_sc_hd__a211o_4)
                  0.10    0.42   17.41 v _19632_/X (sky130_fd_sc_hd__a211o_4)
     2    0.04                           _05669_ (net)
                  0.10    0.00   17.41 v _19643_/A1 (sky130_fd_sc_hd__a211oi_4)
                  0.73    0.66   18.07 ^ _19643_/Y (sky130_fd_sc_hd__a211oi_4)
     2    0.07                           _05676_ (net)
                  0.73    0.01   18.08 ^ _19648_/A1 (sky130_fd_sc_hd__o211a_2)
                  0.14    0.36   18.44 ^ _19648_/X (sky130_fd_sc_hd__o211a_2)
     2    0.02                           _05679_ (net)
                  0.14    0.00   18.44 ^ _19655_/A3 (sky130_fd_sc_hd__a31o_4)
                  0.22    0.30   18.74 ^ _19655_/X (sky130_fd_sc_hd__a31o_4)
     2    0.07                           _17872_ (net)
                  0.22    0.01   18.75 ^ _19658_/A2 (sky130_fd_sc_hd__a21oi_1)
                  0.10    0.15   18.90 v _19658_/Y (sky130_fd_sc_hd__a21oi_1)
     1    0.01                           _05685_ (net)
                  0.10    0.00   18.90 v _19659_/A2 (sky130_fd_sc_hd__o21ba_4)
                  0.07    0.26   19.16 v _19659_/X (sky130_fd_sc_hd__o21ba_4)
     2    0.04                           _17875_ (net)
                  0.08    0.00   19.16 v _19662_/A2 (sky130_fd_sc_hd__o21bai_4)
                  0.22    0.21   19.38 ^ _19662_/Y (sky130_fd_sc_hd__o21bai_4)
     1    0.03                           _05687_ (net)
                  0.22    0.00   19.38 ^ _19663_/A2 (sky130_fd_sc_hd__a21oi_4)
                  0.21    0.22   19.60 v _19663_/Y (sky130_fd_sc_hd__a21oi_4)
     2    0.10                           _17879_ (net)
                  0.22    0.03   19.63 v _19666_/A2 (sky130_fd_sc_hd__o21bai_2)
                  0.19    0.24   19.88 ^ _19666_/Y (sky130_fd_sc_hd__o21bai_2)
     1    0.01                           _05689_ (net)
                  0.19    0.00   19.88 ^ _19667_/A2 (sky130_fd_sc_hd__a21oi_4)
                  0.10    0.13   20.01 v _19667_/Y (sky130_fd_sc_hd__a21oi_4)
     2    0.04                           _17883_ (net)
                  0.10    0.00   20.01 v _19670_/A2 (sky130_fd_sc_hd__o21bai_2)
                  0.18    0.19   20.20 ^ _19670_/Y (sky130_fd_sc_hd__o21bai_2)
     1    0.01                           _05691_ (net)
                  0.18    0.00   20.20 ^ _19671_/A2 (sky130_fd_sc_hd__a21oi_4)
                  0.09    0.12   20.32 v _19671_/Y (sky130_fd_sc_hd__a21oi_4)
     2    0.03                           _17887_ (net)
                  0.09    0.00   20.32 v _19674_/A2 (sky130_fd_sc_hd__o21bai_1)
                  0.13    0.15   20.48 ^ _19674_/Y (sky130_fd_sc_hd__o21bai_1)
     1    0.00                           _05693_ (net)
                  0.13    0.00   20.48 ^ _19675_/A2 (sky130_fd_sc_hd__a21o_2)
                  0.15    0.23   20.71 ^ _19675_/X (sky130_fd_sc_hd__a21o_2)
     2    0.03                           _05694_ (net)
                  0.15    0.00   20.71 ^ _19678_/A2 (sky130_fd_sc_hd__a21o_1)
                  0.06    0.15   20.86 ^ _19678_/X (sky130_fd_sc_hd__a21o_1)
     1    0.01                           _05695_ (net)
                  0.06    0.00   20.86 ^ _19679_/A2 (sky130_fd_sc_hd__a21oi_2)
                  0.10    0.10   20.96 v _19679_/Y (sky130_fd_sc_hd__a21oi_2)
     2    0.02                           _17895_ (net)
                  0.10    0.00   20.96 v _19682_/A2 (sky130_fd_sc_hd__o21bai_2)
                  0.20    0.20   21.16 ^ _19682_/Y (sky130_fd_sc_hd__o21bai_2)
     1    0.01                           _05697_ (net)
                  0.20    0.00   21.16 ^ _19683_/A2 (sky130_fd_sc_hd__a21oi_4)
                  0.08    0.11   21.28 v _19683_/Y (sky130_fd_sc_hd__a21oi_4)
     1    0.02                           _17899_ (net)
                  0.08    0.00   21.28 v _42300_/B (sky130_fd_sc_hd__fa_4)
                  0.13    0.55   21.83 v _42300_/COUT (sky130_fd_sc_hd__fa_4)
     1    0.03                           _17901_ (net)
                  0.13    0.00   21.84 v _36742_/B (sky130_fd_sc_hd__xnor2_1)
                  0.17    0.20   22.04 ^ _36742_/Y (sky130_fd_sc_hd__xnor2_1)
     1    0.01                           _17518_ (net)
                  0.17    0.00   22.04 ^ _36743_/B (sky130_fd_sc_hd__xnor2_1)
                  0.15    0.15   22.18 ^ _36743_/Y (sky130_fd_sc_hd__xnor2_1)
     1    0.00                           _17519_ (net)
                  0.15    0.00   22.18 ^ _36747_/A2 (sky130_fd_sc_hd__o211ai_1)
                  0.16    0.12   22.30 v _36747_/Y (sky130_fd_sc_hd__o211ai_1)
     1    0.01                           _17523_ (net)
                  0.16    0.00   22.30 v _36748_/C1 (sky130_fd_sc_hd__a222oi_1)
                  0.42    0.37   22.67 ^ _36748_/Y (sky130_fd_sc_hd__a222oi_1)
     1    0.01                           _17524_ (net)
                  0.42    0.00   22.67 ^ _36749_/B (sky130_fd_sc_hd__nand2_1)
                  0.08    0.10   22.77 v _36749_/Y (sky130_fd_sc_hd__nand2_1)
     1    0.00                           _03434_ (net)
                  0.08    0.00   22.77 v _41399_/D (sky130_fd_sc_hd__dfxtp_2)
                                 22.77   data arrival time

                  0.00   50.00   50.00   clock CLK (rise edge)
                          0.00   50.00   clock network delay (ideal)
                          0.00   50.00   clock reconvergence pessimism
                                 50.00 ^ _41399_/CLK (sky130_fd_sc_hd__dfxtp_2)
                         -0.14   49.86   library setup time
                                 49.86   data required time
-----------------------------------------------------------------------------
                                 49.86   data required time
                                -22.77   data arrival time
-----------------------------------------------------------------------------
                                 27.09   slack (MET)



==========================================================================
resizer report_checks -unconstrained
--------------------------------------------------------------------------
Startpoint: _40790_ (rising edge-triggered flip-flop clocked by CLK)
Endpoint: _41399_ (rising edge-triggered flip-flop clocked by CLK)
Path Group: CLK
Path Type: max

Fanout     Cap    Slew   Delay    Time   Description
-----------------------------------------------------------------------------
                  0.00    0.00    0.00   clock CLK (rise edge)
                          0.00    0.00   clock network delay (ideal)
                  0.00    0.00    0.00 ^ _40790_/CLK (sky130_fd_sc_hd__dfxtp_4)
                  0.96    0.81    0.81 ^ _40790_/Q (sky130_fd_sc_hd__dfxtp_4)
    10    0.34                           icache_1.addr_tv_r[17] (net)
                  1.07    0.25    1.06 ^ _18211_/A (sky130_fd_sc_hd__inv_8)
                  0.24    0.20    1.26 v _18211_/Y (sky130_fd_sc_hd__inv_8)
     6    0.12                           _04331_ (net)
                  0.25    0.03    1.29 v _18292_/A (sky130_fd_sc_hd__nor2_1)
                  0.23    0.29    1.58 ^ _18292_/Y (sky130_fd_sc_hd__nor2_1)
     2    0.01                           _04412_ (net)
                  0.23    0.00    1.58 ^ _18295_/B (sky130_fd_sc_hd__nor4_2)
                  0.10    0.12    1.70 v _18295_/Y (sky130_fd_sc_hd__nor4_2)
     1    0.01                           _04415_ (net)
                  0.10    0.00    1.70 v _18296_/D1 (sky130_fd_sc_hd__o2111ai_4)
                  0.24    0.11    1.81 ^ _18296_/Y (sky130_fd_sc_hd__o2111ai_4)
     1    0.02                           _04416_ (net)
                  0.24    0.00    1.81 ^ _18297_/D (sky130_fd_sc_hd__nor4_4)
                  0.14    0.15    1.95 v _18297_/Y (sky130_fd_sc_hd__nor4_4)
     1    0.07                           _04417_ (net)
                  0.14    0.02    1.97 v _18298_/B1 (sky130_fd_sc_hd__a41oi_4)
                  0.57    0.52    2.49 ^ _18298_/Y (sky130_fd_sc_hd__a41oi_4)
     2    0.07                           _04418_ (net)
                  0.57    0.01    2.50 ^ _18299_/C (sky130_fd_sc_hd__nand3_4)
                  0.21    0.25    2.75 v _18299_/Y (sky130_fd_sc_hd__nand3_4)
     3    0.05                           _04419_ (net)
                  0.21    0.01    2.76 v _18317_/B (sky130_fd_sc_hd__or3_4)
                  0.16    0.55    3.31 v _18317_/X (sky130_fd_sc_hd__or3_4)
     3    0.08                           _04437_ (net)
                  0.16    0.00    3.31 v _18353_/A (sky130_fd_sc_hd__nor3_4)
                  0.69    0.64    3.95 ^ _18353_/Y (sky130_fd_sc_hd__nor3_4)
     2    0.07                           _04473_ (net)
                  0.69    0.00    3.95 ^ _19228_/B (sky130_fd_sc_hd__or2_4)
                  0.78    0.75    4.70 ^ _19228_/X (sky130_fd_sc_hd__or2_4)
     3    0.27                           _05334_ (net)
                  0.79    0.03    4.73 ^ _19229_/B (sky130_fd_sc_hd__xor2_4)
                  0.32    0.37    5.10 v _19229_/X (sky130_fd_sc_hd__xor2_4)
     4    0.08                           _05335_ (net)
                  0.32    0.01    5.11 v _19282_/A (sky130_fd_sc_hd__nor2_8)
                  1.20    0.87    5.98 ^ _19282_/Y (sky130_fd_sc_hd__nor2_8)
    11    0.34                           _05388_ (net)
                  1.20    0.00    5.98 ^ repeater2151/A (sky130_fd_sc_hd__buf_16)
                  0.34    0.32    6.29 ^ repeater2151/X (sky130_fd_sc_hd__buf_16)
    12    0.35                           net2151 (net)
                  0.42    0.12    6.41 ^ repeater2149/A (sky130_fd_sc_hd__buf_16)
                  0.30    0.29    6.70 ^ repeater2149/X (sky130_fd_sc_hd__buf_16)
    12    0.35                           net2149 (net)
                  0.33    0.06    6.76 ^ repeater2148/A (sky130_fd_sc_hd__buf_16)
                  0.27    0.24    7.00 ^ repeater2148/X (sky130_fd_sc_hd__buf_16)
     9    0.33                           net2148 (net)
                  0.52    0.21    7.21 ^ repeater2147/A (sky130_fd_sc_hd__buf_16)
                  0.24    0.26    7.47 ^ repeater2147/X (sky130_fd_sc_hd__buf_16)
     8    0.25                           net2147 (net)
                  0.32    0.10    7.57 ^ repeater2146/A (sky130_fd_sc_hd__buf_12)
                  0.24    0.25    7.82 ^ repeater2146/X (sky130_fd_sc_hd__buf_12)
     6    0.21                           net2146 (net)
                  0.28    0.08    7.90 ^ _19348_/C1 (sky130_fd_sc_hd__a222oi_1)
                  0.16    0.18    8.08 v _19348_/Y (sky130_fd_sc_hd__a222oi_1)
     1    0.01                           _05452_ (net)
                  0.16    0.00    8.08 v _19350_/B (sky130_fd_sc_hd__and3_4)
                  0.09    0.28    8.36 v _19350_/X (sky130_fd_sc_hd__and3_4)
     1    0.05                           _05454_ (net)
                  0.09    0.01    8.37 v _19355_/A2 (sky130_fd_sc_hd__a21oi_4)
                  0.62    0.53    8.90 ^ _19355_/Y (sky130_fd_sc_hd__a21oi_4)
     1    0.09                           net1226 (net)
                  0.62    0.03    8.93 ^ repeater2007/A (sky130_fd_sc_hd__buf_12)
                  0.22    0.30    9.22 ^ repeater2007/X (sky130_fd_sc_hd__buf_12)
     2    0.21                           net2007 (net)
                  0.22    0.02    9.24 ^ _19366_/B (sky130_fd_sc_hd__nand3b_4)
                  0.81    0.58    9.82 v _19366_/Y (sky130_fd_sc_hd__nand3b_4)
     4    0.26                           _05468_ (net)
                  0.91    0.21   10.04 v _19529_/A (sky130_fd_sc_hd__nor4_4)
                  0.94    1.08   11.11 ^ _19529_/Y (sky130_fd_sc_hd__nor4_4)
     3    0.07                           _05604_ (net)
                  0.94    0.00   11.11 ^ repeater1924/A (sky130_fd_sc_hd__buf_4)
                  0.19    0.36   11.47 ^ repeater1924/X (sky130_fd_sc_hd__buf_4)
     5    0.07                           net1924 (net)
                  0.19    0.01   11.48 ^ repeater1923/A (sky130_fd_sc_hd__buf_8)
                  0.18    0.22   11.70 ^ repeater1923/X (sky130_fd_sc_hd__buf_8)
     4    0.11                           net1923 (net)
                  0.19    0.03   11.73 ^ _37376_/A (sky130_fd_sc_hd__and2_0)
                  0.13    0.20   11.94 ^ _37376_/X (sky130_fd_sc_hd__and2_0)
     1    0.01                           _17917_ (net)
                  0.13    0.00   11.94 ^ _42306_/A (sky130_fd_sc_hd__ha_1)
                  0.18    0.26   12.20 ^ _42306_/COUT (sky130_fd_sc_hd__ha_1)
     1    0.02                           _17769_ (net)
                  0.18    0.00   12.20 ^ _42269_/B (sky130_fd_sc_hd__fa_2)
                  0.12    0.27   12.47 ^ _42269_/COUT (sky130_fd_sc_hd__fa_2)
     2    0.02                           _17770_ (net)
                  0.12    0.00   12.47 ^ _19457_/A1 (sky130_fd_sc_hd__a21o_1)
                  0.10    0.17   12.64 ^ _19457_/X (sky130_fd_sc_hd__a21o_1)
     1    0.01                           _05547_ (net)
                  0.10    0.00   12.64 ^ _19458_/A2 (sky130_fd_sc_hd__a21oi_4)
                  0.08    0.10   12.74 v _19458_/Y (sky130_fd_sc_hd__a21oi_4)
     2    0.03                           _17778_ (net)
                  0.08    0.00   12.75 v _19475_/A2 (sky130_fd_sc_hd__o21bai_2)
                  0.19    0.19   12.94 ^ _19475_/Y (sky130_fd_sc_hd__o21bai_2)
     1    0.01                           _05561_ (net)
                  0.19    0.00   12.94 ^ _19476_/A2 (sky130_fd_sc_hd__a21oi_4)
                  0.09    0.12   13.06 v _19476_/Y (sky130_fd_sc_hd__a21oi_4)
     2    0.03                           _17783_ (net)
                  0.09    0.00   13.06 v _19479_/A2 (sky130_fd_sc_hd__o21bai_1)
                  0.21    0.21   13.28 ^ _19479_/Y (sky130_fd_sc_hd__o21bai_1)
     1    0.01                           _05563_ (net)
                  0.21    0.00   13.28 ^ _19480_/A2 (sky130_fd_sc_hd__a21o_4)
                  0.13    0.22   13.50 ^ _19480_/X (sky130_fd_sc_hd__a21o_4)
     2    0.04                           _17788_ (net)
                  0.13    0.01   13.51 ^ _19494_/A2 (sky130_fd_sc_hd__a21oi_1)
                  0.08    0.12   13.62 v _19494_/Y (sky130_fd_sc_hd__a21oi_1)
     1    0.01                           _05573_ (net)
                  0.08    0.00   13.62 v _19495_/A2 (sky130_fd_sc_hd__o21bai_2)
                  0.22    0.22   13.84 ^ _19495_/Y (sky130_fd_sc_hd__o21bai_2)
     2    0.02                           _05574_ (net)
                  0.22    0.00   13.84 ^ _19534_/A2 (sky130_fd_sc_hd__a21oi_2)
                  0.07    0.11   13.95 v _19534_/Y (sky130_fd_sc_hd__a21oi_2)
     1    0.01                           _05607_ (net)
                  0.07    0.00   13.95 v _19535_/A2 (sky130_fd_sc_hd__o21bai_2)
                  0.21    0.21   14.16 ^ _19535_/Y (sky130_fd_sc_hd__o21bai_2)
     2    0.02                           _05608_ (net)
                  0.21    0.00   14.16 ^ _19551_/A2 (sky130_fd_sc_hd__a21oi_1)
                  0.10    0.15   14.31 v _19551_/Y (sky130_fd_sc_hd__a21oi_1)
     1    0.01                           _05619_ (net)
                  0.10    0.00   14.31 v _19552_/A2 (sky130_fd_sc_hd__o21bai_4)
                  0.35    0.32   14.62 ^ _19552_/Y (sky130_fd_sc_hd__o21bai_4)
     2    0.05                           _05620_ (net)
                  0.35    0.01   14.63 ^ _19555_/A2 (sky130_fd_sc_hd__a21o_1)
                  0.14    0.25   14.88 ^ _19555_/X (sky130_fd_sc_hd__a21o_1)
     1    0.02                           _05621_ (net)
                  0.14    0.00   14.88 ^ _19556_/A2 (sky130_fd_sc_hd__a21oi_4)
                  0.08    0.11   14.99 v _19556_/Y (sky130_fd_sc_hd__a21oi_4)
     3    0.03                           _05622_ (net)
                  0.08    0.00   14.99 v _19577_/A (sky130_fd_sc_hd__nor3_4)
                  0.57    0.52   15.51 ^ _19577_/Y (sky130_fd_sc_hd__nor3_4)
     3    0.05                           _05634_ (net)
                  0.57    0.01   15.51 ^ _19588_/A1 (sky130_fd_sc_hd__o211ai_4)
                  0.19    0.25   15.76 v _19588_/Y (sky130_fd_sc_hd__o211ai_4)
     2    0.05                           _05641_ (net)
                  0.19    0.01   15.77 v _19598_/A1 (sky130_fd_sc_hd__a211oi_4)
                  0.50    0.52   16.28 ^ _19598_/Y (sky130_fd_sc_hd__a211oi_4)
     3    0.04                           _05647_ (net)
                  0.50    0.00   16.29 ^ _19610_/A1 (sky130_fd_sc_hd__o211ai_4)
                  0.16    0.21   16.50 v _19610_/Y (sky130_fd_sc_hd__o211ai_4)
     3    0.03                           _05655_ (net)
                  0.16    0.00   16.50 v _19621_/A1 (sky130_fd_sc_hd__a211o_4)
                  0.14    0.47   16.97 v _19621_/X (sky130_fd_sc_hd__a211o_4)
     2    0.08                           _05662_ (net)
                  0.15    0.02   16.99 v _19632_/A1 (sky130_fd_sc_hd__a211o_4)
                  0.10    0.42   17.41 v _19632_/X (sky130_fd_sc_hd__a211o_4)
     2    0.04                           _05669_ (net)
                  0.10    0.00   17.41 v _19643_/A1 (sky130_fd_sc_hd__a211oi_4)
                  0.73    0.66   18.07 ^ _19643_/Y (sky130_fd_sc_hd__a211oi_4)
     2    0.07                           _05676_ (net)
                  0.73    0.01   18.08 ^ _19648_/A1 (sky130_fd_sc_hd__o211a_2)
                  0.14    0.36   18.44 ^ _19648_/X (sky130_fd_sc_hd__o211a_2)
     2    0.02                           _05679_ (net)
                  0.14    0.00   18.44 ^ _19655_/A3 (sky130_fd_sc_hd__a31o_4)
                  0.22    0.30   18.74 ^ _19655_/X (sky130_fd_sc_hd__a31o_4)
     2    0.07                           _17872_ (net)
                  0.22    0.01   18.75 ^ _19658_/A2 (sky130_fd_sc_hd__a21oi_1)
                  0.10    0.15   18.90 v _19658_/Y (sky130_fd_sc_hd__a21oi_1)
     1    0.01                           _05685_ (net)
                  0.10    0.00   18.90 v _19659_/A2 (sky130_fd_sc_hd__o21ba_4)
                  0.07    0.26   19.16 v _19659_/X (sky130_fd_sc_hd__o21ba_4)
     2    0.04                           _17875_ (net)
                  0.08    0.00   19.16 v _19662_/A2 (sky130_fd_sc_hd__o21bai_4)
                  0.22    0.21   19.38 ^ _19662_/Y (sky130_fd_sc_hd__o21bai_4)
     1    0.03                           _05687_ (net)
                  0.22    0.00   19.38 ^ _19663_/A2 (sky130_fd_sc_hd__a21oi_4)
                  0.21    0.22   19.60 v _19663_/Y (sky130_fd_sc_hd__a21oi_4)
     2    0.10                           _17879_ (net)
                  0.22    0.03   19.63 v _19666_/A2 (sky130_fd_sc_hd__o21bai_2)
                  0.19    0.24   19.88 ^ _19666_/Y (sky130_fd_sc_hd__o21bai_2)
     1    0.01                           _05689_ (net)
                  0.19    0.00   19.88 ^ _19667_/A2 (sky130_fd_sc_hd__a21oi_4)
                  0.10    0.13   20.01 v _19667_/Y (sky130_fd_sc_hd__a21oi_4)
     2    0.04                           _17883_ (net)
                  0.10    0.00   20.01 v _19670_/A2 (sky130_fd_sc_hd__o21bai_2)
                  0.18    0.19   20.20 ^ _19670_/Y (sky130_fd_sc_hd__o21bai_2)
     1    0.01                           _05691_ (net)
                  0.18    0.00   20.20 ^ _19671_/A2 (sky130_fd_sc_hd__a21oi_4)
                  0.09    0.12   20.32 v _19671_/Y (sky130_fd_sc_hd__a21oi_4)
     2    0.03                           _17887_ (net)
                  0.09    0.00   20.32 v _19674_/A2 (sky130_fd_sc_hd__o21bai_1)
                  0.13    0.15   20.48 ^ _19674_/Y (sky130_fd_sc_hd__o21bai_1)
     1    0.00                           _05693_ (net)
                  0.13    0.00   20.48 ^ _19675_/A2 (sky130_fd_sc_hd__a21o_2)
                  0.15    0.23   20.71 ^ _19675_/X (sky130_fd_sc_hd__a21o_2)
     2    0.03                           _05694_ (net)
                  0.15    0.00   20.71 ^ _19678_/A2 (sky130_fd_sc_hd__a21o_1)
                  0.06    0.15   20.86 ^ _19678_/X (sky130_fd_sc_hd__a21o_1)
     1    0.01                           _05695_ (net)
                  0.06    0.00   20.86 ^ _19679_/A2 (sky130_fd_sc_hd__a21oi_2)
                  0.10    0.10   20.96 v _19679_/Y (sky130_fd_sc_hd__a21oi_2)
     2    0.02                           _17895_ (net)
                  0.10    0.00   20.96 v _19682_/A2 (sky130_fd_sc_hd__o21bai_2)
                  0.20    0.20   21.16 ^ _19682_/Y (sky130_fd_sc_hd__o21bai_2)
     1    0.01                           _05697_ (net)
                  0.20    0.00   21.16 ^ _19683_/A2 (sky130_fd_sc_hd__a21oi_4)
                  0.08    0.11   21.28 v _19683_/Y (sky130_fd_sc_hd__a21oi_4)
     1    0.02                           _17899_ (net)
                  0.08    0.00   21.28 v _42300_/B (sky130_fd_sc_hd__fa_4)
                  0.13    0.55   21.83 v _42300_/COUT (sky130_fd_sc_hd__fa_4)
     1    0.03                           _17901_ (net)
                  0.13    0.00   21.84 v _36742_/B (sky130_fd_sc_hd__xnor2_1)
                  0.17    0.20   22.04 ^ _36742_/Y (sky130_fd_sc_hd__xnor2_1)
     1    0.01                           _17518_ (net)
                  0.17    0.00   22.04 ^ _36743_/B (sky130_fd_sc_hd__xnor2_1)
                  0.15    0.15   22.18 ^ _36743_/Y (sky130_fd_sc_hd__xnor2_1)
     1    0.00                           _17519_ (net)
                  0.15    0.00   22.18 ^ _36747_/A2 (sky130_fd_sc_hd__o211ai_1)
                  0.16    0.12   22.30 v _36747_/Y (sky130_fd_sc_hd__o211ai_1)
     1    0.01                           _17523_ (net)
                  0.16    0.00   22.30 v _36748_/C1 (sky130_fd_sc_hd__a222oi_1)
                  0.42    0.37   22.67 ^ _36748_/Y (sky130_fd_sc_hd__a222oi_1)
     1    0.01                           _17524_ (net)
                  0.42    0.00   22.67 ^ _36749_/B (sky130_fd_sc_hd__nand2_1)
                  0.08    0.10   22.77 v _36749_/Y (sky130_fd_sc_hd__nand2_1)
     1    0.00                           _03434_ (net)
                  0.08    0.00   22.77 v _41399_/D (sky130_fd_sc_hd__dfxtp_2)
                                 22.77   data arrival time

                  0.00   50.00   50.00   clock CLK (rise edge)
                          0.00   50.00   clock network delay (ideal)
                          0.00   50.00   clock reconvergence pessimism
                                 50.00 ^ _41399_/CLK (sky130_fd_sc_hd__dfxtp_2)
                         -0.14   49.86   library setup time
                                 49.86   data required time
-----------------------------------------------------------------------------
                                 49.86   data required time
                                -22.77   data arrival time
-----------------------------------------------------------------------------
                                 27.09   slack (MET)



==========================================================================
resizer report_check_types -max_slew -max_cap -max_fanout -violators
--------------------------------------------------------------------------
max slew

Pin                                    Limit    Slew   Slack
------------------------------------------------------------
_22985_/C                               1.50    1.52   -0.02 (VIOLATED)
output1377/A                            1.50    1.51   -0.01 (VIOLATED)
output1725/A                            1.50    1.51   -0.01 (VIOLATED)
output1397/A                            1.50    1.51   -0.01 (VIOLATED)
output1416/A                            1.50    1.51   -0.01 (VIOLATED)

max capacitance

Pin                                    Limit     Cap   Slack
------------------------------------------------------------
_18705_/Y                               0.11    0.11   -0.00 (VIOLATED)


==========================================================================
resizer max_slew_violation_count
--------------------------------------------------------------------------
max slew violation count 5

==========================================================================
resizer max_fanout_violation_count
--------------------------------------------------------------------------
max fanout violation count 0

==========================================================================
resizer max_cap_violation_count
--------------------------------------------------------------------------
max cap violation count 1

==========================================================================
resizer report_tns
--------------------------------------------------------------------------
tns -7.95

==========================================================================
resizer report_wns
--------------------------------------------------------------------------
wns 0.00

==========================================================================
resizer report_worst_slack
--------------------------------------------------------------------------
worst slack 27.09

==========================================================================
resizer report_clock_skew
--------------------------------------------------------------------------
Clock CLK
Latency      CRPR       Skew
bp_fe_pc_gen_1.genblk1_branch_prediction_1.btb_1.btb_mem.macro_mem.mem/clk ^
   0.02
_41335_/CLK ^
   0.00      0.00       0.01


==========================================================================
resizer report_power
--------------------------------------------------------------------------
Group                  Internal  Switching    Leakage      Total
                          Power      Power      Power      Power
----------------------------------------------------------------
Sequential             3.80e-03   3.39e-04   3.65e-08   4.14e-03  12.7%
Combinational          1.90e-02   5.46e-03   3.92e-03   2.84e-02  87.3%
Macro                  0.00e+00   0.00e+00   0.00e+00   0.00e+00   0.0%
Pad                    0.00e+00   0.00e+00   0.00e+00   0.00e+00   0.0%
----------------------------------------------------------------
Total                  2.28e-02   5.80e-03   3.92e-03   3.25e-02 100.0%
                          70.1%      17.8%      12.1%

==========================================================================
resizer report_design_area
--------------------------------------------------------------------------
Design area 3465301 u^2 19% utilization.


==========================================================================
instance_count
--------------------------------------------------------------------------
230350

==========================================================================
pin_count
--------------------------------------------------------------------------
98801

Elapsed time: 1:10.23[h:]min:sec. Average CPU: 84%. Peak memory: 793020KB.
